[ 2017-08-21T12:28:36+08:00 ] ::1 /hzaulab/index.php/Home/Room/room_show2_two
INFO: [ app_init ] --START--
INFO: Run Behavior\BuildLiteBehavior [ RunTime:0.000036s ]
INFO: [ app_init ] --END-- [ RunTime:0.000820s ]
INFO: [ app_begin ] --START--
INFO: Run Behavior\ReadHtmlCacheBehavior [ RunTime:0.001537s ]
INFO: [ app_begin ] --END-- [ RunTime:0.001721s ]
INFO: [ view_parse ] --START--
INFO: [ template_filter ] --START--
INFO: Run Behavior\ContentReplaceBehavior [ RunTime:0.000591s ]
INFO: [ template_filter ] --END-- [ RunTime:0.000998s ]
INFO: Run Behavior\ParseTemplateBehavior [ RunTime:0.031693s ]
INFO: [ view_parse ] --END-- [ RunTime:0.031843s ]
INFO: [ view_filter ] --START--
INFO: Run Behavior\WriteHtmlCacheBehavior [ RunTime:0.000438s ]
INFO: [ view_filter ] --END-- [ RunTime:0.000551s ]
INFO: [ app_end ] --START--
INFO: Run Behavior\ShowPageTraceBehavior [ RunTime:0.001001s ]
INFO: [ app_end ] --END-- [ RunTime:0.001212s ]

[ 2017-08-21T12:28:39+08:00 ] ::1 /hzaulab/index.php/Home/Room/room_show1
INFO: [ app_init ] --START--
INFO: Run Behavior\BuildLiteBehavior [ RunTime:0.000081s ]
INFO: [ app_init ] --END-- [ RunTime:0.001537s ]
INFO: [ app_begin ] --START--
INFO: Run Behavior\ReadHtmlCacheBehavior [ RunTime:0.001869s ]
INFO: [ app_begin ] --END-- [ RunTime:0.002286s ]
INFO: [ view_parse ] --START--
INFO: [ template_filter ] --START--
INFO: Run Behavior\ContentReplaceBehavior [ RunTime:0.001006s ]
INFO: [ template_filter ] --END-- [ RunTime:0.001429s ]
INFO: Run Behavior\ParseTemplateBehavior [ RunTime:0.132836s ]
INFO: [ view_parse ] --END-- [ RunTime:0.133260s ]
INFO: [ view_filter ] --START--
INFO: Run Behavior\WriteHtmlCacheBehavior [ RunTime:0.001256s ]
INFO: [ view_filter ] --END-- [ RunTime:0.001636s ]
INFO: [ app_end ] --START--
INFO: Run Behavior\ShowPageTraceBehavior [ RunTime:0.003779s ]
INFO: [ app_end ] --END-- [ RunTime:0.004561s ]

[ 2017-08-21T12:29:30+08:00 ] ::1 /hzaulab/index.php/Home/Room/room_show1
INFO: [ app_init ] --START--
INFO: Run Behavior\BuildLiteBehavior [ RunTime:0.000042s ]
INFO: [ app_init ] --END-- [ RunTime:0.000639s ]
INFO: [ app_begin ] --START--
INFO: Run Behavior\ReadHtmlCacheBehavior [ RunTime:0.001702s ]
INFO: [ app_begin ] --END-- [ RunTime:0.002056s ]
INFO: [ view_parse ] --START--
INFO: [ template_filter ] --START--
INFO: Run Behavior\ContentReplaceBehavior [ RunTime:0.000335s ]
INFO: [ template_filter ] --END-- [ RunTime:0.000480s ]
INFO: Run Behavior\ParseTemplateBehavior [ RunTime:0.031472s ]
INFO: [ view_parse ] --END-- [ RunTime:0.031663s ]
INFO: [ view_filter ] --START--
INFO: Run Behavior\WriteHtmlCacheBehavior [ RunTime:0.000556s ]
INFO: [ view_filter ] --END-- [ RunTime:0.000760s ]
INFO: [ app_end ] --START--
INFO: Run Behavior\ShowPageTraceBehavior [ RunTime:0.001276s ]
INFO: [ app_end ] --END-- [ RunTime:0.001561s ]

[ 2017-08-21T12:30:58+08:00 ] ::1 /hzaulab/index.php/Home/Room/room_show1
INFO: [ app_init ] --START--
INFO: Run Behavior\BuildLiteBehavior [ RunTime:0.000067s ]
INFO: [ app_init ] --END-- [ RunTime:0.001012s ]
INFO: [ app_begin ] --START--
INFO: Run Behavior\ReadHtmlCacheBehavior [ RunTime:0.001244s ]
INFO: [ app_begin ] --END-- [ RunTime:0.001518s ]
ERR: 无法加载数据库驱动: Think\Db\Driver\

[ 2017-08-21T12:31:28+08:00 ] ::1 /hzaulab/index.php/Home/Room/room_show1
INFO: [ app_init ] --START--
INFO: Run Behavior\BuildLiteBehavior [ RunTime:0.000045s ]
INFO: [ app_init ] --END-- [ RunTime:0.000704s ]

[ 2017-08-21T12:31:29+08:00 ] ::1 /hzaulab/index.php/Home/Room/room_show1
INFO: [ app_init ] --START--
INFO: Run Behavior\BuildLiteBehavior [ RunTime:0.000056s ]
INFO: [ app_init ] --END-- [ RunTime:0.001193s ]

[ 2017-08-21T12:31:31+08:00 ] ::1 /hzaulab/index.php/Home/Room/room_show1
INFO: [ app_init ] --START--
INFO: Run Behavior\BuildLiteBehavior [ RunTime:0.000029s ]
INFO: [ app_init ] --END-- [ RunTime:0.000470s ]

[ 2017-08-21T12:31:32+08:00 ] ::1 /hzaulab/index.php/Home/Room/room_show1
INFO: [ app_init ] --START--
INFO: Run Behavior\BuildLiteBehavior [ RunTime:0.000060s ]
INFO: [ app_init ] --END-- [ RunTime:0.000976s ]

[ 2017-08-21T12:31:34+08:00 ] ::1 /hzaulab/index.php/Home/Room/room_show1
INFO: [ app_init ] --START--
INFO: Run Behavior\BuildLiteBehavior [ RunTime:0.000051s ]
INFO: [ app_init ] --END-- [ RunTime:0.000852s ]

[ 2017-08-21T12:31:37+08:00 ] ::1 /hzaulab/index.php/Home/Room/room_show1
INFO: [ app_init ] --START--
INFO: Run Behavior\BuildLiteBehavior [ RunTime:0.000132s ]
INFO: [ app_init ] --END-- [ RunTime:0.001736s ]

[ 2017-08-21T12:31:48+08:00 ] ::1 /hzaulab/index.php/Home/Room/room_show1
INFO: [ app_init ] --START--
INFO: Run Behavior\BuildLiteBehavior [ RunTime:0.000025s ]
INFO: [ app_init ] --END-- [ RunTime:0.000486s ]

[ 2017-08-21T12:32:10+08:00 ] ::1 /hzaulab/index.php/Home/Room/room_show1
INFO: [ app_init ] --START--
INFO: Run Behavior\BuildLiteBehavior [ RunTime:0.000029s ]
INFO: [ app_init ] --END-- [ RunTime:0.000449s ]

[ 2017-08-21T12:32:11+08:00 ] ::1 /hzaulab/index.php/Home/Room/room_show1
INFO: [ app_init ] --START--
INFO: Run Behavior\BuildLiteBehavior [ RunTime:0.000084s ]
INFO: [ app_init ] --END-- [ RunTime:0.001465s ]

[ 2017-08-21T12:32:11+08:00 ] ::1 /hzaulab/index.php/Home/Room/room_show1
INFO: [ app_init ] --START--
INFO: Run Behavior\BuildLiteBehavior [ RunTime:0.000026s ]
INFO: [ app_init ] --END-- [ RunTime:0.000402s ]

[ 2017-08-21T12:32:12+08:00 ] ::1 /hzaulab/index.php/Home/Room/room_show1
INFO: [ app_init ] --START--
INFO: Run Behavior\BuildLiteBehavior [ RunTime:0.000055s ]
INFO: [ app_init ] --END-- [ RunTime:0.001388s ]

[ 2017-08-21T12:32:12+08:00 ] ::1 /hzaulab/index.php/Home/Room/room_show1
INFO: [ app_init ] --START--
INFO: Run Behavior\BuildLiteBehavior [ RunTime:0.000024s ]
INFO: [ app_init ] --END-- [ RunTime:0.000400s ]

[ 2017-08-21T12:32:39+08:00 ] ::1 /hzaulab/index.php/Home/Room/room_show1
INFO: [ app_init ] --START--
INFO: Run Behavior\BuildLiteBehavior [ RunTime:0.000054s ]
INFO: [ app_init ] --END-- [ RunTime:0.001288s ]

[ 2017-08-21T12:32:39+08:00 ] ::1 /hzaulab/index.php/Home/Room/room_show1
INFO: [ app_init ] --START--
INFO: Run Behavior\BuildLiteBehavior [ RunTime:0.000083s ]
INFO: [ app_init ] --END-- [ RunTime:0.001499s ]

[ 2017-08-21T12:32:50+08:00 ] ::1 /hzaulab/index.php/Home/Room/room_show1
INFO: [ app_init ] --START--
INFO: Run Behavior\BuildLiteBehavior [ RunTime:0.000028s ]
INFO: [ app_init ] --END-- [ RunTime:0.000452s ]

[ 2017-08-21T12:32:51+08:00 ] ::1 /hzaulab/index.php/Home/Room/room_show1
INFO: [ app_init ] --START--
INFO: Run Behavior\BuildLiteBehavior [ RunTime:0.000050s ]
INFO: [ app_init ] --END-- [ RunTime:0.000792s ]

[ 2017-08-21T12:32:53+08:00 ] ::1 /hzaulab/index.php/Home/Room/room_show1_two
INFO: [ app_init ] --START--
INFO: Run Behavior\BuildLiteBehavior [ RunTime:0.000051s ]
INFO: [ app_init ] --END-- [ RunTime:0.000838s ]

[ 2017-08-21T12:32:55+08:00 ] ::1 /hzaulab/index.php/Home/Room/room_show1
INFO: [ app_init ] --START--
INFO: Run Behavior\BuildLiteBehavior [ RunTime:0.000080s ]
INFO: [ app_init ] --END-- [ RunTime:0.001492s ]

[ 2017-08-21T12:32:56+08:00 ] ::1 /hzaulab/index.php/Home/Room/room_show1_two
INFO: [ app_init ] --START--
INFO: Run Behavior\BuildLiteBehavior [ RunTime:0.000081s ]
INFO: [ app_init ] --END-- [ RunTime:0.001283s ]

[ 2017-08-21T12:32:59+08:00 ] ::1 /hzaulab/index.php/Home/Room/room_show1
INFO: [ app_init ] --START--
INFO: Run Behavior\BuildLiteBehavior [ RunTime:0.000052s ]
INFO: [ app_init ] --END-- [ RunTime:0.000897s ]

[ 2017-08-21T12:33:00+08:00 ] ::1 /hzaulab/index.php/Home/Room/room_show2
INFO: [ app_init ] --START--
INFO: Run Behavior\BuildLiteBehavior [ RunTime:0.000027s ]
INFO: [ app_init ] --END-- [ RunTime:0.000439s ]

[ 2017-08-21T12:33:03+08:00 ] ::1 /hzaulab/index.php/Home/Room/room_show2_two
INFO: [ app_init ] --START--
INFO: Run Behavior\BuildLiteBehavior [ RunTime:0.000082s ]
INFO: [ app_init ] --END-- [ RunTime:0.001297s ]

[ 2017-08-21T12:33:07+08:00 ] ::1 /hzaulab/index.php/Home/Room/room_show2
INFO: [ app_init ] --START--
INFO: Run Behavior\BuildLiteBehavior [ RunTime:0.000081s ]
INFO: [ app_init ] --END-- [ RunTime:0.001299s ]

[ 2017-08-21T12:33:08+08:00 ] ::1 /hzaulab/index.php/Home/Room/room_show1
INFO: [ app_init ] --START--
INFO: Run Behavior\BuildLiteBehavior [ RunTime:0.000050s ]
INFO: [ app_init ] --END-- [ RunTime:0.000801s ]

[ 2017-08-21T12:33:40+08:00 ] ::1 /hzaulab/index.php/Home/Room/room_show1
INFO: [ app_init ] --START--
INFO: Run Behavior\BuildLiteBehavior [ RunTime:0.000081s ]
INFO: [ app_init ] --END-- [ RunTime:0.001369s ]

[ 2017-08-21T12:33:41+08:00 ] ::1 /hzaulab/index.php/Home/Room/room_show1
INFO: [ app_init ] --START--
INFO: Run Behavior\BuildLiteBehavior [ RunTime:0.000081s ]
INFO: [ app_init ] --END-- [ RunTime:0.001413s ]

[ 2017-08-21T12:33:53+08:00 ] ::1 /hzaulab/index.php/Home/Room/room_show1
INFO: [ app_init ] --START--
INFO: Run Behavior\BuildLiteBehavior [ RunTime:0.000051s ]
INFO: [ app_init ] --END-- [ RunTime:0.000907s ]

[ 2017-08-21T12:34:10+08:00 ] ::1 /hzaulab/index.php/Home/Room/room_show1
INFO: [ app_init ] --START--
INFO: Run Behavior\BuildLiteBehavior [ RunTime:0.000030s ]
INFO: [ app_init ] --END-- [ RunTime:0.000566s ]

[ 2017-08-21T12:34:11+08:00 ] ::1 /hzaulab/index.php/Home/Room/room_show1
INFO: [ app_init ] --START--
INFO: Run Behavior\BuildLiteBehavior [ RunTime:0.000083s ]
INFO: [ app_init ] --END-- [ RunTime:0.001506s ]

[ 2017-08-21T12:34:38+08:00 ] ::1 /hzaulab/index.php/Home/Room/room_show1
INFO: [ app_init ] --START--
INFO: Run Behavior\BuildLiteBehavior [ RunTime:0.000029s ]
INFO: [ app_init ] --END-- [ RunTime:0.000477s ]

[ 2017-08-21T12:34:39+08:00 ] ::1 /hzaulab/index.php/Home/Room/room_show1
INFO: [ app_init ] --START--
INFO: Run Behavior\BuildLiteBehavior [ RunTime:0.000051s ]
INFO: [ app_init ] --END-- [ RunTime:0.000871s ]

[ 2017-08-21T12:34:55+08:00 ] ::1 /hzaulab/index.php/Home/Room/room_show1
INFO: [ app_init ] --START--
INFO: Run Behavior\BuildLiteBehavior [ RunTime:0.000049s ]
INFO: [ app_init ] --END-- [ RunTime:0.000831s ]

[ 2017-08-21T12:34:56+08:00 ] ::1 /hzaulab/index.php/Home/Room/room_show1
INFO: [ app_init ] --START--
INFO: Run Behavior\BuildLiteBehavior [ RunTime:0.000044s ]
INFO: [ app_init ] --END-- [ RunTime:0.000757s ]

[ 2017-08-21T12:34:56+08:00 ] ::1 /hzaulab/index.php/Home/Room/room_show1
INFO: [ app_init ] --START--
INFO: Run Behavior\BuildLiteBehavior [ RunTime:0.000026s ]
INFO: [ app_init ] --END-- [ RunTime:0.000432s ]

[ 2017-08-21T12:34:58+08:00 ] ::1 /hzaulab/index.php/Home/Index/index
INFO: [ app_init ] --START--
INFO: Run Behavior\BuildLiteBehavior [ RunTime:0.000028s ]
INFO: [ app_init ] --END-- [ RunTime:0.000492s ]

[ 2017-08-21T12:35:00+08:00 ] ::1 /hzaulab/index.php/Home/About/about_show1
INFO: [ app_init ] --START--
INFO: Run Behavior\BuildLiteBehavior [ RunTime:0.000052s ]
INFO: [ app_init ] --END-- [ RunTime:0.001113s ]

[ 2017-08-21T12:35:04+08:00 ] ::1 /hzaulab/index.php/Home/Field/field_show2
INFO: [ app_init ] --START--
INFO: Run Behavior\BuildLiteBehavior [ RunTime:0.000258s ]
INFO: [ app_init ] --END-- [ RunTime:0.004508s ]

[ 2017-08-21T12:35:09+08:00 ] ::1 /hzaulab/index.php/Home/Room/room_show1
INFO: [ app_init ] --START--
INFO: Run Behavior\BuildLiteBehavior [ RunTime:0.000080s ]
INFO: [ app_init ] --END-- [ RunTime:0.001407s ]

[ 2017-08-21T12:36:09+08:00 ] ::1 /hzaulab/index.php/Home/Room/room_show1
INFO: [ app_init ] --START--
INFO: Run Behavior\BuildLiteBehavior [ RunTime:0.000026s ]
INFO: [ app_init ] --END-- [ RunTime:0.000437s ]

[ 2017-08-21T12:36:17+08:00 ] ::1 /hzaulab/index.php/Home/Room/room_show1_two
INFO: [ app_init ] --START--
INFO: Run Behavior\BuildLiteBehavior [ RunTime:0.000084s ]
INFO: [ app_init ] --END-- [ RunTime:0.001467s ]

[ 2017-08-21T12:36:20+08:00 ] ::1 /hzaulab/index.php/Home/Room/room_show1
INFO: [ app_init ] --START--
INFO: Run Behavior\BuildLiteBehavior [ RunTime:0.000082s ]
INFO: [ app_init ] --END-- [ RunTime:0.001396s ]

[ 2017-08-21T12:38:06+08:00 ] ::1 /hzaulab/index.php/Home/Room/room_show1
INFO: [ app_init ] --START--
INFO: Run Behavior\BuildLiteBehavior [ RunTime:0.000044s ]
INFO: [ app_init ] --END-- [ RunTime:0.000660s ]

[ 2017-08-21T12:44:24+08:00 ] ::1 /hzaulab/index.php/Home/Room/room_show1
INFO: [ app_init ] --START--
INFO: Run Behavior\BuildLiteBehavior [ RunTime:0.000052s ]
INFO: [ app_init ] --END-- [ RunTime:0.000914s ]

[ 2017-08-21T12:44:53+08:00 ] ::1 /hzaulab/index.php/Home/Room/room_show1
INFO: [ app_init ] --START--
INFO: Run Behavior\BuildLiteBehavior [ RunTime:0.000132s ]
INFO: [ app_init ] --END-- [ RunTime:0.001886s ]

[ 2017-08-21T12:45:18+08:00 ] ::1 /hzaulab/index.php/Home/Room/room_show1
INFO: [ app_init ] --START--
INFO: Run Behavior\BuildLiteBehavior [ RunTime:0.000053s ]
INFO: [ app_init ] --END-- [ RunTime:0.000938s ]

[ 2017-08-21T12:45:27+08:00 ] ::1 /hzaulab/index.php/Home/Room/room_show1
INFO: [ app_init ] --START--
INFO: Run Behavior\BuildLiteBehavior [ RunTime:0.000086s ]
INFO: [ app_init ] --END-- [ RunTime:0.001779s ]

[ 2017-08-21T12:45:48+08:00 ] ::1 /hzaulab/index.php/Home/Room/room_show1
INFO: [ app_init ] --START--
INFO: Run Behavior\BuildLiteBehavior [ RunTime:0.000095s ]
INFO: [ app_init ] --END-- [ RunTime:0.001582s ]

[ 2017-08-21T12:46:21+08:00 ] ::1 /hzaulab/index.php/Home/Room/room_show1
INFO: [ app_init ] --START--
INFO: Run Behavior\BuildLiteBehavior [ RunTime:0.000064s ]
INFO: [ app_init ] --END-- [ RunTime:0.001074s ]

[ 2017-08-21T12:47:00+08:00 ] ::1 /hzaulab/index.php/Home/Room/room_show1
INFO: [ app_init ] --START--
INFO: Run Behavior\BuildLiteBehavior [ RunTime:0.000056s ]
INFO: [ app_init ] --END-- [ RunTime:0.000835s ]

[ 2017-08-21T12:48:15+08:00 ] ::1 /hzaulab/index.php/Home/Room/room_show1
INFO: [ app_init ] --START--
INFO: Run Behavior\BuildLiteBehavior [ RunTime:0.000081s ]
INFO: [ app_init ] --END-- [ RunTime:0.001441s ]

[ 2017-08-21T12:49:52+08:00 ] ::1 /hzaulab/index.php/Home/Room/room_show1
INFO: [ app_init ] --START--
INFO: Run Behavior\BuildLiteBehavior [ RunTime:0.000045s ]
INFO: [ app_init ] --END-- [ RunTime:0.000842s ]

[ 2017-08-21T12:49:53+08:00 ] ::1 /hzaulab/index.php/Home/Room/room_show1
INFO: [ app_init ] --START--
INFO: Run Behavior\BuildLiteBehavior [ RunTime:0.000531s ]
INFO: [ app_init ] --END-- [ RunTime:0.002169s ]

[ 2017-08-21T12:51:09+08:00 ] ::1 /hzaulab/index.php/Home/Room/room_show1
INFO: [ app_init ] --START--
INFO: Run Behavior\BuildLiteBehavior [ RunTime:0.000026s ]
INFO: [ app_init ] --END-- [ RunTime:0.000532s ]

[ 2017-08-21T12:51:27+08:00 ] ::1 /hzaulab/index.php/Home/Room/room_show1
INFO: [ app_init ] --START--
INFO: Run Behavior\BuildLiteBehavior [ RunTime:0.000046s ]
INFO: [ app_init ] --END-- [ RunTime:0.000888s ]

[ 2017-08-21T12:51:50+08:00 ] ::1 /hzaulab/index.php/Home/Room/room_show1
INFO: [ app_init ] --START--
INFO: Run Behavior\BuildLiteBehavior [ RunTime:0.000082s ]
INFO: [ app_init ] --END-- [ RunTime:0.001692s ]

[ 2017-08-21T12:52:22+08:00 ] ::1 /hzaulab/index.php/Home/Room/room_show1
INFO: [ app_init ] --START--
INFO: Run Behavior\BuildLiteBehavior [ RunTime:0.000034s ]
INFO: [ app_init ] --END-- [ RunTime:0.000608s ]

[ 2017-08-21T12:53:44+08:00 ] ::1 /hzaulab/index.php/Home/Room/room_show1
INFO: [ app_init ] --START--
INFO: Run Behavior\BuildLiteBehavior [ RunTime:0.000051s ]
INFO: [ app_init ] --END-- [ RunTime:0.001244s ]

[ 2017-08-21T12:55:03+08:00 ] ::1 /hzaulab/index.php/Home/Room/room_show1
INFO: [ app_init ] --START--
INFO: Run Behavior\BuildLiteBehavior [ RunTime:0.000092s ]
INFO: [ app_init ] --END-- [ RunTime:0.001428s ]

[ 2017-08-21T12:55:19+08:00 ] ::1 /hzaulab/index.php/Home/Room/room_show1
INFO: [ app_init ] --START--
INFO: Run Behavior\BuildLiteBehavior [ RunTime:0.000070s ]
INFO: [ app_init ] --END-- [ RunTime:0.003274s ]

[ 2017-08-21T12:56:29+08:00 ] ::1 /hzaulab/index.php/Home/Room/room_show1
INFO: [ app_init ] --START--
INFO: Run Behavior\BuildLiteBehavior [ RunTime:0.000033s ]
INFO: [ app_init ] --END-- [ RunTime:0.000626s ]

[ 2017-08-21T12:59:19+08:00 ] ::1 /hzaulab/index.php/Home/Room/room_show1
INFO: [ app_init ] --START--
INFO: Run Behavior\BuildLiteBehavior [ RunTime:0.000026s ]
INFO: [ app_init ] --END-- [ RunTime:0.000588s ]

[ 2017-08-21T13:01:34+08:00 ] ::1 /hzaulab/index.php/Home/Room/room_show1
INFO: [ app_init ] --START--
INFO: Run Behavior\BuildLiteBehavior [ RunTime:0.000035s ]
INFO: [ app_init ] --END-- [ RunTime:0.000689s ]

[ 2017-08-21T13:02:50+08:00 ] ::1 /hzaulab/index.php/Home/Room/room_show1
INFO: [ app_init ] --START--
INFO: Run Behavior\BuildLiteBehavior [ RunTime:0.000050s ]
INFO: [ app_init ] --END-- [ RunTime:0.000926s ]

[ 2017-08-21T13:03:25+08:00 ] ::1 /hzaulab/index.php/Home/Room/room_show1
INFO: [ app_init ] --START--
INFO: Run Behavior\BuildLiteBehavior [ RunTime:0.000047s ]
INFO: [ app_init ] --END-- [ RunTime:0.001204s ]

[ 2017-08-21T13:03:56+08:00 ] ::1 /hzaulab/index.php/Home/Room/room_show1
INFO: [ app_init ] --START--
INFO: Run Behavior\BuildLiteBehavior [ RunTime:0.000063s ]
INFO: [ app_init ] --END-- [ RunTime:0.000840s ]

[ 2017-08-21T13:04:21+08:00 ] ::1 /hzaulab/index.php/Home/Room/room_show1
INFO: [ app_init ] --START--
INFO: Run Behavior\BuildLiteBehavior [ RunTime:0.000046s ]
INFO: [ app_init ] --END-- [ RunTime:0.000687s ]

[ 2017-08-21T13:04:22+08:00 ] ::1 /hzaulab/index.php/Home/Room/room_show1
INFO: [ app_init ] --START--
INFO: Run Behavior\BuildLiteBehavior [ RunTime:0.000079s ]
INFO: [ app_init ] --END-- [ RunTime:0.001301s ]

[ 2017-08-21T13:05:47+08:00 ] ::1 /hzaulab/index.php/Home/Room/room_show1
INFO: [ app_init ] --START--
INFO: Run Behavior\BuildLiteBehavior [ RunTime:0.000177s ]
INFO: [ app_init ] --END-- [ RunTime:0.002125s ]

[ 2017-08-21T13:05:49+08:00 ] ::1 /hzaulab/index.php/Home/Room/room_show1
INFO: [ app_init ] --START--
INFO: Run Behavior\BuildLiteBehavior [ RunTime:0.000028s ]
INFO: [ app_init ] --END-- [ RunTime:0.000442s ]

[ 2017-08-21T13:05:50+08:00 ] ::1 /hzaulab/index.php/Home/Room/room_show1
INFO: [ app_init ] --START--
INFO: Run Behavior\BuildLiteBehavior [ RunTime:0.000030s ]
INFO: [ app_init ] --END-- [ RunTime:0.000459s ]

[ 2017-08-21T13:06:05+08:00 ] ::1 /hzaulab/index.php/Home/Room/room_show1
INFO: [ app_init ] --START--
INFO: Run Behavior\BuildLiteBehavior [ RunTime:0.000032s ]
INFO: [ app_init ] --END-- [ RunTime:0.000538s ]

[ 2017-08-21T13:06:06+08:00 ] ::1 /hzaulab/index.php/Home/Room/room_show1
INFO: [ app_init ] --START--
INFO: Run Behavior\BuildLiteBehavior [ RunTime:0.000050s ]
INFO: [ app_init ] --END-- [ RunTime:0.000801s ]

[ 2017-08-21T13:11:15+08:00 ] ::1 /hzaulab/index.php/Home/Room/room_show1
INFO: [ app_init ] --START--
INFO: Run Behavior\BuildLiteBehavior [ RunTime:0.000051s ]
INFO: [ app_init ] --END-- [ RunTime:0.001134s ]

[ 2017-08-21T13:11:16+08:00 ] ::1 /hzaulab/index.php/Home/Room/room_show1
INFO: [ app_init ] --START--
INFO: Run Behavior\BuildLiteBehavior [ RunTime:0.000076s ]
INFO: [ app_init ] --END-- [ RunTime:0.001133s ]

[ 2017-08-21T13:11:20+08:00 ] ::1 /hzaulab/index.php/Home/Room/room_show1
INFO: [ app_init ] --START--
INFO: Run Behavior\BuildLiteBehavior [ RunTime:0.000082s ]
INFO: [ app_init ] --END-- [ RunTime:0.001299s ]

[ 2017-08-21T13:11:24+08:00 ] ::1 /hzaulab/index.php/Home/Room/room_show1
INFO: [ app_init ] --START--
INFO: Run Behavior\BuildLiteBehavior [ RunTime:0.000056s ]
INFO: [ app_init ] --END-- [ RunTime:0.000925s ]

[ 2017-08-21T13:14:31+08:00 ] ::1 /hzaulab/index.php/Home/Room/room_show1
INFO: [ app_init ] --START--
INFO: Run Behavior\BuildLiteBehavior [ RunTime:0.000053s ]
INFO: [ app_init ] --END-- [ RunTime:0.000980s ]

[ 2017-08-21T13:20:02+08:00 ] ::1 /hzaulab/index.php/Home/Room/room_show1
INFO: [ app_init ] --START--
INFO: Run Behavior\BuildLiteBehavior [ RunTime:0.000113s ]
INFO: [ app_init ] --END-- [ RunTime:0.036598s ]

[ 2017-08-21T14:00:33+08:00 ] ::1 /hzaulab/index.php/Home/Room/room_show1
INFO: [ app_init ] --START--
INFO: Run Behavior\BuildLiteBehavior [ RunTime:0.000059s ]
INFO: [ app_init ] --END-- [ RunTime:0.001043s ]

[ 2017-08-21T14:00:35+08:00 ] ::1 /hzaulab/index.php/Home/Index/index
INFO: [ app_init ] --START--
INFO: Run Behavior\BuildLiteBehavior [ RunTime:0.000055s ]
INFO: [ app_init ] --END-- [ RunTime:0.000647s ]

[ 2017-08-21T14:00:36+08:00 ] ::1 /hzaulab/index.php/Home/About/about_show1
INFO: [ app_init ] --START--
INFO: Run Behavior\BuildLiteBehavior [ RunTime:0.000039s ]
INFO: [ app_init ] --END-- [ RunTime:0.000589s ]

[ 2017-08-21T14:00:38+08:00 ] ::1 /hzaulab/index.php/Home/About/about_show1.html
INFO: [ app_init ] --START--
INFO: Run Behavior\BuildLiteBehavior [ RunTime:0.000045s ]
INFO: [ app_init ] --END-- [ RunTime:0.000639s ]

[ 2017-08-21T14:00:43+08:00 ] ::1 /hzaulab/index.php/Home/Index/index
INFO: [ app_init ] --START--
INFO: Run Behavior\BuildLiteBehavior [ RunTime:0.000025s ]
INFO: [ app_init ] --END-- [ RunTime:0.000395s ]

[ 2017-08-21T14:00:49+08:00 ] ::1 /hzaulab/index.php/Home/Field/field
INFO: [ app_init ] --START--
INFO: Run Behavior\BuildLiteBehavior [ RunTime:0.000026s ]
INFO: [ app_init ] --END-- [ RunTime:0.000421s ]

[ 2017-08-21T14:00:51+08:00 ] ::1 /hzaulab/index.php/Home/Field/field_show2
INFO: [ app_init ] --START--
INFO: Run Behavior\BuildLiteBehavior [ RunTime:0.000058s ]
INFO: [ app_init ] --END-- [ RunTime:0.000446s ]

[ 2017-08-21T14:00:53+08:00 ] ::1 /hzaulab/index.php/Home/Field/field_show2
INFO: [ app_init ] --START--
INFO: Run Behavior\BuildLiteBehavior [ RunTime:0.000044s ]
INFO: [ app_init ] --END-- [ RunTime:0.000688s ]

[ 2017-08-21T14:00:54+08:00 ] ::1 /hzaulab/index.php/Home/Field/field_show1
INFO: [ app_init ] --START--
INFO: Run Behavior\BuildLiteBehavior [ RunTime:0.000063s ]
INFO: [ app_init ] --END-- [ RunTime:0.001020s ]

[ 2017-08-21T14:00:55+08:00 ] ::1 /hzaulab/index.php/Home/Field/field_show2
INFO: [ app_init ] --START--
INFO: Run Behavior\BuildLiteBehavior [ RunTime:0.000045s ]
INFO: [ app_init ] --END-- [ RunTime:0.000862s ]

[ 2017-08-21T14:01:21+08:00 ] ::1 /hzaulab/index.php/Home/Field/field_show2
INFO: [ app_init ] --START--
INFO: Run Behavior\BuildLiteBehavior [ RunTime:0.000050s ]
INFO: [ app_init ] --END-- [ RunTime:0.000847s ]

[ 2017-08-21T14:02:23+08:00 ] ::1 /hzaulab/index.php/Home/Index/index
INFO: [ app_init ] --START--
INFO: Run Behavior\BuildLiteBehavior [ RunTime:0.000080s ]
INFO: [ app_init ] --END-- [ RunTime:0.001316s ]

[ 2017-08-21T14:02:25+08:00 ] ::1 /hzaulab/index.php/Home/About/about_show1
INFO: [ app_init ] --START--
INFO: Run Behavior\BuildLiteBehavior [ RunTime:0.000028s ]
INFO: [ app_init ] --END-- [ RunTime:0.000442s ]

[ 2017-08-21T14:02:27+08:00 ] ::1 /hzaulab/index.php/Home/About/about_show1
INFO: [ app_init ] --START--
INFO: Run Behavior\BuildLiteBehavior [ RunTime:0.000052s ]
INFO: [ app_init ] --END-- [ RunTime:0.000821s ]

[ 2017-08-21T14:02:29+08:00 ] ::1 /hzaulab/index.php/Home/About/about_show2
INFO: [ app_init ] --START--
INFO: Run Behavior\BuildLiteBehavior [ RunTime:0.000063s ]
INFO: [ app_init ] --END-- [ RunTime:0.000946s ]

[ 2017-08-21T14:02:30+08:00 ] ::1 /hzaulab/index.php/Home/Index/index
INFO: [ app_init ] --START--
INFO: Run Behavior\BuildLiteBehavior [ RunTime:0.000043s ]
INFO: [ app_init ] --END-- [ RunTime:0.000634s ]

[ 2017-08-21T14:02:32+08:00 ] ::1 /hzaulab/index.php/Home/About/about_show1
INFO: [ app_init ] --START--
INFO: Run Behavior\BuildLiteBehavior [ RunTime:0.000028s ]
INFO: [ app_init ] --END-- [ RunTime:0.000477s ]

[ 2017-08-21T14:02:33+08:00 ] ::1 /hzaulab/index.php/Home/Field/field
INFO: [ app_init ] --START--
INFO: Run Behavior\BuildLiteBehavior [ RunTime:0.000053s ]
INFO: [ app_init ] --END-- [ RunTime:0.001037s ]

[ 2017-08-21T14:02:34+08:00 ] ::1 /hzaulab/index.php/Home/Room/room
INFO: [ app_init ] --START--
INFO: Run Behavior\BuildLiteBehavior [ RunTime:0.000034s ]
INFO: [ app_init ] --END-- [ RunTime:0.000693s ]

[ 2017-08-21T14:02:43+08:00 ] ::1 /hzaulab/index.php/Home/Field/field
INFO: [ app_init ] --START--
INFO: Run Behavior\BuildLiteBehavior [ RunTime:0.000091s ]
INFO: [ app_init ] --END-- [ RunTime:0.001435s ]

[ 2017-08-21T14:02:52+08:00 ] ::1 /hzaulab/index.php/Home/Equipment/equipment
INFO: [ app_init ] --START--
INFO: Run Behavior\BuildLiteBehavior [ RunTime:0.000044s ]
INFO: [ app_init ] --END-- [ RunTime:0.000749s ]

[ 2017-08-21T14:02:54+08:00 ] ::1 /hzaulab/index.php/Home/Index/index
INFO: [ app_init ] --START--
INFO: Run Behavior\BuildLiteBehavior [ RunTime:0.000140s ]
INFO: [ app_init ] --END-- [ RunTime:0.004046s ]

[ 2017-08-21T14:08:10+08:00 ] ::1 /hzaulab/index.php/Home/Room/LightCultureRoom
INFO: [ app_init ] --START--
INFO: Run Behavior\BuildLiteBehavior [ RunTime:0.000029s ]
INFO: [ app_init ] --END-- [ RunTime:0.000487s ]
ERR: 非法操作:LightCultureRoom

[ 2017-08-21T14:08:19+08:00 ] ::1 /hzaulab/index.php/Home
INFO: [ app_init ] --START--
INFO: Run Behavior\BuildLiteBehavior [ RunTime:0.000030s ]
INFO: [ app_init ] --END-- [ RunTime:0.000552s ]

[ 2017-08-21T14:08:22+08:00 ] ::1 /hzaulab/index.php/Home/Field/field_show1
INFO: [ app_init ] --START--
INFO: Run Behavior\BuildLiteBehavior [ RunTime:0.000044s ]
INFO: [ app_init ] --END-- [ RunTime:0.000690s ]

[ 2017-08-21T14:08:25+08:00 ] ::1 /hzaulab/index.php/Home/Room/room
INFO: [ app_init ] --START--
INFO: Run Behavior\BuildLiteBehavior [ RunTime:0.000053s ]
INFO: [ app_init ] --END-- [ RunTime:0.001057s ]

[ 2017-08-21T14:08:27+08:00 ] ::1 /hzaulab/index.php/Home/Room/room_show1
INFO: [ app_init ] --START--
INFO: Run Behavior\BuildLiteBehavior [ RunTime:0.000058s ]
INFO: [ app_init ] --END-- [ RunTime:0.000802s ]

[ 2017-08-21T14:08:32+08:00 ] ::1 /hzaulab/index.php/Home/Room/room_show2
INFO: [ app_init ] --START--
INFO: Run Behavior\BuildLiteBehavior [ RunTime:0.000050s ]
INFO: [ app_init ] --END-- [ RunTime:0.000793s ]

[ 2017-08-21T14:09:25+08:00 ] ::1 /hzaulab/index.php/Home/Room/room
INFO: [ app_init ] --START--
INFO: Run Behavior\BuildLiteBehavior [ RunTime:0.000048s ]
INFO: [ app_init ] --END-- [ RunTime:0.000844s ]

[ 2017-08-21T14:09:36+08:00 ] ::1 /hzaulab/index.php/Home/Room/room
INFO: [ app_init ] --START--
INFO: Run Behavior\BuildLiteBehavior [ RunTime:0.000082s ]
INFO: [ app_init ] --END-- [ RunTime:0.001290s ]

[ 2017-08-21T14:09:37+08:00 ] ::1 /hzaulab/index.php/Home/Laboratory/laboratory
INFO: [ app_init ] --START--
INFO: Run Behavior\BuildLiteBehavior [ RunTime:0.000085s ]
INFO: [ app_init ] --END-- [ RunTime:0.001271s ]

[ 2017-08-21T14:09:39+08:00 ] ::1 /hzaulab/index.php/Home/Laboratory/laboratory_show1
INFO: [ app_init ] --START--
INFO: Run Behavior\BuildLiteBehavior [ RunTime:0.000041s ]
INFO: [ app_init ] --END-- [ RunTime:0.000614s ]

[ 2017-08-21T14:09:40+08:00 ] ::1 /hzaulab/index.php/Home/Laboratory/laboratory_show3
INFO: [ app_init ] --START--
INFO: Run Behavior\BuildLiteBehavior [ RunTime:0.000043s ]
INFO: [ app_init ] --END-- [ RunTime:0.000686s ]

[ 2017-08-21T14:09:42+08:00 ] ::1 /hzaulab/index.php/Home/Laboratory/laboratory_show3
INFO: [ app_init ] --START--
INFO: Run Behavior\BuildLiteBehavior [ RunTime:0.000028s ]
INFO: [ app_init ] --END-- [ RunTime:0.000438s ]

[ 2017-08-21T14:09:44+08:00 ] ::1 /hzaulab/index.php/Home/Equipment/equipment
INFO: [ app_init ] --START--
INFO: Run Behavior\BuildLiteBehavior [ RunTime:0.000044s ]
INFO: [ app_init ] --END-- [ RunTime:0.000685s ]

[ 2017-08-21T14:09:45+08:00 ] ::1 /hzaulab/index.php/Home/Equipment/equipment_show1
INFO: [ app_init ] --START--
INFO: Run Behavior\BuildLiteBehavior [ RunTime:0.000039s ]
INFO: [ app_init ] --END-- [ RunTime:0.000714s ]

[ 2017-08-21T14:09:48+08:00 ] ::1 /hzaulab/index.php/Home/Equipment/equipment
INFO: [ app_init ] --START--
INFO: Run Behavior\BuildLiteBehavior [ RunTime:0.000082s ]
INFO: [ app_init ] --END-- [ RunTime:0.001297s ]

[ 2017-08-21T14:09:50+08:00 ] ::1 /hzaulab/index.php/Home/Equipment/equipment_show1
INFO: [ app_init ] --START--
INFO: Run Behavior\BuildLiteBehavior [ RunTime:0.000056s ]
INFO: [ app_init ] --END-- [ RunTime:0.000901s ]

[ 2017-08-21T14:09:53+08:00 ] ::1 /hzaulab/index.php/Home/Equipment/equipment_show1_eqt
INFO: [ app_init ] --START--
INFO: Run Behavior\BuildLiteBehavior [ RunTime:0.000193s ]
INFO: [ app_init ] --END-- [ RunTime:0.002763s ]

[ 2017-08-21T14:09:57+08:00 ] ::1 /hzaulab/index.php/Home/Equipment/equipment_show1_apply
INFO: [ app_init ] --START--
INFO: Run Behavior\BuildLiteBehavior [ RunTime:0.000052s ]
INFO: [ app_init ] --END-- [ RunTime:0.000840s ]

[ 2017-08-21T14:10:06+08:00 ] ::1 /hzaulab/index.php/Home/Equipment/equipment_show1_apply?name1=&name2=&name1=&name2=&name1=&name2=&name1=&name1=&name2=&name1=&name2=
INFO: [ app_init ] --START--
INFO: Run Behavior\BuildLiteBehavior [ RunTime:0.000049s ]
INFO: [ app_init ] --END-- [ RunTime:0.000828s ]

[ 2017-08-21T14:10:39+08:00 ] ::1 /hzaulab/index.php/Home/Fictitious/fictitious_show1
INFO: [ app_init ] --START--
INFO: Run Behavior\BuildLiteBehavior [ RunTime:0.000053s ]
INFO: [ app_init ] --END-- [ RunTime:0.001093s ]

[ 2017-08-21T14:10:40+08:00 ] ::1 /hzaulab/index.php/Home/Fictitious/fictitious_show2.html
INFO: [ app_init ] --START--
INFO: Run Behavior\BuildLiteBehavior [ RunTime:0.000050s ]
INFO: [ app_init ] --END-- [ RunTime:0.000810s ]

[ 2017-08-21T14:10:41+08:00 ] ::1 /hzaulab/index.php/Home/Fictitious/fictitious_show3.html
INFO: [ app_init ] --START--
INFO: Run Behavior\BuildLiteBehavior [ RunTime:0.000107s ]
INFO: [ app_init ] --END-- [ RunTime:0.002506s ]

[ 2017-08-21T14:10:43+08:00 ] ::1 /hzaulab/index.php/Home/Fictitious/fictitious_show1.html
INFO: [ app_init ] --START--
INFO: Run Behavior\BuildLiteBehavior [ RunTime:0.000025s ]
INFO: [ app_init ] --END-- [ RunTime:0.000400s ]

[ 2017-08-21T14:10:44+08:00 ] ::1 /hzaulab/index.php/Home/Field/field
INFO: [ app_init ] --START--
INFO: Run Behavior\BuildLiteBehavior [ RunTime:0.000143s ]
INFO: [ app_init ] --END-- [ RunTime:0.001922s ]

[ 2017-08-21T14:10:46+08:00 ] ::1 /hzaulab/index.php/Home/Field/field_show2
INFO: [ app_init ] --START--
INFO: Run Behavior\BuildLiteBehavior [ RunTime:0.000032s ]
INFO: [ app_init ] --END-- [ RunTime:0.000530s ]

[ 2017-08-21T14:10:47+08:00 ] ::1 /hzaulab/index.php/Home/Field/field_show1
INFO: [ app_init ] --START--
INFO: Run Behavior\BuildLiteBehavior [ RunTime:0.000038s ]
INFO: [ app_init ] --END-- [ RunTime:0.000777s ]

[ 2017-08-21T14:10:49+08:00 ] ::1 /hzaulab/index.php/Home/Field/field
INFO: [ app_init ] --START--
INFO: Run Behavior\BuildLiteBehavior [ RunTime:0.000044s ]
INFO: [ app_init ] --END-- [ RunTime:0.000758s ]

[ 2017-08-21T14:10:50+08:00 ] ::1 /hzaulab/index.php/Home/Field/field_show2
INFO: [ app_init ] --START--
INFO: Run Behavior\BuildLiteBehavior [ RunTime:0.000052s ]
INFO: [ app_init ] --END-- [ RunTime:0.000802s ]

[ 2017-08-21T14:10:58+08:00 ] ::1 /hzaulab/index.php/Home/Room/room_show1
INFO: [ app_init ] --START--
INFO: Run Behavior\BuildLiteBehavior [ RunTime:0.000046s ]
INFO: [ app_init ] --END-- [ RunTime:0.000847s ]

[ 2017-08-21T14:31:42+08:00 ] ::1 /hzaulab/index.php/Home/Room/room_show1
INFO: [ app_init ] --START--
INFO: Run Behavior\BuildLiteBehavior [ RunTime:0.000071s ]
INFO: [ app_init ] --END-- [ RunTime:0.001258s ]

[ 2017-08-21T14:31:43+08:00 ] ::1 /hzaulab/index.php/Home/Room/room_show1
INFO: [ app_init ] --START--
INFO: Run Behavior\BuildLiteBehavior [ RunTime:0.000058s ]
INFO: [ app_init ] --END-- [ RunTime:0.001046s ]

[ 2017-08-21T14:31:44+08:00 ] ::1 /hzaulab/index.php/Home/Room/room_show1
INFO: [ app_init ] --START--
INFO: Run Behavior\BuildLiteBehavior [ RunTime:0.000042s ]
INFO: [ app_init ] --END-- [ RunTime:0.000762s ]

[ 2017-08-21T14:31:44+08:00 ] ::1 /hzaulab/index.php/Home/Room/room_show1
INFO: [ app_init ] --START--
INFO: Run Behavior\BuildLiteBehavior [ RunTime:0.000058s ]
INFO: [ app_init ] --END-- [ RunTime:0.000969s ]

[ 2017-08-21T14:31:55+08:00 ] ::1 /hzaulab/index.php/Home/Room/room_show1
INFO: [ app_init ] --START--
INFO: Run Behavior\BuildLiteBehavior [ RunTime:0.000056s ]
INFO: [ app_init ] --END-- [ RunTime:0.000824s ]

[ 2017-08-21T14:31:58+08:00 ] ::1 /hzaulab/index.php/Home/Room/room_show1
INFO: [ app_init ] --START--
INFO: Run Behavior\BuildLiteBehavior [ RunTime:0.000049s ]
INFO: [ app_init ] --END-- [ RunTime:0.002212s ]

[ 2017-08-21T14:32:03+08:00 ] ::1 /hzaulab/index.php/Home/Room/room_show1
INFO: [ app_init ] --START--
INFO: Run Behavior\BuildLiteBehavior [ RunTime:0.000034s ]
INFO: [ app_init ] --END-- [ RunTime:0.000604s ]

[ 2017-08-21T14:35:39+08:00 ] ::1 /hzaulab/index.php/Home/Room/room_show1
INFO: [ app_init ] --START--
INFO: Run Behavior\BuildLiteBehavior [ RunTime:0.000035s ]
INFO: [ app_init ] --END-- [ RunTime:0.000607s ]

[ 2017-08-21T14:35:46+08:00 ] ::1 /hzaulab/index.php/Home/Room/room_show1
INFO: [ app_init ] --START--
INFO: Run Behavior\BuildLiteBehavior [ RunTime:0.000068s ]
INFO: [ app_init ] --END-- [ RunTime:0.001313s ]

[ 2017-08-21T14:35:57+08:00 ] ::1 /hzaulab/index.php/Home/Room/room_show1
INFO: [ app_init ] --START--
INFO: Run Behavior\BuildLiteBehavior [ RunTime:0.000207s ]
INFO: [ app_init ] --END-- [ RunTime:0.001523s ]

[ 2017-08-21T14:35:57+08:00 ] ::1 /hzaulab/index.php/Home/Room/room_show1
INFO: [ app_init ] --START--
INFO: Run Behavior\BuildLiteBehavior [ RunTime:0.000036s ]
INFO: [ app_init ] --END-- [ RunTime:0.000988s ]

[ 2017-08-21T14:37:56+08:00 ] ::1 /hzaulab/index.php/Home/Room/room_show1
INFO: [ app_init ] --START--
INFO: Run Behavior\BuildLiteBehavior [ RunTime:0.000026s ]
INFO: [ app_init ] --END-- [ RunTime:0.000450s ]

[ 2017-08-21T14:37:58+08:00 ] ::1 /hzaulab/index.php/Home/Room/room_show1
INFO: [ app_init ] --START--
INFO: Run Behavior\BuildLiteBehavior [ RunTime:0.000030s ]
INFO: [ app_init ] --END-- [ RunTime:0.000564s ]

[ 2017-08-21T14:38:37+08:00 ] ::1 /hzaulab/index.php/Home/Room/room_show1
INFO: [ app_init ] --START--
INFO: Run Behavior\BuildLiteBehavior [ RunTime:0.000042s ]
INFO: [ app_init ] --END-- [ RunTime:0.000743s ]

[ 2017-08-21T14:38:38+08:00 ] ::1 /hzaulab/index.php/Home/Room/room_show1
INFO: [ app_init ] --START--
INFO: Run Behavior\BuildLiteBehavior [ RunTime:0.000035s ]
INFO: [ app_init ] --END-- [ RunTime:0.000700s ]

[ 2017-08-21T14:38:39+08:00 ] ::1 /hzaulab/index.php/Home/Room/room_show1
INFO: [ app_init ] --START--
INFO: Run Behavior\BuildLiteBehavior [ RunTime:0.000072s ]
INFO: [ app_init ] --END-- [ RunTime:0.002546s ]

[ 2017-08-21T14:39:15+08:00 ] ::1 /hzaulab/index.php/Home/Room/room_show1
INFO: [ app_init ] --START--
INFO: Run Behavior\BuildLiteBehavior [ RunTime:0.000052s ]
INFO: [ app_init ] --END-- [ RunTime:0.000899s ]

[ 2017-08-21T14:39:16+08:00 ] ::1 /hzaulab/index.php/Home/Room/room_show1
INFO: [ app_init ] --START--
INFO: Run Behavior\BuildLiteBehavior [ RunTime:0.000056s ]
INFO: [ app_init ] --END-- [ RunTime:0.000838s ]

[ 2017-08-21T14:39:17+08:00 ] ::1 /hzaulab/index.php/Home/Room/room_show1
INFO: [ app_init ] --START--
INFO: Run Behavior\BuildLiteBehavior [ RunTime:0.000032s ]
INFO: [ app_init ] --END-- [ RunTime:0.000568s ]

[ 2017-08-21T14:39:45+08:00 ] ::1 /hzaulab/index.php/Home/Room/room_show1
INFO: [ app_init ] --START--
INFO: Run Behavior\BuildLiteBehavior [ RunTime:0.000034s ]
INFO: [ app_init ] --END-- [ RunTime:0.000460s ]

[ 2017-08-21T14:39:46+08:00 ] ::1 /hzaulab/index.php/Home/Room/room_show1
INFO: [ app_init ] --START--
INFO: Run Behavior\BuildLiteBehavior [ RunTime:0.000034s ]
INFO: [ app_init ] --END-- [ RunTime:0.000752s ]

[ 2017-08-21T14:39:46+08:00 ] ::1 /hzaulab/index.php/Home/Room/room_show1
INFO: [ app_init ] --START--
INFO: Run Behavior\BuildLiteBehavior [ RunTime:0.000027s ]
INFO: [ app_init ] --END-- [ RunTime:0.000462s ]

[ 2017-08-21T14:39:46+08:00 ] ::1 /hzaulab/index.php/Home/Room/room_show1
INFO: [ app_init ] --START--
INFO: Run Behavior\BuildLiteBehavior [ RunTime:0.000024s ]
INFO: [ app_init ] --END-- [ RunTime:0.000396s ]

[ 2017-08-21T14:40:02+08:00 ] ::1 /hzaulab/index.php/Home/Room/room_show1
INFO: [ app_init ] --START--
INFO: Run Behavior\BuildLiteBehavior [ RunTime:0.000060s ]
INFO: [ app_init ] --END-- [ RunTime:0.000859s ]

[ 2017-08-21T14:40:03+08:00 ] ::1 /hzaulab/index.php/Home/Room/room_show1
INFO: [ app_init ] --START--
INFO: Run Behavior\BuildLiteBehavior [ RunTime:0.000033s ]
INFO: [ app_init ] --END-- [ RunTime:0.000587s ]

[ 2017-08-21T14:41:48+08:00 ] ::1 /hzaulab/index.php/Home/Room/room_show1
INFO: [ app_init ] --START--
INFO: Run Behavior\BuildLiteBehavior [ RunTime:0.000058s ]
INFO: [ app_init ] --END-- [ RunTime:0.000971s ]

[ 2017-08-21T14:41:49+08:00 ] ::1 /hzaulab/index.php/Home/Room/room_show1
INFO: [ app_init ] --START--
INFO: Run Behavior\BuildLiteBehavior [ RunTime:0.000067s ]
INFO: [ app_init ] --END-- [ RunTime:0.001095s ]

[ 2017-08-21T14:41:51+08:00 ] ::1 /hzaulab/index.php/Home/Room/room_show1
INFO: [ app_init ] --START--
INFO: Run Behavior\BuildLiteBehavior [ RunTime:0.000030s ]
INFO: [ app_init ] --END-- [ RunTime:0.000613s ]

[ 2017-08-21T14:42:31+08:00 ] ::1 /hzaulab/index.php/Home/Room/room_show1
INFO: [ app_init ] --START--
INFO: Run Behavior\BuildLiteBehavior [ RunTime:0.000028s ]
INFO: [ app_init ] --END-- [ RunTime:0.000505s ]

[ 2017-08-21T14:43:19+08:00 ] ::1 /hzaulab/index.php/Home/Room/room_show1
INFO: [ app_init ] --START--
INFO: Run Behavior\BuildLiteBehavior [ RunTime:0.000085s ]
INFO: [ app_init ] --END-- [ RunTime:0.000993s ]

[ 2017-08-21T14:43:21+08:00 ] ::1 /hzaulab/index.php/Home/Room/room_show1
INFO: [ app_init ] --START--
INFO: Run Behavior\BuildLiteBehavior [ RunTime:0.000036s ]
INFO: [ app_init ] --END-- [ RunTime:0.000688s ]

[ 2017-08-21T14:46:15+08:00 ] ::1 /hzaulab/index.php/Home/Room/room_show1_two
INFO: [ app_init ] --START--
INFO: Run Behavior\BuildLiteBehavior [ RunTime:0.000102s ]
INFO: [ app_init ] --END-- [ RunTime:0.002042s ]

[ 2017-08-21T14:49:17+08:00 ] ::1 /hzaulab/index.php/Home/Room/room_show1
INFO: [ app_init ] --START--
INFO: Run Behavior\BuildLiteBehavior [ RunTime:0.000032s ]
INFO: [ app_init ] --END-- [ RunTime:0.000701s ]

[ 2017-08-21T14:49:18+08:00 ] ::1 /hzaulab/index.php/Home/Room/room_show1
INFO: [ app_init ] --START--
INFO: Run Behavior\BuildLiteBehavior [ RunTime:0.000031s ]
INFO: [ app_init ] --END-- [ RunTime:0.000531s ]

[ 2017-08-21T14:49:19+08:00 ] ::1 /hzaulab/index.php/Home/Room/room_show1
INFO: [ app_init ] --START--
INFO: Run Behavior\BuildLiteBehavior [ RunTime:0.000174s ]
INFO: [ app_init ] --END-- [ RunTime:0.001809s ]

[ 2017-08-21T14:49:33+08:00 ] ::1 /hzaulab/index.php/Home/Room/room_show1
INFO: [ app_init ] --START--
INFO: Run Behavior\BuildLiteBehavior [ RunTime:0.000034s ]
INFO: [ app_init ] --END-- [ RunTime:0.000654s ]

[ 2017-08-21T14:50:52+08:00 ] ::1 /hzaulab/index.php/Home/Room/room_show1
INFO: [ app_init ] --START--
INFO: Run Behavior\BuildLiteBehavior [ RunTime:0.000108s ]
INFO: [ app_init ] --END-- [ RunTime:0.002784s ]

[ 2017-08-21T14:50:53+08:00 ] ::1 /hzaulab/index.php/Home/Room/room_show1
INFO: [ app_init ] --START--
INFO: Run Behavior\BuildLiteBehavior [ RunTime:0.000026s ]
INFO: [ app_init ] --END-- [ RunTime:0.000469s ]

[ 2017-08-21T14:51:18+08:00 ] ::1 /hzaulab/index.php/Home/Room/room_show1
INFO: [ app_init ] --START--
INFO: Run Behavior\BuildLiteBehavior [ RunTime:0.000035s ]
INFO: [ app_init ] --END-- [ RunTime:0.000611s ]

[ 2017-08-21T14:52:45+08:00 ] ::1 /hzaulab/index.php/Home/Room/room_show1
INFO: [ app_init ] --START--
INFO: Run Behavior\BuildLiteBehavior [ RunTime:0.000027s ]
INFO: [ app_init ] --END-- [ RunTime:0.000463s ]

[ 2017-08-21T14:52:47+08:00 ] ::1 /hzaulab/index.php/Home/Room/room_show1
INFO: [ app_init ] --START--
INFO: Run Behavior\BuildLiteBehavior [ RunTime:0.000032s ]
INFO: [ app_init ] --END-- [ RunTime:0.000552s ]

[ 2017-08-21T14:52:50+08:00 ] ::1 /hzaulab/index.php/Home/Room/room_show1
INFO: [ app_init ] --START--
INFO: Run Behavior\BuildLiteBehavior [ RunTime:0.000074s ]
INFO: [ app_init ] --END-- [ RunTime:0.002671s ]

[ 2017-08-21T14:52:52+08:00 ] ::1 /hzaulab/index.php/Home/Room/room_show1
INFO: [ app_init ] --START--
INFO: Run Behavior\BuildLiteBehavior [ RunTime:0.000028s ]
INFO: [ app_init ] --END-- [ RunTime:0.000507s ]

[ 2017-08-21T14:52:52+08:00 ] ::1 /hzaulab/index.php/Home/Room/room_show1
INFO: [ app_init ] --START--
INFO: Run Behavior\BuildLiteBehavior [ RunTime:0.000037s ]
INFO: [ app_init ] --END-- [ RunTime:0.000574s ]

[ 2017-08-21T14:52:53+08:00 ] ::1 /hzaulab/index.php/Home/Room/room_show1
INFO: [ app_init ] --START--
INFO: Run Behavior\BuildLiteBehavior [ RunTime:0.000055s ]
INFO: [ app_init ] --END-- [ RunTime:0.001348s ]

[ 2017-08-21T14:52:54+08:00 ] ::1 /hzaulab/index.php/Home/Room/room_show1
INFO: [ app_init ] --START--
INFO: Run Behavior\BuildLiteBehavior [ RunTime:0.000049s ]
INFO: [ app_init ] --END-- [ RunTime:0.000741s ]

[ 2017-08-21T14:52:55+08:00 ] ::1 /hzaulab/index.php/Home/Room/room_show1
INFO: [ app_init ] --START--
INFO: Run Behavior\BuildLiteBehavior [ RunTime:0.000050s ]
INFO: [ app_init ] --END-- [ RunTime:0.000874s ]

[ 2017-08-21T14:52:55+08:00 ] ::1 /hzaulab/index.php/Home/Room/room_show1
INFO: [ app_init ] --START--
INFO: Run Behavior\BuildLiteBehavior [ RunTime:0.000045s ]
INFO: [ app_init ] --END-- [ RunTime:0.000784s ]

[ 2017-08-21T14:52:55+08:00 ] ::1 /hzaulab/index.php/Home/Room/room_show1
INFO: [ app_init ] --START--
INFO: Run Behavior\BuildLiteBehavior [ RunTime:0.000045s ]
INFO: [ app_init ] --END-- [ RunTime:0.000818s ]

[ 2017-08-21T14:53:17+08:00 ] ::1 /hzaulab/index.php/Home/Room/room_show1
INFO: [ app_init ] --START--
INFO: Run Behavior\BuildLiteBehavior [ RunTime:0.000068s ]
INFO: [ app_init ] --END-- [ RunTime:0.000905s ]

[ 2017-08-21T14:54:15+08:00 ] ::1 /hzaulab/index.php/Home/Room/room_show1
INFO: [ app_init ] --START--
INFO: Run Behavior\BuildLiteBehavior [ RunTime:0.000025s ]
INFO: [ app_init ] --END-- [ RunTime:0.000474s ]

[ 2017-08-21T14:54:16+08:00 ] ::1 /hzaulab/index.php/Home/Room/room_show1
INFO: [ app_init ] --START--
INFO: Run Behavior\BuildLiteBehavior [ RunTime:0.000035s ]
INFO: [ app_init ] --END-- [ RunTime:0.000639s ]

[ 2017-08-21T15:00:36+08:00 ] ::1 /hzaulab/index.php/Home/Room/room_show1
INFO: [ app_init ] --START--
INFO: Run Behavior\BuildLiteBehavior [ RunTime:0.000056s ]
INFO: [ app_init ] --END-- [ RunTime:0.001265s ]

[ 2017-08-21T15:00:37+08:00 ] ::1 /hzaulab/index.php/Home/Room/room_show1
INFO: [ app_init ] --START--
INFO: Run Behavior\BuildLiteBehavior [ RunTime:0.000298s ]
INFO: [ app_init ] --END-- [ RunTime:0.002538s ]

[ 2017-08-21T15:01:58+08:00 ] ::1 /hzaulab/index.php/Home/Room/room_show1
INFO: [ app_init ] --START--
INFO: Run Behavior\BuildLiteBehavior [ RunTime:0.000054s ]
INFO: [ app_init ] --END-- [ RunTime:0.000797s ]

[ 2017-08-21T15:07:06+08:00 ] ::1 /hzaulab/index.php/Home/Room/room_show1
INFO: [ app_init ] --START--
INFO: Run Behavior\BuildLiteBehavior [ RunTime:0.000034s ]
INFO: [ app_init ] --END-- [ RunTime:0.000654s ]

[ 2017-08-21T15:07:07+08:00 ] ::1 /hzaulab/index.php/Home/Room/room_show1
INFO: [ app_init ] --START--
INFO: Run Behavior\BuildLiteBehavior [ RunTime:0.000035s ]
INFO: [ app_init ] --END-- [ RunTime:0.000610s ]

[ 2017-08-21T15:07:08+08:00 ] ::1 /hzaulab/index.php/Home/Room/room_show1
INFO: [ app_init ] --START--
INFO: Run Behavior\BuildLiteBehavior [ RunTime:0.000034s ]
INFO: [ app_init ] --END-- [ RunTime:0.000649s ]

[ 2017-08-21T15:07:09+08:00 ] ::1 /hzaulab/index.php/Home/Room/room_show1
INFO: [ app_init ] --START--
INFO: Run Behavior\BuildLiteBehavior [ RunTime:0.000052s ]
INFO: [ app_init ] --END-- [ RunTime:0.000958s ]

[ 2017-08-21T15:10:06+08:00 ] ::1 /hzaulab/index.php/Home/Room/room_show1
INFO: [ app_init ] --START--
INFO: Run Behavior\BuildLiteBehavior [ RunTime:0.000027s ]
INFO: [ app_init ] --END-- [ RunTime:0.000509s ]

[ 2017-08-21T15:10:07+08:00 ] ::1 /hzaulab/index.php/Home/Room/room_show1
INFO: [ app_init ] --START--
INFO: Run Behavior\BuildLiteBehavior [ RunTime:0.000044s ]
INFO: [ app_init ] --END-- [ RunTime:0.000782s ]

[ 2017-08-21T15:10:08+08:00 ] ::1 /hzaulab/index.php/Home/Room/room_show1
INFO: [ app_init ] --START--
INFO: Run Behavior\BuildLiteBehavior [ RunTime:0.000062s ]
INFO: [ app_init ] --END-- [ RunTime:0.000791s ]

[ 2017-08-21T15:11:32+08:00 ] ::1 /hzaulab/index.php/Home/Room/room_show1
INFO: [ app_init ] --START--
INFO: Run Behavior\BuildLiteBehavior [ RunTime:0.000053s ]
INFO: [ app_init ] --END-- [ RunTime:0.001040s ]

[ 2017-08-21T15:19:12+08:00 ] ::1 /hzaulab/index.php/Home/Room/room_show1
INFO: [ app_init ] --START--
INFO: Run Behavior\BuildLiteBehavior [ RunTime:0.000050s ]
INFO: [ app_init ] --END-- [ RunTime:0.000790s ]

[ 2017-08-21T15:23:06+08:00 ] ::1 /hzaulab/index.php/Home/Room/room_show1
INFO: [ app_init ] --START--
INFO: Run Behavior\BuildLiteBehavior [ RunTime:0.000108s ]
INFO: [ app_init ] --END-- [ RunTime:0.001038s ]

[ 2017-08-21T15:23:07+08:00 ] ::1 /hzaulab/index.php/Home/Room/room_show1
INFO: [ app_init ] --START--
INFO: Run Behavior\BuildLiteBehavior [ RunTime:0.000087s ]
INFO: [ app_init ] --END-- [ RunTime:0.001512s ]

[ 2017-08-21T15:23:08+08:00 ] ::1 /hzaulab/index.php/Home/Room/room_show1
INFO: [ app_init ] --START--
INFO: Run Behavior\BuildLiteBehavior [ RunTime:0.000053s ]
INFO: [ app_init ] --END-- [ RunTime:0.000790s ]

[ 2017-08-21T15:23:09+08:00 ] ::1 /hzaulab/index.php/Home/Room/room_show1
INFO: [ app_init ] --START--
INFO: Run Behavior\BuildLiteBehavior [ RunTime:0.000056s ]
INFO: [ app_init ] --END-- [ RunTime:0.000747s ]

[ 2017-08-21T15:23:09+08:00 ] ::1 /hzaulab/index.php/Home/Room/room_show1
INFO: [ app_init ] --START--
INFO: Run Behavior\BuildLiteBehavior [ RunTime:0.000050s ]
INFO: [ app_init ] --END-- [ RunTime:0.000809s ]

[ 2017-08-21T15:23:09+08:00 ] ::1 /hzaulab/index.php/Home/Room/room_show1
INFO: [ app_init ] --START--
INFO: Run Behavior\BuildLiteBehavior [ RunTime:0.000053s ]
INFO: [ app_init ] --END-- [ RunTime:0.000788s ]

[ 2017-08-21T15:23:09+08:00 ] ::1 /hzaulab/index.php/Home/Room/room_show1
INFO: [ app_init ] --START--
INFO: Run Behavior\BuildLiteBehavior [ RunTime:0.000046s ]
INFO: [ app_init ] --END-- [ RunTime:0.000860s ]

[ 2017-08-21T15:23:09+08:00 ] ::1 /hzaulab/index.php/Home/Room/room_show1
INFO: [ app_init ] --START--
INFO: Run Behavior\BuildLiteBehavior [ RunTime:0.000049s ]
INFO: [ app_init ] --END-- [ RunTime:0.000784s ]

[ 2017-08-21T15:23:09+08:00 ] ::1 /hzaulab/index.php/Home/Room/room_show1
INFO: [ app_init ] --START--
INFO: Run Behavior\BuildLiteBehavior [ RunTime:0.000055s ]
INFO: [ app_init ] --END-- [ RunTime:0.001201s ]

[ 2017-08-21T15:23:09+08:00 ] ::1 /hzaulab/index.php/Home/Room/room_show1
INFO: [ app_init ] --START--
INFO: Run Behavior\BuildLiteBehavior [ RunTime:0.000056s ]
INFO: [ app_init ] --END-- [ RunTime:0.000830s ]

[ 2017-08-21T15:23:10+08:00 ] ::1 /hzaulab/index.php/Home/Room/room_show1
INFO: [ app_init ] --START--
INFO: Run Behavior\BuildLiteBehavior [ RunTime:0.000052s ]
INFO: [ app_init ] --END-- [ RunTime:0.000792s ]

[ 2017-08-21T15:23:10+08:00 ] ::1 /hzaulab/index.php/Home/Room/room_show1
INFO: [ app_init ] --START--
INFO: Run Behavior\BuildLiteBehavior [ RunTime:0.000055s ]
INFO: [ app_init ] --END-- [ RunTime:0.000917s ]

[ 2017-08-21T15:23:10+08:00 ] ::1 /hzaulab/index.php/Home/Room/room_show1
INFO: [ app_init ] --START--
INFO: Run Behavior\BuildLiteBehavior [ RunTime:0.000049s ]
INFO: [ app_init ] --END-- [ RunTime:0.000745s ]

[ 2017-08-21T15:23:10+08:00 ] ::1 /hzaulab/index.php/Home/Room/room_show1
INFO: [ app_init ] --START--
INFO: Run Behavior\BuildLiteBehavior [ RunTime:0.000050s ]
INFO: [ app_init ] --END-- [ RunTime:0.000813s ]

[ 2017-08-21T15:23:11+08:00 ] ::1 /hzaulab/index.php/Home/Room/room_show1
INFO: [ app_init ] --START--
INFO: Run Behavior\BuildLiteBehavior [ RunTime:0.000055s ]
INFO: [ app_init ] --END-- [ RunTime:0.000999s ]

[ 2017-08-21T15:23:56+08:00 ] ::1 /hzaulab/index.php/Home/Room/room_show1
INFO: [ app_init ] --START--
INFO: Run Behavior\BuildLiteBehavior [ RunTime:0.000146s ]
INFO: [ app_init ] --END-- [ RunTime:0.001430s ]

[ 2017-08-21T15:23:57+08:00 ] ::1 /hzaulab/index.php/Home/Room/room_show1
INFO: [ app_init ] --START--
INFO: Run Behavior\BuildLiteBehavior [ RunTime:0.000052s ]
INFO: [ app_init ] --END-- [ RunTime:0.001005s ]

[ 2017-08-21T15:25:01+08:00 ] ::1 /hzaulab/index.php/Home/Room/room_show1
INFO: [ app_init ] --START--
INFO: Run Behavior\BuildLiteBehavior [ RunTime:0.000050s ]
INFO: [ app_init ] --END-- [ RunTime:0.000840s ]

[ 2017-08-21T15:25:02+08:00 ] ::1 /hzaulab/index.php/Home/Room/room_show1
INFO: [ app_init ] --START--
INFO: Run Behavior\BuildLiteBehavior [ RunTime:0.000049s ]
INFO: [ app_init ] --END-- [ RunTime:0.000751s ]

[ 2017-08-21T15:25:05+08:00 ] ::1 /hzaulab/index.php/Home/Room/room_show1
INFO: [ app_init ] --START--
INFO: Run Behavior\BuildLiteBehavior [ RunTime:0.000051s ]
INFO: [ app_init ] --END-- [ RunTime:0.000782s ]

[ 2017-08-21T15:25:07+08:00 ] ::1 /hzaulab/index.php/Home/Room/room_show1_two
INFO: [ app_init ] --START--
INFO: Run Behavior\BuildLiteBehavior [ RunTime:0.000049s ]
INFO: [ app_init ] --END-- [ RunTime:0.000756s ]

[ 2017-08-21T15:25:09+08:00 ] ::1 /hzaulab/index.php/Home/Room/room_show1
INFO: [ app_init ] --START--
INFO: Run Behavior\BuildLiteBehavior [ RunTime:0.000065s ]
INFO: [ app_init ] --END-- [ RunTime:0.000935s ]

[ 2017-08-21T15:25:11+08:00 ] ::1 /hzaulab/index.php/Home/Room/room_show1_two
INFO: [ app_init ] --START--
INFO: Run Behavior\BuildLiteBehavior [ RunTime:0.000049s ]
INFO: [ app_init ] --END-- [ RunTime:0.000772s ]

[ 2017-08-21T15:25:55+08:00 ] ::1 /hzaulab/index.php/Home/Room/room_show1
INFO: [ app_init ] --START--
INFO: Run Behavior\BuildLiteBehavior [ RunTime:0.000055s ]
INFO: [ app_init ] --END-- [ RunTime:0.000914s ]

[ 2017-08-21T15:51:13+08:00 ] ::1 /hzaulab/index.php/Home
INFO: [ app_init ] --START--
INFO: Run Behavior\BuildLiteBehavior [ RunTime:0.000036s ]
INFO: [ app_init ] --END-- [ RunTime:0.001898s ]

[ 2017-08-21T15:51:17+08:00 ] ::1 /hzaulab/index.php/Home/Field/field_show2
INFO: [ app_init ] --START--
INFO: Run Behavior\BuildLiteBehavior [ RunTime:0.000043s ]
INFO: [ app_init ] --END-- [ RunTime:0.000744s ]

[ 2017-08-21T15:51:19+08:00 ] ::1 /hzaulab/index.php/Home/Field/field_show2
INFO: [ app_init ] --START--
INFO: Run Behavior\BuildLiteBehavior [ RunTime:0.000031s ]
INFO: [ app_init ] --END-- [ RunTime:0.000537s ]

[ 2017-08-21T15:51:21+08:00 ] ::1 /hzaulab/index.php/Home/Room/room_show1
INFO: [ app_init ] --START--
INFO: Run Behavior\BuildLiteBehavior [ RunTime:0.000041s ]
INFO: [ app_init ] --END-- [ RunTime:0.000695s ]

[ 2017-08-21T15:51:24+08:00 ] ::1 /hzaulab/index.php/Home/Room/room_show1_two
INFO: [ app_init ] --START--
INFO: Run Behavior\BuildLiteBehavior [ RunTime:0.000040s ]
INFO: [ app_init ] --END-- [ RunTime:0.000695s ]

[ 2017-08-21T15:51:25+08:00 ] ::1 /hzaulab/index.php/Home/Room/room_show1
INFO: [ app_init ] --START--
INFO: Run Behavior\BuildLiteBehavior [ RunTime:0.000027s ]
INFO: [ app_init ] --END-- [ RunTime:0.000496s ]

[ 2017-08-21T15:51:28+08:00 ] ::1 /hzaulab/index.php/Home/Room/room_show1_two
INFO: [ app_init ] --START--
INFO: Run Behavior\BuildLiteBehavior [ RunTime:0.000036s ]
INFO: [ app_init ] --END-- [ RunTime:0.000621s ]

[ 2017-08-21T15:51:29+08:00 ] ::1 /hzaulab/index.php/Home/Room/room_show1
INFO: [ app_init ] --START--
INFO: Run Behavior\BuildLiteBehavior [ RunTime:0.000043s ]
INFO: [ app_init ] --END-- [ RunTime:0.000953s ]

[ 2017-08-21T15:52:02+08:00 ] ::1 /hzaulab/index.php/Home/Room/room_show1_two
INFO: [ app_init ] --START--
INFO: Run Behavior\BuildLiteBehavior [ RunTime:0.000059s ]
INFO: [ app_init ] --END-- [ RunTime:0.000892s ]

[ 2017-08-21T15:52:04+08:00 ] ::1 /hzaulab/index.php/Home/Room/room_show1
INFO: [ app_init ] --START--
INFO: Run Behavior\BuildLiteBehavior [ RunTime:0.000026s ]
INFO: [ app_init ] --END-- [ RunTime:0.000439s ]

[ 2017-08-21T15:56:04+08:00 ] ::1 /hzaulab/
INFO: [ app_init ] --START--
INFO: Run Behavior\BuildLiteBehavior [ RunTime:0.000075s ]
INFO: [ app_init ] --END-- [ RunTime:0.000775s ]

[ 2017-08-21T15:56:28+08:00 ] ::1 /hzaulab/index.php/Home/Room/room_show1
INFO: [ app_init ] --START--
INFO: Run Behavior\BuildLiteBehavior [ RunTime:0.000040s ]
INFO: [ app_init ] --END-- [ RunTime:0.000712s ]

[ 2017-08-21T15:56:30+08:00 ] ::1 /hzaulab/index.php/Home/Room/room_show1_two
INFO: [ app_init ] --START--
INFO: Run Behavior\BuildLiteBehavior [ RunTime:0.000028s ]
INFO: [ app_init ] --END-- [ RunTime:0.000526s ]

[ 2017-08-21T15:56:36+08:00 ] ::1 /hzaulab/index.php/Home/Room/room_show2
INFO: [ app_init ] --START--
INFO: Run Behavior\BuildLiteBehavior [ RunTime:0.000043s ]
INFO: [ app_init ] --END-- [ RunTime:0.000755s ]

[ 2017-08-21T16:01:52+08:00 ] ::1 /hzaulab/index.php/Home/Room/room_show2
INFO: [ app_init ] --START--
INFO: Run Behavior\BuildLiteBehavior [ RunTime:0.000027s ]
INFO: [ app_init ] --END-- [ RunTime:0.000489s ]

[ 2017-08-21T16:02:20+08:00 ] ::1 /hzaulab/index.php/Home/Room/room_show2_two
INFO: [ app_init ] --START--
INFO: Run Behavior\BuildLiteBehavior [ RunTime:0.000028s ]
INFO: [ app_init ] --END-- [ RunTime:0.000487s ]

[ 2017-08-21T16:04:04+08:00 ] ::1 /hzaulab/index.php/Home/Room/room_show2_two
INFO: [ app_init ] --START--
INFO: Run Behavior\BuildLiteBehavior [ RunTime:0.000032s ]
INFO: [ app_init ] --END-- [ RunTime:0.000577s ]

[ 2017-08-21T16:05:08+08:00 ] ::1 /hzaulab/index.php/Home/Room/room_show2_two
INFO: [ app_init ] --START--
INFO: Run Behavior\BuildLiteBehavior [ RunTime:0.000028s ]
INFO: [ app_init ] --END-- [ RunTime:0.000534s ]

[ 2017-08-21T16:06:51+08:00 ] ::1 /hzaulab/index.php/Home/Room/room_show2_two
INFO: [ app_init ] --START--
INFO: Run Behavior\BuildLiteBehavior [ RunTime:0.000048s ]
INFO: [ app_init ] --END-- [ RunTime:0.000796s ]

[ 2017-08-21T16:08:11+08:00 ] ::1 /hzaulab/index.php/Home/Room/room_show2_two
INFO: [ app_init ] --START--
INFO: Run Behavior\BuildLiteBehavior [ RunTime:0.000038s ]
INFO: [ app_init ] --END-- [ RunTime:0.000636s ]

[ 2017-08-21T16:10:53+08:00 ] ::1 /hzaulab/index.php/Home/Room/room_show2_two
INFO: [ app_init ] --START--
INFO: Run Behavior\BuildLiteBehavior [ RunTime:0.000066s ]
INFO: [ app_init ] --END-- [ RunTime:0.000659s ]

[ 2017-08-21T16:11:32+08:00 ] ::1 /hzaulab/index.php/Home/Room/room_show2_two
INFO: [ app_init ] --START--
INFO: Run Behavior\BuildLiteBehavior [ RunTime:0.000025s ]
INFO: [ app_init ] --END-- [ RunTime:0.000470s ]

[ 2017-08-21T16:11:43+08:00 ] ::1 /hzaulab/index.php/Home/Room/room_show2
INFO: [ app_init ] --START--
INFO: Run Behavior\BuildLiteBehavior [ RunTime:0.000036s ]
INFO: [ app_init ] --END-- [ RunTime:0.000624s ]

[ 2017-08-21T16:14:22+08:00 ] ::1 /hzaulab/index.php/Home/Room/room_show2
INFO: [ app_init ] --START--
INFO: Run Behavior\BuildLiteBehavior [ RunTime:0.000043s ]
INFO: [ app_init ] --END-- [ RunTime:0.000938s ]

[ 2017-08-21T16:14:43+08:00 ] ::1 /hzaulab/index.php/Home/Room/room_show2
INFO: [ app_init ] --START--
INFO: Run Behavior\BuildLiteBehavior [ RunTime:0.000025s ]
INFO: [ app_init ] --END-- [ RunTime:0.000430s ]

[ 2017-08-21T16:15:36+08:00 ] ::1 /hzaulab/index.php/Home/Room/room_show2
INFO: [ app_init ] --START--
INFO: Run Behavior\BuildLiteBehavior [ RunTime:0.000036s ]
INFO: [ app_init ] --END-- [ RunTime:0.000661s ]

[ 2017-08-21T16:16:13+08:00 ] ::1 /hzaulab/index.php/Home/Room/room_show2
INFO: [ app_init ] --START--
INFO: Run Behavior\BuildLiteBehavior [ RunTime:0.000043s ]
INFO: [ app_init ] --END-- [ RunTime:0.000767s ]

[ 2017-08-21T16:18:53+08:00 ] ::1 /hzaulab/index.php/Home/Room/room_show2
INFO: [ app_init ] --START--
INFO: Run Behavior\BuildLiteBehavior [ RunTime:0.000050s ]
INFO: [ app_init ] --END-- [ RunTime:0.000732s ]

[ 2017-08-21T16:20:24+08:00 ] ::1 /hzaulab/index.php/Home/Room/room_show2
INFO: [ app_init ] --START--
INFO: Run Behavior\BuildLiteBehavior [ RunTime:0.000024s ]
INFO: [ app_init ] --END-- [ RunTime:0.000474s ]

[ 2017-08-21T16:20:56+08:00 ] ::1 /hzaulab/index.php/Home/Room/room_show2
INFO: [ app_init ] --START--
INFO: Run Behavior\BuildLiteBehavior [ RunTime:0.000035s ]
INFO: [ app_init ] --END-- [ RunTime:0.000590s ]

[ 2017-08-21T16:28:17+08:00 ] ::1 /hzaulab/index.php/Home/Room/room_show2
INFO: [ app_init ] --START--
INFO: Run Behavior\BuildLiteBehavior [ RunTime:0.000033s ]
INFO: [ app_init ] --END-- [ RunTime:0.000581s ]

[ 2017-08-21T16:28:34+08:00 ] ::1 /hzaulab/index.php/Home/Room/room_show2
INFO: [ app_init ] --START--
INFO: Run Behavior\BuildLiteBehavior [ RunTime:0.000025s ]
INFO: [ app_init ] --END-- [ RunTime:0.000432s ]

[ 2017-08-21T16:28:39+08:00 ] ::1 /hzaulab/index.php/Home/About/about_show1
INFO: [ app_init ] --START--
INFO: Run Behavior\BuildLiteBehavior [ RunTime:0.000039s ]
INFO: [ app_init ] --END-- [ RunTime:0.000677s ]

[ 2017-08-21T16:28:41+08:00 ] ::1 /hzaulab/index.php/Home/Index/index
INFO: [ app_init ] --START--
INFO: Run Behavior\BuildLiteBehavior [ RunTime:0.000028s ]
INFO: [ app_init ] --END-- [ RunTime:0.000536s ]

[ 2017-08-21T16:28:42+08:00 ] ::1 /hzaulab/index.php/Home/About/about_show1
INFO: [ app_init ] --START--
INFO: Run Behavior\BuildLiteBehavior [ RunTime:0.000028s ]
INFO: [ app_init ] --END-- [ RunTime:0.000642s ]

[ 2017-08-21T16:28:43+08:00 ] ::1 /hzaulab/index.php/Home/Field/field
INFO: [ app_init ] --START--
INFO: Run Behavior\BuildLiteBehavior [ RunTime:0.000043s ]
INFO: [ app_init ] --END-- [ RunTime:0.000673s ]

[ 2017-08-21T16:28:45+08:00 ] ::1 /hzaulab/index.php/Home/Room/room
INFO: [ app_init ] --START--
INFO: Run Behavior\BuildLiteBehavior [ RunTime:0.000028s ]
INFO: [ app_init ] --END-- [ RunTime:0.000474s ]

[ 2017-08-21T16:28:47+08:00 ] ::1 /hzaulab/index.php/Home/Laboratory/laboratory
INFO: [ app_init ] --START--
INFO: Run Behavior\BuildLiteBehavior [ RunTime:0.000029s ]
INFO: [ app_init ] --END-- [ RunTime:0.000488s ]

[ 2017-08-21T16:28:48+08:00 ] ::1 /hzaulab/index.php/Home/Equipment/equipment
INFO: [ app_init ] --START--
INFO: Run Behavior\BuildLiteBehavior [ RunTime:0.000028s ]
INFO: [ app_init ] --END-- [ RunTime:0.000485s ]

[ 2017-08-21T16:29:53+08:00 ] ::1 /hzaulab/index.php/Home/Equipment/equipment
INFO: [ app_init ] --START--
INFO: Run Behavior\BuildLiteBehavior [ RunTime:0.000043s ]
INFO: [ app_init ] --END-- [ RunTime:0.000813s ]

[ 2017-08-21T16:29:53+08:00 ] ::1 /hzaulab/index.php/Home/Equipment/equipment
INFO: [ app_init ] --START--
INFO: Run Behavior\BuildLiteBehavior [ RunTime:0.000033s ]
INFO: [ app_init ] --END-- [ RunTime:0.000681s ]

[ 2017-08-21T16:31:17+08:00 ] ::1 /hzaulab/index.php/Home/Room/room_show1
INFO: [ app_init ] --START--
INFO: Run Behavior\BuildLiteBehavior [ RunTime:0.000025s ]
INFO: [ app_init ] --END-- [ RunTime:0.000473s ]

[ 2017-08-21T16:31:18+08:00 ] ::1 /hzaulab/index.php/Home/Room/room_show1
INFO: [ app_init ] --START--
INFO: Run Behavior\BuildLiteBehavior [ RunTime:0.000057s ]
INFO: [ app_init ] --END-- [ RunTime:0.000913s ]

[ 2017-08-21T16:32:53+08:00 ] ::1 /hzaulab/index.php/Home/Room/room_show1
INFO: [ app_init ] --START--
INFO: Run Behavior\BuildLiteBehavior [ RunTime:0.000030s ]
INFO: [ app_init ] --END-- [ RunTime:0.001142s ]

[ 2017-08-21T19:23:39+08:00 ] ::1 /hzaulab/index.php/Home/Room/room_show1
INFO: [ app_init ] --START--
INFO: Run Behavior\BuildLiteBehavior [ RunTime:0.000053s ]
INFO: [ app_init ] --END-- [ RunTime:0.001073s ]

[ 2017-08-21T19:24:20+08:00 ] ::1 /hzaulab/index.php/Home/Index/index
INFO: [ app_init ] --START--
INFO: Run Behavior\BuildLiteBehavior [ RunTime:0.000026s ]
INFO: [ app_init ] --END-- [ RunTime:0.000467s ]

[ 2017-08-21T19:24:21+08:00 ] ::1 /hzaulab/index.php/Home/About/about_show1
INFO: [ app_init ] --START--
INFO: Run Behavior\BuildLiteBehavior [ RunTime:0.000025s ]
INFO: [ app_init ] --END-- [ RunTime:0.000446s ]

[ 2017-08-21T19:24:25+08:00 ] ::1 /hzaulab/index.php/Home/About/about_show2.html
INFO: [ app_init ] --START--
INFO: Run Behavior\BuildLiteBehavior [ RunTime:0.000027s ]
INFO: [ app_init ] --END-- [ RunTime:0.001178s ]

[ 2017-08-21T19:24:25+08:00 ] ::1 /hzaulab/index.php/Home/About/about_show3.html
INFO: [ app_init ] --START--
INFO: Run Behavior\BuildLiteBehavior [ RunTime:0.000025s ]
INFO: [ app_init ] --END-- [ RunTime:0.000431s ]

[ 2017-08-21T19:24:26+08:00 ] ::1 /hzaulab/index.php/Home/Index/index
INFO: [ app_init ] --START--
INFO: Run Behavior\BuildLiteBehavior [ RunTime:0.000026s ]
INFO: [ app_init ] --END-- [ RunTime:0.000446s ]

[ 2017-08-21T19:24:28+08:00 ] ::1 /hzaulab/index.php/Home/About/about_show1
INFO: [ app_init ] --START--
INFO: Run Behavior\BuildLiteBehavior [ RunTime:0.000027s ]
INFO: [ app_init ] --END-- [ RunTime:0.000476s ]

[ 2017-08-21T19:24:52+08:00 ] ::1 /hzaulab/index.php/Home/Index/index
INFO: [ app_init ] --START--
INFO: Run Behavior\BuildLiteBehavior [ RunTime:0.000034s ]
INFO: [ app_init ] --END-- [ RunTime:0.000517s ]

[ 2017-08-21T19:24:53+08:00 ] ::1 /hzaulab/index.php/Home/About/about_show1
INFO: [ app_init ] --START--
INFO: Run Behavior\BuildLiteBehavior [ RunTime:0.000041s ]
INFO: [ app_init ] --END-- [ RunTime:0.000607s ]

[ 2017-08-21T19:28:52+08:00 ] ::1 /hzaulab/index.php/Home
INFO: [ app_init ] --START--
INFO: Run Behavior\BuildLiteBehavior [ RunTime:0.000027s ]
INFO: [ app_init ] --END-- [ RunTime:0.000486s ]

[ 2017-08-21T19:50:06+08:00 ] ::1 /hzaulab/index.php/Home
INFO: [ app_init ] --START--
INFO: Run Behavior\BuildLiteBehavior [ RunTime:0.000031s ]
INFO: [ app_init ] --END-- [ RunTime:0.000764s ]

[ 2017-08-21T21:36:24+08:00 ] ::1 /hzaulab/index.php/Home/About/about_show1
INFO: [ app_init ] --START--
INFO: Run Behavior\BuildLiteBehavior [ RunTime:0.000037s ]
INFO: [ app_init ] --END-- [ RunTime:0.024931s ]

