[ 2017-08-23T00:00:01+08:00 ] ::1 /hzaulab/index.php/Home/Field/field_show2?lxfs1=%2F%2F%E5%BF%85%E5%A1%AB&yjxm=%2F%2F%E5%BF%85%E5%A1%AB&kssj=2017-08-22&zzsj=&ypwz=%2F%2F%E5%BF%85%E5%A1%AB&bz=%2F%2F%E9%80%89
INFO: [ app_init ] --START--
INFO: Run Behavior\BuildLiteBehavior [ RunTime:0.000043s ]
INFO: [ app_init ] --END-- [ RunTime:0.000628s ]

[ 2017-08-23T00:00:09+08:00 ] ::1 /hzaulab/index.php/Home/Field/field_show2?lxfs1=%2F%2F%E5%BF%85%E5%A1%AB&yjxm=%2F%2F%E5%BF%85%E5%A1%AB&kssj=2017-08-22&zzsj=&ypwz=%2F%2F%E5%BF%85%E5%A1%AB&bz=%2F%2F%E9%80%89
INFO: [ app_init ] --START--
INFO: Run Behavior\BuildLiteBehavior [ RunTime:0.000056s ]
INFO: [ app_init ] --END-- [ RunTime:0.000898s ]

[ 2017-08-23T00:00:17+08:00 ] ::1 /hzaulab/index.php/Home/Field/field_show2?lxfs1=%2F%2F%E5%BF%85%E5%A1%AB&yjxm=%2F%2F%E5%BF%85%E5%A1%AB&kssj=2017-08-23&zzsj=&ypwz=%2F%2F%E5%BF%85%E5%A1%AB&bz=%2F%2F%E9%80%89
INFO: [ app_init ] --START--
INFO: Run Behavior\BuildLiteBehavior [ RunTime:0.000163s ]
INFO: [ app_init ] --END-- [ RunTime:0.003128s ]

[ 2017-08-23T00:00:39+08:00 ] ::1 /hzaulab/index.php/Home/Field/field_show2?lxfs1=%2F%2F%E5%BF%85%E5%A1%AB&yjxm=%2F%2F%E5%BF%85%E5%A1%AB&kssj=2017-08-23&zzsj=&ypwz=%2F%2F%E5%BF%85%E5%A1%AB&bz=%2F%2F%E9%80%89
INFO: [ app_init ] --START--
INFO: Run Behavior\BuildLiteBehavior [ RunTime:0.000054s ]
INFO: [ app_init ] --END-- [ RunTime:0.000873s ]

[ 2017-08-23T00:00:42+08:00 ] ::1 /hzaulab/index.php/Home/Field/field_show2?lxfs1=%2F%2F%E5%BF%85%E5%A1%AB&yjxm=%2F%2F%E5%BF%85%E5%A1%AB&kssj=2017-08-23&zzsj=&ypwz=%2F%2F%E5%BF%85%E5%A1%AB&bz=%2F%2F%E9%80%89
INFO: [ app_init ] --START--
INFO: Run Behavior\BuildLiteBehavior [ RunTime:0.000075s ]
INFO: [ app_init ] --END-- [ RunTime:0.001678s ]

[ 2017-08-23T00:00:49+08:00 ] ::1 /hzaulab/index.php/Home/Field/field_show2?lxfs1=%2F%2F%E5%BF%85%E5%A1%AB&yjxm=%2F%2F%E5%BF%85%E5%A1%AB&kssj=2017-08-23&zzsj=&ypwz=%2F%2F%E5%BF%85%E5%A1%AB&bz=%2F%2F%E9%80%89
INFO: [ app_init ] --START--
INFO: Run Behavior\BuildLiteBehavior [ RunTime:0.000051s ]
INFO: [ app_init ] --END-- [ RunTime:0.000851s ]

[ 2017-08-23T00:00:52+08:00 ] ::1 /hzaulab/index.php/Home/Field/field_show2?lxfs1=%2F%2F%E5%BF%85%E5%A1%AB&yjxm=%2F%2F%E5%BF%85%E5%A1%AB&kssj=2017-08-23&zzsj=&ypwz=%2F%2F%E5%BF%85%E5%A1%AB&bz=%2F%2F%E9%80%89
INFO: [ app_init ] --START--
INFO: Run Behavior\BuildLiteBehavior [ RunTime:0.000028s ]
INFO: [ app_init ] --END-- [ RunTime:0.000519s ]

[ 2017-08-23T00:00:57+08:00 ] ::1 /hzaulab/index.php/Home/Field/field_show2?lxfs1=%2F%2F%E5%BF%85%E5%A1%AB&yjxm=%2F%2F%E5%BF%85%E5%A1%AB&kssj=2017-08-23&zzsj=&ypwz=%2F%2F%E5%BF%85%E5%A1%AB&bz=%2F%2F%E9%80%89
INFO: [ app_init ] --START--
INFO: Run Behavior\BuildLiteBehavior [ RunTime:0.000087s ]
INFO: [ app_init ] --END-- [ RunTime:0.001361s ]

[ 2017-08-23T00:01:00+08:00 ] ::1 /hzaulab/index.php/Home/Field/field_show2?lxfs1=%2F%2F%E5%BF%85%E5%A1%AB&yjxm=%2F%2F%E5%BF%85%E5%A1%AB&kssj=2017-08-23&zzsj=&ypwz=%2F%2F%E5%BF%85%E5%A1%AB&bz=%2F%2F%E9%80%89
INFO: [ app_init ] --START--
INFO: Run Behavior\BuildLiteBehavior [ RunTime:0.000048s ]
INFO: [ app_init ] --END-- [ RunTime:0.000718s ]

[ 2017-08-23T00:01:11+08:00 ] ::1 /hzaulab/index.php/Home/Field/field_show2?lxfs1=%2F%2F%E5%BF%85%E5%A1%AB&yjxm=%2F%2F%E5%BF%85%E5%A1%AB&kssj=2017-08-23&zzsj=&ypwz=%2F%2F%E5%BF%85%E5%A1%AB&bz=%2F%2F%E9%80%89
INFO: [ app_init ] --START--
INFO: Run Behavior\BuildLiteBehavior [ RunTime:0.000084s ]
INFO: [ app_init ] --END-- [ RunTime:0.001420s ]

[ 2017-08-23T00:01:13+08:00 ] ::1 /hzaulab/index.php/Home/Field/field_show2?lxfs1=%2F%2F%E5%BF%85%E5%A1%AB&yjxm=%2F%2F%E5%BF%85%E5%A1%AB&kssj=2017-08-23&zzsj=&ypwz=%2F%2F%E5%BF%85%E5%A1%AB&bz=%2F%2F%E9%80%89
INFO: [ app_init ] --START--
INFO: Run Behavior\BuildLiteBehavior [ RunTime:0.000048s ]
INFO: [ app_init ] --END-- [ RunTime:0.000846s ]

[ 2017-08-23T00:01:17+08:00 ] ::1 /hzaulab/index.php/Home/Field/field_show2?lxfs1=%2F%2F%E5%BF%85%E5%A1%AB&yjxm=%2F%2F%E5%BF%85%E5%A1%AB&kssj=2017-08-23&zzsj=&ypwz=%2F%2F%E5%BF%85%E5%A1%AB&bz=%2F%2F%E9%80%89
INFO: [ app_init ] --START--
INFO: Run Behavior\BuildLiteBehavior [ RunTime:0.000025s ]
INFO: [ app_init ] --END-- [ RunTime:0.000417s ]

[ 2017-08-23T00:01:23+08:00 ] ::1 /hzaulab/index.php/Home/Field/field_show2
INFO: [ app_init ] --START--
INFO: Run Behavior\BuildLiteBehavior [ RunTime:0.000030s ]
INFO: [ app_init ] --END-- [ RunTime:0.000466s ]

[ 2017-08-23T00:01:41+08:00 ] ::1 /hzaulab/index.php/Home/Field/field_show2?lxfs1=%2F%2F%E5%BF%85%E5%A1%AB&yjxm=%2F%2F%E5%BF%85%E5%A1%AB&kssj=2017-08-23&zzsj=&ypwz=%2F%2F%E5%BF%85%E5%A1%AB&bz=%2F%2F%E9%80%89
INFO: [ app_init ] --START--
INFO: Run Behavior\BuildLiteBehavior [ RunTime:0.000025s ]
INFO: [ app_init ] --END-- [ RunTime:0.000500s ]

[ 2017-08-23T00:02:12+08:00 ] ::1 /hzaulab/index.php/Home/Field/field_show2?lxfs1=%2F%2F%E5%BF%85%E5%A1%AB&yjxm=%2F%2F%E5%BF%85%E5%A1%AB&kssj=2017-08-23&zzsj=&ypwz=%2F%2F%E5%BF%85%E5%A1%AB&bz=%2F%2F%E9%80%89
INFO: [ app_init ] --START--
INFO: Run Behavior\BuildLiteBehavior [ RunTime:0.000052s ]
INFO: [ app_init ] --END-- [ RunTime:0.001176s ]

[ 2017-08-23T00:02:17+08:00 ] ::1 /hzaulab/index.php/Home/Field/field_show2?lxfs1=%2F%2F%E5%BF%85%E5%A1%AB&yjxm=%2F%2F%E5%BF%85%E5%A1%AB&kssj=2017-08-23&zzsj=&ypwz=%2F%2F%E5%BF%85%E5%A1%AB&bz=%2F%2F%E9%80%89
INFO: [ app_init ] --START--
INFO: Run Behavior\BuildLiteBehavior [ RunTime:0.000049s ]
INFO: [ app_init ] --END-- [ RunTime:0.000822s ]

[ 2017-08-23T00:02:21+08:00 ] ::1 /hzaulab/index.php/Home/Field/field_show2?lxfs1=%2F%2F%E5%BF%85%E5%A1%AB&yjxm=%2F%2F%E5%BF%85%E5%A1%AB&kssj=2017-08-23&zzsj=&ypwz=%2F%2F%E5%BF%85%E5%A1%AB&bz=%2F%2F%E9%80%89
INFO: [ app_init ] --START--
INFO: Run Behavior\BuildLiteBehavior [ RunTime:0.000053s ]
INFO: [ app_init ] --END-- [ RunTime:0.001007s ]

[ 2017-08-23T00:02:26+08:00 ] ::1 /hzaulab/index.php/Home/Field/field_show2?lxfs1=%2F%2F%E5%BF%85%E5%A1%AB&yjxm=%2F%2F%E5%BF%85%E5%A1%AB&kssj=2017-08-23&zzsj=&ypwz=%2F%2F%E5%BF%85%E5%A1%AB&bz=%2F%2F%E9%80%89
INFO: [ app_init ] --START--
INFO: Run Behavior\BuildLiteBehavior [ RunTime:0.000121s ]
INFO: [ app_init ] --END-- [ RunTime:0.001826s ]

[ 2017-08-23T00:02:28+08:00 ] ::1 /hzaulab/index.php/Home/Field/field_show2?lxfs1=%2F%2F%E5%BF%85%E5%A1%AB&yjxm=%2F%2F%E5%BF%85%E5%A1%AB&kssj=2017-08-23&zzsj=&ypwz=%2F%2F%E5%BF%85%E5%A1%AB&bz=%2F%2F%E9%80%89
INFO: [ app_init ] --START--
INFO: Run Behavior\BuildLiteBehavior [ RunTime:0.000053s ]
INFO: [ app_init ] --END-- [ RunTime:0.000930s ]

[ 2017-08-23T00:02:37+08:00 ] ::1 /hzaulab/index.php/Home/Field/field_show2?lxfs1=%2F%2F%E5%BF%85%E5%A1%AB&yjxm=%2F%2F%E5%BF%85%E5%A1%AB&kssj=2017-08-23&zzsj=&ypwz=%2F%2F%E5%BF%85%E5%A1%AB&bz=%2F%2F%E9%80%89
INFO: [ app_init ] --START--
INFO: Run Behavior\BuildLiteBehavior [ RunTime:0.000031s ]
INFO: [ app_init ] --END-- [ RunTime:0.000651s ]

[ 2017-08-23T00:04:27+08:00 ] ::1 /hzaulab/index.php/Home/Field/field_show2?lxfs1=%2F%2F%E5%BF%85%E5%A1%AB&yjxm=%2F%2F%E5%BF%85%E5%A1%AB&kssj=2017-08-23&zzsj=&ypwz=%2F%2F%E5%BF%85%E5%A1%AB&bz=%2F%2F%E9%80%89
INFO: [ app_init ] --START--
INFO: Run Behavior\BuildLiteBehavior [ RunTime:0.000051s ]
INFO: [ app_init ] --END-- [ RunTime:0.000886s ]

[ 2017-08-23T00:04:43+08:00 ] ::1 /hzaulab/index.php/Home/Field/field_show2?lxfs1=%2F%2F%E5%BF%85%E5%A1%AB&yjxm=%2F%2F%E5%BF%85%E5%A1%AB&kssj=2017-08-23&zzsj=&ypwz=%2F%2F%E5%BF%85%E5%A1%AB&bz=%2F%2F%E9%80%89
INFO: [ app_init ] --START--
INFO: Run Behavior\BuildLiteBehavior [ RunTime:0.000056s ]
INFO: [ app_init ] --END-- [ RunTime:0.002299s ]

[ 2017-08-23T00:04:45+08:00 ] ::1 /hzaulab/index.php/Home/Field/field_show2?lxfs1=%2F%2F%E5%BF%85%E5%A1%AB&yjxm=%2F%2F%E5%BF%85%E5%A1%AB&kssj=2017-08-23&zzsj=&ypwz=%2F%2F%E5%BF%85%E5%A1%AB&bz=%2F%2F%E9%80%89
INFO: [ app_init ] --START--
INFO: Run Behavior\BuildLiteBehavior [ RunTime:0.000029s ]
INFO: [ app_init ] --END-- [ RunTime:0.001354s ]

[ 2017-08-23T00:04:56+08:00 ] ::1 /hzaulab/index.php/Home/Field/field_show2?lxfs1=%2F%2F%E5%BF%85%E5%A1%AB&yjxm=%2F%2F%E5%BF%85%E5%A1%AB&kssj=2017-08-23&zzsj=&ypwz=%2F%2F%E5%BF%85%E5%A1%AB&bz=%2F%2F%E9%80%89
INFO: [ app_init ] --START--
INFO: Run Behavior\BuildLiteBehavior [ RunTime:0.000084s ]
INFO: [ app_init ] --END-- [ RunTime:0.001436s ]

[ 2017-08-23T00:05:01+08:00 ] ::1 /hzaulab/index.php/Home/Field/field_show2?lxfs1=%2F%2F%E5%BF%85%E5%A1%AB&yjxm=%2F%2F%E5%BF%85%E5%A1%AB&kssj=2017-08-23&zzsj=&ypwz=%2F%2F%E5%BF%85%E5%A1%AB&bz=%2F%2F%E9%80%89
INFO: [ app_init ] --START--
INFO: Run Behavior\BuildLiteBehavior [ RunTime:0.000055s ]
INFO: [ app_init ] --END-- [ RunTime:0.002399s ]

[ 2017-08-23T00:05:40+08:00 ] ::1 /hzaulab/index.php/Home/Field/field_show2?lxfs1=%2F%2F%E5%BF%85%E5%A1%AB&yjxm=%2F%2F%E5%BF%85%E5%A1%AB&kssj=2017-08-23&zzsj=&ypwz=%2F%2F%E5%BF%85%E5%A1%AB&bz=%2F%2F%E9%80%89
INFO: [ app_init ] --START--
INFO: Run Behavior\BuildLiteBehavior [ RunTime:0.000056s ]
INFO: [ app_init ] --END-- [ RunTime:0.000914s ]

[ 2017-08-23T00:05:42+08:00 ] ::1 /hzaulab/index.php/Home/Field/field_show2?lxfs1=%2F%2F%E5%BF%85%E5%A1%AB&yjxm=%2F%2F%E5%BF%85%E5%A1%AB&kssj=2017-08-23&zzsj=&ypwz=%2F%2F%E5%BF%85%E5%A1%AB&bz=%2F%2F%E9%80%89
INFO: [ app_init ] --START--
INFO: Run Behavior\BuildLiteBehavior [ RunTime:0.000032s ]
INFO: [ app_init ] --END-- [ RunTime:0.000599s ]

[ 2017-08-23T00:06:03+08:00 ] ::1 /hzaulab/index.php/Home/Field/field_show2?lxfs1=%2F%2F%E5%BF%85%E5%A1%AB&yjxm=%2F%2F%E5%BF%85%E5%A1%AB&kssj=2017-08-23&zzsj=&ypwz=%2F%2F%E5%BF%85%E5%A1%AB&bz=%2F%2F%E9%80%89
INFO: [ app_init ] --START--
INFO: Run Behavior\BuildLiteBehavior [ RunTime:0.000072s ]
INFO: [ app_init ] --END-- [ RunTime:0.001996s ]

[ 2017-08-23T00:06:05+08:00 ] ::1 /hzaulab/index.php/Home/Field/field_show2?lxfs1=%2F%2F%E5%BF%85%E5%A1%AB&yjxm=%2F%2F%E5%BF%85%E5%A1%AB&kssj=2017-08-23&zzsj=&ypwz=%2F%2F%E5%BF%85%E5%A1%AB&bz=%2F%2F%E9%80%89
INFO: [ app_init ] --START--
INFO: Run Behavior\BuildLiteBehavior [ RunTime:0.000041s ]
INFO: [ app_init ] --END-- [ RunTime:0.000502s ]

[ 2017-08-23T00:06:09+08:00 ] ::1 /hzaulab/index.php/Home/Field/field_show2?lxfs1=%2F%2F%E5%BF%85%E5%A1%AB&yjxm=%2F%2F%E5%BF%85%E5%A1%AB&kssj=2017-08-23&zzsj=&ypwz=%2F%2F%E5%BF%85%E5%A1%AB&bz=%2F%2F%E9%80%89
INFO: [ app_init ] --START--
INFO: Run Behavior\BuildLiteBehavior [ RunTime:0.000073s ]
INFO: [ app_init ] --END-- [ RunTime:0.001101s ]

[ 2017-08-23T00:07:11+08:00 ] ::1 /hzaulab/index.php/Home/Field/field_show2?lxfs1=%2F%2F%E5%BF%85%E5%A1%AB&yjxm=%2F%2F%E5%BF%85%E5%A1%AB&kssj=2017-08-23&zzsj=&ypwz=%2F%2F%E5%BF%85%E5%A1%AB&bz=%2F%2F%E9%80%89
INFO: [ app_init ] --START--
INFO: Run Behavior\BuildLiteBehavior [ RunTime:0.000111s ]
INFO: [ app_init ] --END-- [ RunTime:0.001790s ]

[ 2017-08-23T00:07:12+08:00 ] ::1 /hzaulab/index.php/Home/Field/field_show2?lxfs1=%2F%2F%E5%BF%85%E5%A1%AB&yjxm=%2F%2F%E5%BF%85%E5%A1%AB&kssj=2017-08-23&zzsj=&ypwz=%2F%2F%E5%BF%85%E5%A1%AB&bz=%2F%2F%E9%80%89
INFO: [ app_init ] --START--
INFO: Run Behavior\BuildLiteBehavior [ RunTime:0.000033s ]
INFO: [ app_init ] --END-- [ RunTime:0.000741s ]

[ 2017-08-23T00:07:14+08:00 ] ::1 /hzaulab/index.php/Home/Field/field_show2?lxfs1=%2F%2F%E5%BF%85%E5%A1%AB&yjxm=%2F%2F%E5%BF%85%E5%A1%AB&kssj=2017-08-23&zzsj=&ypwz=%2F%2F%E5%BF%85%E5%A1%AB&bz=%2F%2F%E9%80%89
INFO: [ app_init ] --START--
INFO: Run Behavior\BuildLiteBehavior [ RunTime:0.000106s ]
INFO: [ app_init ] --END-- [ RunTime:0.002465s ]

[ 2017-08-23T00:07:47+08:00 ] ::1 /hzaulab/index.php/Home/Field/field_show2?lxfs1=%2F%2F%E5%BF%85%E5%A1%AB&yjxm=%2F%2F%E5%BF%85%E5%A1%AB&kssj=2017-08-23&zzsj=&ypwz=%2F%2F%E5%BF%85%E5%A1%AB&bz=%2F%2F%E9%80%89
INFO: [ app_init ] --START--
INFO: Run Behavior\BuildLiteBehavior [ RunTime:0.000032s ]
INFO: [ app_init ] --END-- [ RunTime:0.000569s ]

[ 2017-08-23T00:07:52+08:00 ] ::1 /hzaulab/index.php/Home/Field/field_show2?lxfs1=%2F%2F%E5%BF%85%E5%A1%AB&yjxm=%2F%2F%E5%BF%85%E5%A1%AB&kssj=2017-08-23&zzsj=&ypwz=%2F%2F%E5%BF%85%E5%A1%AB&bz=%2F%2F%E9%80%89
INFO: [ app_init ] --START--
INFO: Run Behavior\BuildLiteBehavior [ RunTime:0.000055s ]
INFO: [ app_init ] --END-- [ RunTime:0.003610s ]

[ 2017-08-23T00:08:29+08:00 ] ::1 /hzaulab/index.php/Home/Field/field_show2?lxfs1=%2F%2F%E5%BF%85%E5%A1%AB&yjxm=%2F%2F%E5%BF%85%E5%A1%AB&kssj=2017-08-23&zzsj=&ypwz=%2F%2F%E5%BF%85%E5%A1%AB&bz=%2F%2F%E9%80%89
INFO: [ app_init ] --START--
INFO: Run Behavior\BuildLiteBehavior [ RunTime:0.000032s ]
INFO: [ app_init ] --END-- [ RunTime:0.000602s ]

[ 2017-08-23T00:08:51+08:00 ] ::1 /hzaulab/index.php/Home/Field/field_show2?lxfs1=%2F%2F%E5%BF%85%E5%A1%AB&yjxm=%2F%2F%E5%BF%85%E5%A1%AB&kssj=2017-08-23&zzsj=&ypwz=%2F%2F%E5%BF%85%E5%A1%AB&bz=%2F%2F%E9%80%89
INFO: [ app_init ] --START--
INFO: Run Behavior\BuildLiteBehavior [ RunTime:0.000031s ]
INFO: [ app_init ] --END-- [ RunTime:0.000487s ]

[ 2017-08-23T00:08:53+08:00 ] ::1 /hzaulab/index.php/Home/Field/field_show2?lxfs1=%2F%2F%E5%BF%85%E5%A1%AB&yjxm=%2F%2F%E5%BF%85%E5%A1%AB&kssj=2017-08-23&zzsj=&ypwz=%2F%2F%E5%BF%85%E5%A1%AB&bz=%2F%2F%E9%80%89
INFO: [ app_init ] --START--
INFO: Run Behavior\BuildLiteBehavior [ RunTime:0.000027s ]
INFO: [ app_init ] --END-- [ RunTime:0.000482s ]

[ 2017-08-23T00:09:05+08:00 ] ::1 /hzaulab/index.php/Home/Field/field_show2?lxfs1=%2F%2F%E5%BF%85%E5%A1%AB&yjxm=%2F%2F%E5%BF%85%E5%A1%AB&kssj=2017-08-23&zzsj=&ypwz=%2F%2F%E5%BF%85%E5%A1%AB&bz=%2F%2F%E9%80%89
INFO: [ app_init ] --START--
INFO: Run Behavior\BuildLiteBehavior [ RunTime:0.000081s ]
INFO: [ app_init ] --END-- [ RunTime:0.001570s ]

[ 2017-08-23T00:09:08+08:00 ] ::1 /hzaulab/index.php/Home/Field/field_show2?lxfs1=%2F%2F%E5%BF%85%E5%A1%AB&yjxm=%2F%2F%E5%BF%85%E5%A1%AB&kssj=2017-08-23&zzsj=&ypwz=%2F%2F%E5%BF%85%E5%A1%AB&bz=%2F%2F%E9%80%89
INFO: [ app_init ] --START--
INFO: Run Behavior\BuildLiteBehavior [ RunTime:0.000027s ]
INFO: [ app_init ] --END-- [ RunTime:0.000520s ]

[ 2017-08-23T00:09:26+08:00 ] ::1 /hzaulab/index.php/Home/Field/field_show2?lxfs1=%2F%2F%E5%BF%85%E5%A1%AB&yjxm=%2F%2F%E5%BF%85%E5%A1%AB&kssj=2017-08-23&zzsj=&ypwz=%2F%2F%E5%BF%85%E5%A1%AB&bz=%2F%2F%E9%80%89
INFO: [ app_init ] --START--
INFO: Run Behavior\BuildLiteBehavior [ RunTime:0.000051s ]
INFO: [ app_init ] --END-- [ RunTime:0.000896s ]

[ 2017-08-23T00:09:29+08:00 ] ::1 /hzaulab/index.php/Home/Field/field_show2?lxfs1=%2F%2F%E5%BF%85%E5%A1%AB&yjxm=%2F%2F%E5%BF%85%E5%A1%AB&kssj=2017-08-23&zzsj=&ypwz=%2F%2F%E5%BF%85%E5%A1%AB&bz=%2F%2F%E9%80%89
INFO: [ app_init ] --START--
INFO: Run Behavior\BuildLiteBehavior [ RunTime:0.000026s ]
INFO: [ app_init ] --END-- [ RunTime:0.000439s ]

[ 2017-08-23T00:09:58+08:00 ] ::1 /hzaulab/index.php/Home/Field/field_show2?lxfs1=%2F%2F%E5%BF%85%E5%A1%AB&yjxm=%2F%2F%E5%BF%85%E5%A1%AB&kssj=2017-08-23&zzsj=&ypwz=%2F%2F%E5%BF%85%E5%A1%AB&bz=%2F%2F%E9%80%89
INFO: [ app_init ] --START--
INFO: Run Behavior\BuildLiteBehavior [ RunTime:0.000048s ]
INFO: [ app_init ] --END-- [ RunTime:0.000736s ]

[ 2017-08-23T00:10:40+08:00 ] ::1 /hzaulab/index.php/Home/Field/field_show2?lxfs1=%2F%2F%E5%BF%85%E5%A1%AB&yjxm=%2F%2F%E5%BF%85%E5%A1%AB&kssj=2017-08-23&zzsj=&ypwz=%2F%2F%E5%BF%85%E5%A1%AB&bz=%2F%2F%E9%80%89
INFO: [ app_init ] --START--
INFO: Run Behavior\BuildLiteBehavior [ RunTime:0.000065s ]
INFO: [ app_init ] --END-- [ RunTime:0.001182s ]

[ 2017-08-23T00:11:00+08:00 ] ::1 /hzaulab/index.php/Home/Field/field_show2?lxfs1=%2F%2F%E5%BF%85%E5%A1%AB&yjxm=%2F%2F%E5%BF%85%E5%A1%AB&kssj=2017-08-23&zzsj=&ypwz=%2F%2F%E5%BF%85%E5%A1%AB&bz=%2F%2F%E9%80%89
INFO: [ app_init ] --START--
INFO: Run Behavior\BuildLiteBehavior [ RunTime:0.000046s ]
INFO: [ app_init ] --END-- [ RunTime:0.000814s ]

[ 2017-08-23T00:11:17+08:00 ] ::1 /hzaulab/index.php/Home/Field/field_show2?lxfs1=%2F%2F%E5%BF%85%E5%A1%AB&yjxm=%2F%2F%E5%BF%85%E5%A1%AB&kssj=2017-08-23&zzsj=&ypwz=%2F%2F%E5%BF%85%E5%A1%AB&bz=%2F%2F%E9%80%89
INFO: [ app_init ] --START--
INFO: Run Behavior\BuildLiteBehavior [ RunTime:0.000051s ]
INFO: [ app_init ] --END-- [ RunTime:0.000901s ]

[ 2017-08-23T00:11:41+08:00 ] ::1 /hzaulab/index.php/Home/Field/field_show2?lxfs1=%2F%2F%E5%BF%85%E5%A1%AB&yjxm=%2F%2F%E5%BF%85%E5%A1%AB&kssj=2017-08-23&zzsj=&ypwz=%2F%2F%E5%BF%85%E5%A1%AB&bz=%2F%2F%E9%80%89
INFO: [ app_init ] --START--
INFO: Run Behavior\BuildLiteBehavior [ RunTime:0.000063s ]
INFO: [ app_init ] --END-- [ RunTime:0.002478s ]

[ 2017-08-23T00:13:05+08:00 ] ::1 /hzaulab/index.php/Home/Field/field_show2?lxfs1=%2F%2F%E5%BF%85%E5%A1%AB&yjxm=%2F%2F%E5%BF%85%E5%A1%AB&kssj=2017-08-23&zzsj=&ypwz=%2F%2F%E5%BF%85%E5%A1%AB&bz=%2F%2F%E9%80%89
INFO: [ app_init ] --START--
INFO: Run Behavior\BuildLiteBehavior [ RunTime:0.000130s ]
INFO: [ app_init ] --END-- [ RunTime:0.003055s ]

[ 2017-08-23T00:13:47+08:00 ] ::1 /hzaulab/index.php/Home/Field/field_show2?lxfs1=%2F%2F%E5%BF%85%E5%A1%AB&yjxm=%2F%2F%E5%BF%85%E5%A1%AB&kssj=2017-08-23&zzsj=&ypwz=%2F%2F%E5%BF%85%E5%A1%AB&bz=%2F%2F%E9%80%89
INFO: [ app_init ] --START--
INFO: Run Behavior\BuildLiteBehavior [ RunTime:0.000080s ]
INFO: [ app_init ] --END-- [ RunTime:0.001348s ]

[ 2017-08-23T00:14:07+08:00 ] ::1 /hzaulab/index.php/Home/Field/field_show2?lxfs1=%2F%2F%E5%BF%85%E5%A1%AB&yjxm=%2F%2F%E5%BF%85%E5%A1%AB&kssj=2017-08-23&zzsj=&ypwz=%2F%2F%E5%BF%85%E5%A1%AB&bz=%2F%2F%E9%80%89
INFO: [ app_init ] --START--
INFO: Run Behavior\BuildLiteBehavior [ RunTime:0.000060s ]
INFO: [ app_init ] --END-- [ RunTime:0.001352s ]

[ 2017-08-23T00:15:14+08:00 ] ::1 /hzaulab/index.php/Home/Field/field_show2?lxfs1=%2F%2F%E5%BF%85%E5%A1%AB&yjxm=%2F%2F%E5%BF%85%E5%A1%AB&kssj=2017-08-23&zzsj=&ypwz=%2F%2F%E5%BF%85%E5%A1%AB&bz=%2F%2F%E9%80%89
INFO: [ app_init ] --START--
INFO: Run Behavior\BuildLiteBehavior [ RunTime:0.000053s ]
INFO: [ app_init ] --END-- [ RunTime:0.001073s ]

[ 2017-08-23T00:15:42+08:00 ] ::1 /hzaulab/index.php/Home/Field/field_show2?lxfs1=%2F%2F%E5%BF%85%E5%A1%AB&yjxm=%2F%2F%E5%BF%85%E5%A1%AB&kssj=2017-08-23&zzsj=&ypwz=%2F%2F%E5%BF%85%E5%A1%AB&bz=%2F%2F%E9%80%89
INFO: [ app_init ] --START--
INFO: Run Behavior\BuildLiteBehavior [ RunTime:0.000094s ]
INFO: [ app_init ] --END-- [ RunTime:0.003508s ]

[ 2017-08-23T00:16:04+08:00 ] ::1 /hzaulab/index.php/Home/Field/field_show2?lxfs1=%2F%2F%E5%BF%85%E5%A1%AB&yjxm=%2F%2F%E5%BF%85%E5%A1%AB&kssj=2017-08-23&zzsj=&ypwz=%2F%2F%E5%BF%85%E5%A1%AB&bz=%2F%2F%E9%80%89
INFO: [ app_init ] --START--
INFO: Run Behavior\BuildLiteBehavior [ RunTime:0.000051s ]
INFO: [ app_init ] --END-- [ RunTime:0.000881s ]

[ 2017-08-23T00:16:17+08:00 ] ::1 /hzaulab/index.php/Home/Field/field_show2?lxfs1=%2F%2F%E5%BF%85%E5%A1%AB&yjxm=%2F%2F%E5%BF%85%E5%A1%AB&kssj=2017-08-23&zzsj=&ypwz=%2F%2F%E5%BF%85%E5%A1%AB&bz=%2F%2F%E9%80%89
INFO: [ app_init ] --START--
INFO: Run Behavior\BuildLiteBehavior [ RunTime:0.000051s ]
INFO: [ app_init ] --END-- [ RunTime:0.000896s ]

[ 2017-08-23T00:16:28+08:00 ] ::1 /hzaulab/index.php/Home/Field/field_show2?lxfs1=%2F%2F%E5%BF%85%E5%A1%AB&yjxm=%2F%2F%E5%BF%85%E5%A1%AB&kssj=2017-08-23&zzsj=&ypwz=%2F%2F%E5%BF%85%E5%A1%AB&bz=%2F%2F%E9%80%89
INFO: [ app_init ] --START--
INFO: Run Behavior\BuildLiteBehavior [ RunTime:0.000036s ]
INFO: [ app_init ] --END-- [ RunTime:0.000635s ]

[ 2017-08-23T00:18:43+08:00 ] ::1 /hzaulab/index.php/Home/Field/field_show2?lxfs1=%2F%2F%E5%BF%85%E5%A1%AB&yjxm=%2F%2F%E5%BF%85%E5%A1%AB&kssj=2017-08-23&zzsj=&ypwz=%2F%2F%E5%BF%85%E5%A1%AB&bz=%2F%2F%E9%80%89
INFO: [ app_init ] --START--
INFO: Run Behavior\BuildLiteBehavior [ RunTime:0.000045s ]
INFO: [ app_init ] --END-- [ RunTime:0.000807s ]

[ 2017-08-23T00:19:38+08:00 ] ::1 /hzaulab/index.php/Home/Field/field_show2?lxfs1=%2F%2F%E5%BF%85%E5%A1%AB&yjxm=%2F%2F%E5%BF%85%E5%A1%AB&kssj=2017-08-23&zzsj=&ypwz=%2F%2F%E5%BF%85%E5%A1%AB&bz=%2F%2F%E9%80%89
INFO: [ app_init ] --START--
INFO: Run Behavior\BuildLiteBehavior [ RunTime:0.000050s ]
INFO: [ app_init ] --END-- [ RunTime:0.000910s ]

[ 2017-08-23T00:19:59+08:00 ] ::1 /hzaulab/index.php/Home/Field/field_show2?lxfs1=%2F%2F%E5%BF%85%E5%A1%AB&yjxm=%2F%2F%E5%BF%85%E5%A1%AB&kssj=2017-08-23&zzsj=&ypwz=%2F%2F%E5%BF%85%E5%A1%AB&bz=%2F%2F%E9%80%89
INFO: [ app_init ] --START--
INFO: Run Behavior\BuildLiteBehavior [ RunTime:0.000045s ]
INFO: [ app_init ] --END-- [ RunTime:0.000772s ]

[ 2017-08-23T00:20:06+08:00 ] ::1 /hzaulab/index.php/Home/Field/field_show2?lxfs1=%2F%2F%E5%BF%85%E5%A1%AB&yjxm=%2F%2F%E5%BF%85%E5%A1%AB&kssj=2017-08-23&zzsj=&ypwz=%2F%2F%E5%BF%85%E5%A1%AB&bz=%2F%2F%E9%80%89
INFO: [ app_init ] --START--
INFO: Run Behavior\BuildLiteBehavior [ RunTime:0.000045s ]
INFO: [ app_init ] --END-- [ RunTime:0.001484s ]

[ 2017-08-23T00:21:49+08:00 ] ::1 /hzaulab/index.php/Home/Field/field_show2?lxfs1=%2F%2F%E5%BF%85%E5%A1%AB&yjxm=%2F%2F%E5%BF%85%E5%A1%AB&kssj=2017-08-23&zzsj=&ypwz=%2F%2F%E5%BF%85%E5%A1%AB&bz=%2F%2F%E9%80%89
INFO: [ app_init ] --START--
INFO: Run Behavior\BuildLiteBehavior [ RunTime:0.000053s ]
INFO: [ app_init ] --END-- [ RunTime:0.000931s ]

[ 2017-08-23T00:26:41+08:00 ] ::1 /hzaulab/index.php/Home/Field/field_show2?lxfs1=%2F%2F%E5%BF%85%E5%A1%AB&yjxm=%2F%2F%E5%BF%85%E5%A1%AB&kssj=2017-08-23&zzsj=&ypwz=%2F%2F%E5%BF%85%E5%A1%AB&bz=%2F%2F%E9%80%89
INFO: [ app_init ] --START--
INFO: Run Behavior\BuildLiteBehavior [ RunTime:0.000033s ]
INFO: [ app_init ] --END-- [ RunTime:0.000612s ]

[ 2017-08-23T00:26:42+08:00 ] ::1 /hzaulab/index.php/Home/Field/field_show2?lxfs1=%2F%2F%E5%BF%85%E5%A1%AB&yjxm=%2F%2F%E5%BF%85%E5%A1%AB&kssj=2017-08-23&zzsj=&ypwz=%2F%2F%E5%BF%85%E5%A1%AB&bz=%2F%2F%E9%80%89
INFO: [ app_init ] --START--
INFO: Run Behavior\BuildLiteBehavior [ RunTime:0.000082s ]
INFO: [ app_init ] --END-- [ RunTime:0.001461s ]

[ 2017-08-23T00:26:43+08:00 ] ::1 /hzaulab/index.php/Home/Field/doWord?username=%E5%A4%87%E6%B3%A8:%20,,%E6%A0%B7%E5%93%81%E7%89%A9%E7%A7%8D%EF%BC%9A,,%E7%BB%88%E6%AD%A2%E6%97%B6%E9%97%B4%EF%BC%9A,,%E9%A2%84%E7%BA%A6%E6%97%B6%E9%97%B4%EF%BC%9A%20,,%E7%A0%94%E7%A9%B6%E9%A1%B9%E7%9B%AE%EF%BC%9A,,%E8%AE%BE%E6%96%BD%E7%BC%96%E5%8F%B7%EF%BC%9A,,%E8%AE%BE%E6%96%BD%E4%BD%8D%E7%BD%AE%EF%BC%9A,,%E8%AE%BE%E6%96%BD%E5%90%8D%E7%A7%B0%EF%BC%9A%20,,%E8%81%94%E7%B3%BB%E6%96%B9%E5%BC%8F%EF%BC%9A%20,,%E5%AF%BC%E5%B8%88%E5%A7%93%E5%90%8D%EF%BC%9A%20,,%E8%81%94%E7%B3%BB%E6%96%B9%E5%BC%8F%EF%BC%9A,,%E4%BD%BF%E7%94%A8%E8%80%85%E5%A7%93%E5%90%8D%EF%BC%9A,
INFO: [ app_init ] --START--
INFO: Run Behavior\BuildLiteBehavior [ RunTime:0.000086s ]
INFO: [ app_init ] --END-- [ RunTime:0.001884s ]

[ 2017-08-23T00:28:17+08:00 ] ::1 /hzaulab/index.php/Home/Field/field_show2?lxfs1=%2F%2F%E5%BF%85%E5%A1%AB&yjxm=%2F%2F%E5%BF%85%E5%A1%AB&kssj=2017-08-23&zzsj=&ypwz=%2F%2F%E5%BF%85%E5%A1%AB&bz=%2F%2F%E9%80%89
INFO: [ app_init ] --START--
INFO: Run Behavior\BuildLiteBehavior [ RunTime:0.000032s ]
INFO: [ app_init ] --END-- [ RunTime:0.000562s ]

[ 2017-08-23T00:28:18+08:00 ] ::1 /hzaulab/index.php/Home/Field/field_show2?lxfs1=%2F%2F%E5%BF%85%E5%A1%AB&yjxm=%2F%2F%E5%BF%85%E5%A1%AB&kssj=2017-08-23&zzsj=&ypwz=%2F%2F%E5%BF%85%E5%A1%AB&bz=%2F%2F%E9%80%89
INFO: [ app_init ] --START--
INFO: Run Behavior\BuildLiteBehavior [ RunTime:0.000049s ]
INFO: [ app_init ] --END-- [ RunTime:0.000874s ]

[ 2017-08-23T00:28:19+08:00 ] ::1 /hzaulab/index.php/Home/Field/doWord?username=%E5%A4%87%E6%B3%A8:%20,,%E6%A0%B7%E5%93%81%E7%89%A9%E7%A7%8D%EF%BC%9A,,%E7%BB%88%E6%AD%A2%E6%97%B6%E9%97%B4%EF%BC%9A,,%E9%A2%84%E7%BA%A6%E6%97%B6%E9%97%B4%EF%BC%9A%20,,%E7%A0%94%E7%A9%B6%E9%A1%B9%E7%9B%AE%EF%BC%9A,,%E8%AE%BE%E6%96%BD%E7%BC%96%E5%8F%B7%EF%BC%9A,,%E8%AE%BE%E6%96%BD%E4%BD%8D%E7%BD%AE%EF%BC%9A,,%E8%AE%BE%E6%96%BD%E5%90%8D%E7%A7%B0%EF%BC%9A%20,,%E8%81%94%E7%B3%BB%E6%96%B9%E5%BC%8F%EF%BC%9A%20,,%E5%AF%BC%E5%B8%88%E5%A7%93%E5%90%8D%EF%BC%9A%20,,%E8%81%94%E7%B3%BB%E6%96%B9%E5%BC%8F%EF%BC%9A,,%E4%BD%BF%E7%94%A8%E8%80%85%E5%A7%93%E5%90%8D%EF%BC%9A,
INFO: [ app_init ] --START--
INFO: Run Behavior\BuildLiteBehavior [ RunTime:0.000032s ]
INFO: [ app_init ] --END-- [ RunTime:0.000505s ]

[ 2017-08-23T00:28:21+08:00 ] ::1 /hzaulab/index.php/Home/Field/doWord?username=%E5%A4%87%E6%B3%A8:%20,,%E6%A0%B7%E5%93%81%E7%89%A9%E7%A7%8D%EF%BC%9A,,%E7%BB%88%E6%AD%A2%E6%97%B6%E9%97%B4%EF%BC%9A,,%E9%A2%84%E7%BA%A6%E6%97%B6%E9%97%B4%EF%BC%9A%20,,%E7%A0%94%E7%A9%B6%E9%A1%B9%E7%9B%AE%EF%BC%9A,,%E8%AE%BE%E6%96%BD%E7%BC%96%E5%8F%B7%EF%BC%9A,,%E8%AE%BE%E6%96%BD%E4%BD%8D%E7%BD%AE%EF%BC%9A,,%E8%AE%BE%E6%96%BD%E5%90%8D%E7%A7%B0%EF%BC%9A%20,,%E8%81%94%E7%B3%BB%E6%96%B9%E5%BC%8F%EF%BC%9A%20,,%E5%AF%BC%E5%B8%88%E5%A7%93%E5%90%8D%EF%BC%9A%20,,%E8%81%94%E7%B3%BB%E6%96%B9%E5%BC%8F%EF%BC%9A,,%E4%BD%BF%E7%94%A8%E8%80%85%E5%A7%93%E5%90%8D%EF%BC%9A,
INFO: [ app_init ] --START--
INFO: Run Behavior\BuildLiteBehavior [ RunTime:0.000079s ]
INFO: [ app_init ] --END-- [ RunTime:0.001416s ]

[ 2017-08-23T00:28:22+08:00 ] ::1 /hzaulab/index.php/Home/Field/doWord?username=%E5%A4%87%E6%B3%A8:%20,,%E6%A0%B7%E5%93%81%E7%89%A9%E7%A7%8D%EF%BC%9A,,%E7%BB%88%E6%AD%A2%E6%97%B6%E9%97%B4%EF%BC%9A,,%E9%A2%84%E7%BA%A6%E6%97%B6%E9%97%B4%EF%BC%9A%20,,%E7%A0%94%E7%A9%B6%E9%A1%B9%E7%9B%AE%EF%BC%9A,,%E8%AE%BE%E6%96%BD%E7%BC%96%E5%8F%B7%EF%BC%9A,,%E8%AE%BE%E6%96%BD%E4%BD%8D%E7%BD%AE%EF%BC%9A,,%E8%AE%BE%E6%96%BD%E5%90%8D%E7%A7%B0%EF%BC%9A%20,,%E8%81%94%E7%B3%BB%E6%96%B9%E5%BC%8F%EF%BC%9A%20,,%E5%AF%BC%E5%B8%88%E5%A7%93%E5%90%8D%EF%BC%9A%20,,%E8%81%94%E7%B3%BB%E6%96%B9%E5%BC%8F%EF%BC%9A,,%E4%BD%BF%E7%94%A8%E8%80%85%E5%A7%93%E5%90%8D%EF%BC%9A,
INFO: [ app_init ] --START--
INFO: Run Behavior\BuildLiteBehavior [ RunTime:0.000086s ]
INFO: [ app_init ] --END-- [ RunTime:0.001397s ]

[ 2017-08-23T00:28:23+08:00 ] ::1 /hzaulab/index.php/Home/Field/field_show2?lxfs1=%2F%2F%E5%BF%85%E5%A1%AB&yjxm=%2F%2F%E5%BF%85%E5%A1%AB&kssj=2017-08-23&zzsj=&ypwz=%2F%2F%E5%BF%85%E5%A1%AB&bz=%2F%2F%E9%80%89
INFO: [ app_init ] --START--
INFO: Run Behavior\BuildLiteBehavior [ RunTime:0.000050s ]
INFO: [ app_init ] --END-- [ RunTime:0.000951s ]

[ 2017-08-23T00:28:41+08:00 ] ::1 /hzaulab/index.php/Home/Field/field_show2?lxfs1=%2F%2F%E5%BF%85%E5%A1%AB&yjxm=%2F%2F%E5%BF%85%E5%A1%AB&kssj=2017-08-23&zzsj=&ypwz=%2F%2F%E5%BF%85%E5%A1%AB&bz=%2F%2F%E9%80%89
INFO: [ app_init ] --START--
INFO: Run Behavior\BuildLiteBehavior [ RunTime:0.000052s ]
INFO: [ app_init ] --END-- [ RunTime:0.001017s ]

[ 2017-08-23T00:28:42+08:00 ] ::1 /hzaulab/index.php/Home/Field/doWord?username=%E5%A4%87%E6%B3%A8:%20,,%E6%A0%B7%E5%93%81%E7%89%A9%E7%A7%8D%EF%BC%9A,,%E7%BB%88%E6%AD%A2%E6%97%B6%E9%97%B4%EF%BC%9A,,%E9%A2%84%E7%BA%A6%E6%97%B6%E9%97%B4%EF%BC%9A%20,,%E7%A0%94%E7%A9%B6%E9%A1%B9%E7%9B%AE%EF%BC%9A,,%E8%AE%BE%E6%96%BD%E7%BC%96%E5%8F%B7%EF%BC%9A,,%E8%AE%BE%E6%96%BD%E4%BD%8D%E7%BD%AE%EF%BC%9A,,%E8%AE%BE%E6%96%BD%E5%90%8D%E7%A7%B0%EF%BC%9A%20,,%E8%81%94%E7%B3%BB%E6%96%B9%E5%BC%8F%EF%BC%9A%20,,%E5%AF%BC%E5%B8%88%E5%A7%93%E5%90%8D%EF%BC%9A%20,,%E8%81%94%E7%B3%BB%E6%96%B9%E5%BC%8F%EF%BC%9A,,%E4%BD%BF%E7%94%A8%E8%80%85%E5%A7%93%E5%90%8D%EF%BC%9A,
INFO: [ app_init ] --START--
INFO: Run Behavior\BuildLiteBehavior [ RunTime:0.000048s ]
INFO: [ app_init ] --END-- [ RunTime:0.001616s ]

[ 2017-08-23T00:29:31+08:00 ] ::1 /hzaulab/index.php/Home/Field/field_show2?lxfs1=%2F%2F%E5%BF%85%E5%A1%AB&yjxm=%2F%2F%E5%BF%85%E5%A1%AB&kssj=2017-08-23&zzsj=&ypwz=%2F%2F%E5%BF%85%E5%A1%AB&bz=%2F%2F%E9%80%89
INFO: [ app_init ] --START--
INFO: Run Behavior\BuildLiteBehavior [ RunTime:0.000054s ]
INFO: [ app_init ] --END-- [ RunTime:0.001016s ]

[ 2017-08-23T00:29:32+08:00 ] ::1 /hzaulab/index.php/Home/Field/doWord?username=%E5%A4%87%E6%B3%A8:%20,,%E6%A0%B7%E5%93%81%E7%89%A9%E7%A7%8D%EF%BC%9A,,%E7%BB%88%E6%AD%A2%E6%97%B6%E9%97%B4%EF%BC%9A,,%E9%A2%84%E7%BA%A6%E6%97%B6%E9%97%B4%EF%BC%9A%20,,%E7%A0%94%E7%A9%B6%E9%A1%B9%E7%9B%AE%EF%BC%9A,,%E8%AE%BE%E6%96%BD%E7%BC%96%E5%8F%B7%EF%BC%9A,,%E8%AE%BE%E6%96%BD%E4%BD%8D%E7%BD%AE%EF%BC%9A,,%E8%AE%BE%E6%96%BD%E5%90%8D%E7%A7%B0%EF%BC%9A%20,,%E8%81%94%E7%B3%BB%E6%96%B9%E5%BC%8F%EF%BC%9A%20,,%E5%AF%BC%E5%B8%88%E5%A7%93%E5%90%8D%EF%BC%9A%20,,%E8%81%94%E7%B3%BB%E6%96%B9%E5%BC%8F%EF%BC%9A,,%E4%BD%BF%E7%94%A8%E8%80%85%E5%A7%93%E5%90%8D%EF%BC%9A,
INFO: [ app_init ] --START--
INFO: Run Behavior\BuildLiteBehavior [ RunTime:0.000028s ]
INFO: [ app_init ] --END-- [ RunTime:0.000479s ]

[ 2017-08-23T00:30:22+08:00 ] ::1 /hzaulab/index.php/Home/Field/field_show2?lxfs1=%2F%2F%E5%BF%85%E5%A1%AB&yjxm=%2F%2F%E5%BF%85%E5%A1%AB&kssj=2017-08-23&zzsj=&ypwz=%2F%2F%E5%BF%85%E5%A1%AB&bz=%2F%2F%E9%80%89
INFO: [ app_init ] --START--
INFO: Run Behavior\BuildLiteBehavior [ RunTime:0.000054s ]
INFO: [ app_init ] --END-- [ RunTime:0.003228s ]

[ 2017-08-23T00:30:26+08:00 ] ::1 /hzaulab/index.php/Home/Field/doWord?username=%E5%A4%87%E6%B3%A8:%20,,%E6%A0%B7%E5%93%81%E7%89%A9%E7%A7%8D%EF%BC%9A,,%E7%BB%88%E6%AD%A2%E6%97%B6%E9%97%B4%EF%BC%9A,,%E9%A2%84%E7%BA%A6%E6%97%B6%E9%97%B4%EF%BC%9A%20,,%E7%A0%94%E7%A9%B6%E9%A1%B9%E7%9B%AE%EF%BC%9A,,%E8%AE%BE%E6%96%BD%E7%BC%96%E5%8F%B7%EF%BC%9A,,%E8%AE%BE%E6%96%BD%E4%BD%8D%E7%BD%AE%EF%BC%9A,,%E8%AE%BE%E6%96%BD%E5%90%8D%E7%A7%B0%EF%BC%9A%20,,%E8%81%94%E7%B3%BB%E6%96%B9%E5%BC%8F%EF%BC%9A%20,,%E5%AF%BC%E5%B8%88%E5%A7%93%E5%90%8D%EF%BC%9A%20,,%E8%81%94%E7%B3%BB%E6%96%B9%E5%BC%8F%EF%BC%9A,,%E4%BD%BF%E7%94%A8%E8%80%85%E5%A7%93%E5%90%8D%EF%BC%9A,
INFO: [ app_init ] --START--
INFO: Run Behavior\BuildLiteBehavior [ RunTime:0.000080s ]
INFO: [ app_init ] --END-- [ RunTime:0.001466s ]

[ 2017-08-23T00:31:40+08:00 ] ::1 /hzaulab/index.php/Home/Field/field_show2?lxfs1=%2F%2F%E5%BF%85%E5%A1%AB&yjxm=%2F%2F%E5%BF%85%E5%A1%AB&kssj=2017-08-23&zzsj=&ypwz=%2F%2F%E5%BF%85%E5%A1%AB&bz=%2F%2F%E9%80%89
INFO: [ app_init ] --START--
INFO: Run Behavior\BuildLiteBehavior [ RunTime:0.000050s ]
INFO: [ app_init ] --END-- [ RunTime:0.000905s ]

[ 2017-08-23T00:31:42+08:00 ] ::1 /hzaulab/index.php/Home/Field/doWord?username=[[%22%E5%A4%87%E6%B3%A8:%20%22,%22%22],[%22%E6%A0%B7%E5%93%81%E7%89%A9%E7%A7%8D%EF%BC%9A%22,%22%22],[%22%E7%BB%88%E6%AD%A2%E6%97%B6%E9%97%B4%EF%BC%9A%22,%22%22],[%22%E9%A2%84%E7%BA%A6%E6%97%B6%E9%97%B4%EF%BC%9A%20%22,%22%22],[%22%E7%A0%94%E7%A9%B6%E9%A1%B9%E7%9B%AE%EF%BC%9A%22,%22%22],[%22%E8%AE%BE%E6%96%BD%E7%BC%96%E5%8F%B7%EF%BC%9A%22,%22%22],[%22%E8%AE%BE%E6%96%BD%E4%BD%8D%E7%BD%AE%EF%BC%9A%22,%22%22],[%22%E8%AE%BE%E6%96%BD%E5%90%8D%E7%A7%B0%EF%BC%9A%20%22,%22%22],[%22%E8%81%94%E7%B3%BB%E6%96%B9%E5%BC%8F%EF%BC%9A%20%22,%22%22],[%22%E5%AF%BC%E5%B8%88%E5%A7%93%E5%90%8D%EF%BC%9A%20%22,%22%22],[%22%E8%81%94%E7%B3%BB%E6%96%B9%E5%BC%8F%EF%BC%9A%22,%22%22],[%22%E4%BD%BF%E7%94%A8%E8%80%85%E5%A7%93%E5%90%8D%EF%BC%9A%22,%22%22]]
INFO: [ app_init ] --START--
INFO: Run Behavior\BuildLiteBehavior [ RunTime:0.000042s ]
INFO: [ app_init ] --END-- [ RunTime:0.000655s ]

[ 2017-08-23T00:31:53+08:00 ] ::1 /hzaulab/index.php/Home/Field/field_show2?lxfs1=%2F%2F%E5%BF%85%E5%A1%AB&yjxm=%2F%2F%E5%BF%85%E5%A1%AB&kssj=2017-08-23&zzsj=&ypwz=%2F%2F%E5%BF%85%E5%A1%AB&bz=%2F%2F%E9%80%89
INFO: [ app_init ] --START--
INFO: Run Behavior\BuildLiteBehavior [ RunTime:0.000073s ]
INFO: [ app_init ] --END-- [ RunTime:0.001157s ]

[ 2017-08-23T00:31:55+08:00 ] ::1 /hzaulab/index.php/Home/Field/doWord?username=[[%22%E5%A4%87%E6%B3%A8:%20%22,%22%22],[%22%E6%A0%B7%E5%93%81%E7%89%A9%E7%A7%8D%EF%BC%9A%22,%22%22],[%22%E7%BB%88%E6%AD%A2%E6%97%B6%E9%97%B4%EF%BC%9A%22,%22%22],[%22%E9%A2%84%E7%BA%A6%E6%97%B6%E9%97%B4%EF%BC%9A%20%22,%22%22],[%22%E7%A0%94%E7%A9%B6%E9%A1%B9%E7%9B%AE%EF%BC%9A%22,%22%22],[%22%E8%AE%BE%E6%96%BD%E7%BC%96%E5%8F%B7%EF%BC%9A%22,%22%22],[%22%E8%AE%BE%E6%96%BD%E4%BD%8D%E7%BD%AE%EF%BC%9A%22,%22%22],[%22%E8%AE%BE%E6%96%BD%E5%90%8D%E7%A7%B0%EF%BC%9A%20%22,%22%22],[%22%E8%81%94%E7%B3%BB%E6%96%B9%E5%BC%8F%EF%BC%9A%20%22,%22%22],[%22%E5%AF%BC%E5%B8%88%E5%A7%93%E5%90%8D%EF%BC%9A%20%22,%22%22],[%22%E8%81%94%E7%B3%BB%E6%96%B9%E5%BC%8F%EF%BC%9A%22,%22%22],[%22%E4%BD%BF%E7%94%A8%E8%80%85%E5%A7%93%E5%90%8D%EF%BC%9A%22,%22%22]]
INFO: [ app_init ] --START--
INFO: Run Behavior\BuildLiteBehavior [ RunTime:0.000028s ]
INFO: [ app_init ] --END-- [ RunTime:0.000444s ]

[ 2017-08-23T00:32:02+08:00 ] ::1 /hzaulab/index.php/Home/Field/doWord?username=[[%22%E5%A4%87%E6%B3%A8:%20%22,%22%22],[%22%E6%A0%B7%E5%93%81%E7%89%A9%E7%A7%8D%EF%BC%9A%22,%22%22],[%22%E7%BB%88%E6%AD%A2%E6%97%B6%E9%97%B4%EF%BC%9A%22,%22%22],[%22%E9%A2%84%E7%BA%A6%E6%97%B6%E9%97%B4%EF%BC%9A%20%22,%22%22],[%22%E7%A0%94%E7%A9%B6%E9%A1%B9%E7%9B%AE%EF%BC%9A%22,%22%22],[%22%E8%AE%BE%E6%96%BD%E7%BC%96%E5%8F%B7%EF%BC%9A%22,%22%22],[%22%E8%AE%BE%E6%96%BD%E4%BD%8D%E7%BD%AE%EF%BC%9A%22,%22%22],[%22%E8%AE%BE%E6%96%BD%E5%90%8D%E7%A7%B0%EF%BC%9A%20%22,%22%22],[%22%E8%81%94%E7%B3%BB%E6%96%B9%E5%BC%8F%EF%BC%9A%20%22,%22%22],[%22%E5%AF%BC%E5%B8%88%E5%A7%93%E5%90%8D%EF%BC%9A%20%22,%22%22],[%22%E8%81%94%E7%B3%BB%E6%96%B9%E5%BC%8F%EF%BC%9A%22,%22%22],[%22%E4%BD%BF%E7%94%A8%E8%80%85%E5%A7%93%E5%90%8D%EF%BC%9A%22,%22%22]]
INFO: [ app_init ] --START--
INFO: Run Behavior\BuildLiteBehavior [ RunTime:0.000082s ]
INFO: [ app_init ] --END-- [ RunTime:0.002058s ]

[ 2017-08-23T00:35:38+08:00 ] ::1 /hzaulab/index.php/Home/Field/field_show2?lxfs1=%2F%2F%E5%BF%85%E5%A1%AB&yjxm=%2F%2F%E5%BF%85%E5%A1%AB&kssj=2017-08-23&zzsj=&ypwz=%2F%2F%E5%BF%85%E5%A1%AB&bz=%2F%2F%E9%80%89
INFO: [ app_init ] --START--
INFO: Run Behavior\BuildLiteBehavior [ RunTime:0.000043s ]
INFO: [ app_init ] --END-- [ RunTime:0.000699s ]

[ 2017-08-23T00:36:21+08:00 ] ::1 /hzaulab/index.php/Home/Field/field_show2?lxfs1=%2F%2F%E5%BF%85%E5%A1%AB&yjxm=%2F%2F%E5%BF%85%E5%A1%AB&kssj=2017-08-23&zzsj=&ypwz=%2F%2F%E5%BF%85%E5%A1%AB&bz=%2F%2F%E9%80%89
INFO: [ app_init ] --START--
INFO: Run Behavior\BuildLiteBehavior [ RunTime:0.000087s ]
INFO: [ app_init ] --END-- [ RunTime:0.001907s ]

[ 2017-08-23T00:36:23+08:00 ] ::1 /hzaulab/index.php/Home/Field/doWord
INFO: [ app_init ] --START--
INFO: Run Behavior\BuildLiteBehavior [ RunTime:0.000042s ]
INFO: [ app_init ] --END-- [ RunTime:0.000609s ]
INFO: [ app_begin ] --START--
INFO: Run Behavior\ReadHtmlCacheBehavior [ RunTime:0.000641s ]
INFO: [ app_begin ] --END-- [ RunTime:0.000822s ]
NOTIC: [8] Array to string conversion D:\wamp64\www\hzaulab\Application\Home\Controller\FieldController.class.php 第 40 行.
NOTIC: [2] fopen(word_c.doc): failed to open stream: Permission denied D:\wamp64\www\hzaulab\ThinkPHP\Library\Think\Word.class.php 第 22 行.
NOTIC: [2] fwrite() expects parameter 1 to be resource, boolean given D:\wamp64\www\hzaulab\ThinkPHP\Library\Think\Word.class.php 第 23 行.
NOTIC: [2] fclose() expects parameter 1 to be resource, boolean given D:\wamp64\www\hzaulab\ThinkPHP\Library\Think\Word.class.php 第 24 行.
INFO: [ app_end ] --START--
INFO: Run Behavior\ShowPageTraceBehavior [ RunTime:0.000802s ]
INFO: [ app_end ] --END-- [ RunTime:0.000971s ]

[ 2017-08-23T00:36:24+08:00 ] ::1 /hzaulab/index.php/Home/Field/doWord
INFO: [ app_init ] --START--
INFO: Run Behavior\BuildLiteBehavior [ RunTime:0.000080s ]
INFO: [ app_init ] --END-- [ RunTime:0.001304s ]
INFO: [ app_begin ] --START--
INFO: Run Behavior\ReadHtmlCacheBehavior [ RunTime:0.001316s ]
INFO: [ app_begin ] --END-- [ RunTime:0.001665s ]
NOTIC: [8] Array to string conversion D:\wamp64\www\hzaulab\Application\Home\Controller\FieldController.class.php 第 40 行.
NOTIC: [2] fopen(word_c.doc): failed to open stream: Permission denied D:\wamp64\www\hzaulab\ThinkPHP\Library\Think\Word.class.php 第 22 行.
NOTIC: [2] fwrite() expects parameter 1 to be resource, boolean given D:\wamp64\www\hzaulab\ThinkPHP\Library\Think\Word.class.php 第 23 行.
NOTIC: [2] fclose() expects parameter 1 to be resource, boolean given D:\wamp64\www\hzaulab\ThinkPHP\Library\Think\Word.class.php 第 24 行.
INFO: [ app_end ] --START--
INFO: Run Behavior\ShowPageTraceBehavior [ RunTime:0.001789s ]
INFO: [ app_end ] --END-- [ RunTime:0.002119s ]

[ 2017-08-23T00:36:27+08:00 ] ::1 /hzaulab/index.php/Home/Field/doWord
INFO: [ app_init ] --START--
INFO: Run Behavior\BuildLiteBehavior [ RunTime:0.000085s ]
INFO: [ app_init ] --END-- [ RunTime:0.001576s ]
INFO: [ app_begin ] --START--
INFO: Run Behavior\ReadHtmlCacheBehavior [ RunTime:0.001342s ]
INFO: [ app_begin ] --END-- [ RunTime:0.001721s ]
NOTIC: [8] Array to string conversion D:\wamp64\www\hzaulab\Application\Home\Controller\FieldController.class.php 第 40 行.
NOTIC: [2] fopen(word_c.doc): failed to open stream: Permission denied D:\wamp64\www\hzaulab\ThinkPHP\Library\Think\Word.class.php 第 22 行.
NOTIC: [2] fwrite() expects parameter 1 to be resource, boolean given D:\wamp64\www\hzaulab\ThinkPHP\Library\Think\Word.class.php 第 23 行.
NOTIC: [2] fclose() expects parameter 1 to be resource, boolean given D:\wamp64\www\hzaulab\ThinkPHP\Library\Think\Word.class.php 第 24 行.
INFO: [ app_end ] --START--
INFO: Run Behavior\ShowPageTraceBehavior [ RunTime:0.001803s ]
INFO: [ app_end ] --END-- [ RunTime:0.002150s ]

[ 2017-08-23T00:36:32+08:00 ] ::1 /hzaulab/index.php/Home/Field/doWord
INFO: [ app_init ] --START--
INFO: Run Behavior\BuildLiteBehavior [ RunTime:0.000055s ]
INFO: [ app_init ] --END-- [ RunTime:0.000957s ]
INFO: [ app_begin ] --START--
INFO: Run Behavior\ReadHtmlCacheBehavior [ RunTime:0.000868s ]
INFO: [ app_begin ] --END-- [ RunTime:0.001088s ]
NOTIC: [8] Array to string conversion D:\wamp64\www\hzaulab\Application\Home\Controller\FieldController.class.php 第 40 行.
NOTIC: [2] fopen(word_c.doc): failed to open stream: Permission denied D:\wamp64\www\hzaulab\ThinkPHP\Library\Think\Word.class.php 第 22 行.
NOTIC: [2] fwrite() expects parameter 1 to be resource, boolean given D:\wamp64\www\hzaulab\ThinkPHP\Library\Think\Word.class.php 第 23 行.
NOTIC: [2] fclose() expects parameter 1 to be resource, boolean given D:\wamp64\www\hzaulab\ThinkPHP\Library\Think\Word.class.php 第 24 行.
INFO: [ app_end ] --START--
INFO: Run Behavior\ShowPageTraceBehavior [ RunTime:0.001097s ]
INFO: [ app_end ] --END-- [ RunTime:0.001300s ]

[ 2017-08-23T00:36:33+08:00 ] ::1 /hzaulab/index.php/Home/Field/doWord
INFO: [ app_init ] --START--
INFO: Run Behavior\BuildLiteBehavior [ RunTime:0.000081s ]
INFO: [ app_init ] --END-- [ RunTime:0.001301s ]
INFO: [ app_begin ] --START--
INFO: Run Behavior\ReadHtmlCacheBehavior [ RunTime:0.001297s ]
INFO: [ app_begin ] --END-- [ RunTime:0.001639s ]
NOTIC: [8] Array to string conversion D:\wamp64\www\hzaulab\Application\Home\Controller\FieldController.class.php 第 40 行.
NOTIC: [2] fopen(word_c.doc): failed to open stream: Permission denied D:\wamp64\www\hzaulab\ThinkPHP\Library\Think\Word.class.php 第 22 行.
NOTIC: [2] fwrite() expects parameter 1 to be resource, boolean given D:\wamp64\www\hzaulab\ThinkPHP\Library\Think\Word.class.php 第 23 行.
NOTIC: [2] fclose() expects parameter 1 to be resource, boolean given D:\wamp64\www\hzaulab\ThinkPHP\Library\Think\Word.class.php 第 24 行.
INFO: [ app_end ] --START--
INFO: Run Behavior\ShowPageTraceBehavior [ RunTime:0.001742s ]
INFO: [ app_end ] --END-- [ RunTime:0.002072s ]

