[ 2017-08-24T11:19:41+08:00 ] ::1 /hzaulab/index.php/Home/Field/field_show2
ERR: 1054:Unknown column 'yiid' in 'where clause'
 [ SQL语句 ] : SELECT * FROM `tp_log` WHERE ( yiid = 'PZ-9' ) 

[ 2017-08-24T11:20:27+08:00 ] ::1 /hzaulab/index.php/Home/Field/field_show2
ERR: 1054:Unknown column 'yiid' in 'where clause'
 [ SQL语句 ] : SELECT * FROM `tp_log` WHERE ( yiid = 'PZ-9' ) 

[ 2017-08-24T11:21:52+08:00 ] ::1 /hzaulab/index.php/Home/Field/field_show2
ERR: 1054:Unknown column 'PZ' in 'where clause'
 [ SQL语句 ] : SELECT * FROM `tp_log` WHERE ( yqid = PZ-9 ) 

[ 2017-08-24T11:36:21+08:00 ] ::1 /hzaulab/index.php/Home/Field/field_show2
ERR: 1054:Unknown column 'PZ' in 'where clause'
 [ SQL语句 ] : SELECT * FROM `tp_log` WHERE ( yqid = PZ-9 ) 

[ 2017-08-24T12:20:46+08:00 ] ::1 /hzaulab/index.php/Home/Field/field_show2
ERR: 1054:Unknown column 'PZ' in 'where clause'
 [ SQL语句 ] : SELECT * FROM `tp_log` WHERE ( yqid = PZ-9 ) 

[ 2017-08-24T12:30:25+08:00 ] ::1 /hzaulab/index.php/Home/Field/field_show2
ERR: 1054:Unknown column 'PZ' in 'where clause'
 [ SQL语句 ] : SELECT * FROM `tp_log` WHERE ( yqid = PZ-9 ) 

[ 2017-08-24T12:30:29+08:00 ] ::1 /hzaulab/index.php/Home/Field/field_show2
ERR: 1054:Unknown column 'PZ' in 'where clause'
 [ SQL语句 ] : SELECT * FROM `tp_log` WHERE ( yqid = PZ-9 ) 

[ 2017-08-24T12:32:44+08:00 ] ::1 /hzaulab/index.php/Home/Field/field_show2
ERR: 1054:Unknown column 'PZ' in 'where clause'
 [ SQL语句 ] : SELECT * FROM `tp_log` WHERE ( yqid = PZ-9 ) 

[ 2017-08-24T12:33:17+08:00 ] ::1 /hzaulab/index.php/Home/Field/field_show2
ERR: 1054:Unknown column 'PZ' in 'where clause'
 [ SQL语句 ] : SELECT * FROM `tp_log` WHERE ( yqid = PZ-9 ) 

[ 2017-08-24T12:33:18+08:00 ] ::1 /hzaulab/index.php/Home/Field/field_show2
ERR: 1054:Unknown column 'PZ' in 'where clause'
 [ SQL语句 ] : SELECT * FROM `tp_log` WHERE ( yqid = PZ-9 ) 

[ 2017-08-24T12:35:05+08:00 ] ::1 /hzaulab/index.php/Home/Field/field_show2
ERR: 1054:Unknown column 'PZ' in 'where clause'
 [ SQL语句 ] : SELECT * FROM `tp_log` WHERE ( yqid = PZ-18 ) 

[ 2017-08-24T12:35:06+08:00 ] ::1 /hzaulab/index.php/Home/Field/field_show2
ERR: 1054:Unknown column 'PZ' in 'where clause'
 [ SQL语句 ] : SELECT * FROM `tp_log` WHERE ( yqid = PZ-18 ) 

[ 2017-08-24T12:35:29+08:00 ] ::1 /hzaulab/index.php/Home/Field/field_show2
ERR: 1054:Unknown column 'PZ' in 'where clause'
 [ SQL语句 ] : SELECT * FROM `tp_log` WHERE ( yqid = PZ-18 ) 

[ 2017-08-24T12:36:54+08:00 ] ::1 /hzaulab/index.php/Home/Field/field_show2
ERR: 1054:Unknown column 'PZ' in 'where clause'
 [ SQL语句 ] : SELECT * FROM `tp_log` WHERE ( yqid = PZ-18 ) 

[ 2017-08-24T12:38:14+08:00 ] ::1 /hzaulab/index.php/Home/Field/field_show2
ERR: 1054:Unknown column 'PZ' in 'where clause'
 [ SQL语句 ] : SELECT * FROM `tp_log` WHERE ( yqid = PZ-18 ) 

[ 2017-08-24T12:42:08+08:00 ] ::1 /hzaulab/index.php/Home/Field/field_show2
ERR: 1054:Unknown column 'PZ' in 'where clause'
 [ SQL语句 ] : SELECT * FROM `tp_log` WHERE ( yqid = PZ-18 ) 

[ 2017-08-24T23:57:40+08:00 ] ::1 /hzaulab/index.php/Home/Field/doWord
INFO: [ app_begin ] --START--
INFO: Run Behavior\ReadHtmlCacheBehavior [ RunTime:0.000787s ]
INFO: [ app_begin ] --END-- [ RunTime:0.001225s ]
INFO: [ app_end ] --START--
INFO: Run Behavior\ShowPageTraceBehavior [ RunTime:0.000762s ]
INFO: [ app_end ] --END-- [ RunTime:0.000923s ]

[ 2017-08-24T23:58:32+08:00 ] ::1 /hzaulab/index.php/Home/Field/doWord
INFO: [ app_begin ] --START--
INFO: Run Behavior\ReadHtmlCacheBehavior [ RunTime:0.000692s ]
INFO: [ app_begin ] --END-- [ RunTime:0.001150s ]
INFO: [ app_end ] --START--
INFO: Run Behavior\ShowPageTraceBehavior [ RunTime:0.000796s ]
INFO: [ app_end ] --END-- [ RunTime:0.000940s ]

[ 2017-08-24T23:59:59+08:00 ] ::1 /hzaulab/index.php/Home/Field/doWord
INFO: [ app_begin ] --START--
INFO: Run Behavior\ReadHtmlCacheBehavior [ RunTime:0.000729s ]
INFO: [ app_begin ] --END-- [ RunTime:0.001295s ]
NOTIC: [8] Array to string conversion C:\wamp64\www\hzaulab\Application\Home\Controller\FieldController.class.php 第 79 行.
INFO: [ app_end ] --START--
INFO: Run Behavior\ShowPageTraceBehavior [ RunTime:0.000775s ]
INFO: [ app_end ] --END-- [ RunTime:0.000932s ]

