[ 2017-08-22T17:23:39+08:00 ] ::1 /hzaulab/Uploads/File/2017-08-07/1502068569.jpg
INFO: [ app_init ] --START--
INFO: Run Behavior\BuildLiteBehavior [ RunTime:0.000046s ]
INFO: [ app_init ] --END-- [ RunTime:0.000841s ]
ERR: 无法加载模块:Uploads

[ 2017-08-22T17:23:39+08:00 ] ::1 /hzaulab/Uploads/File/2017-08-07/1502068639.jpg
INFO: [ app_init ] --START--
INFO: Run Behavior\BuildLiteBehavior [ RunTime:0.000048s ]
INFO: [ app_init ] --END-- [ RunTime:0.000793s ]
ERR: 无法加载模块:Uploads

[ 2017-08-22T17:23:39+08:00 ] ::1 /hzaulab/Uploads/File/2017-08-07/1502068672.jpg
INFO: [ app_init ] --START--
INFO: Run Behavior\BuildLiteBehavior [ RunTime:0.000048s ]
INFO: [ app_init ] --END-- [ RunTime:0.000823s ]
ERR: 无法加载模块:Uploads

[ 2017-08-22T17:27:15+08:00 ] ::1 /hzaulab/Uploads/File/2017-08-07/1502068569.jpg
INFO: [ app_init ] --START--
INFO: Run Behavior\BuildLiteBehavior [ RunTime:0.000046s ]
INFO: [ app_init ] --END-- [ RunTime:0.000868s ]
ERR: 无法加载模块:Uploads

[ 2017-08-22T17:27:15+08:00 ] ::1 /hzaulab/Uploads/File/2017-08-07/1502068672.jpg
INFO: [ app_init ] --START--
INFO: Run Behavior\BuildLiteBehavior [ RunTime:0.000051s ]
INFO: [ app_init ] --END-- [ RunTime:0.000637s ]
ERR: 无法加载模块:Uploads

[ 2017-08-22T17:27:15+08:00 ] ::1 /hzaulab/Uploads/File/2017-08-07/1502068639.jpg
INFO: [ app_init ] --START--
INFO: Run Behavior\BuildLiteBehavior [ RunTime:0.000028s ]
INFO: [ app_init ] --END-- [ RunTime:0.000660s ]
ERR: 无法加载模块:Uploads

[ 2017-08-22T17:27:23+08:00 ] ::1 /hzaulab/Uploads/File/2017-08-07/1502068569.jpg
INFO: [ app_init ] --START--
INFO: Run Behavior\BuildLiteBehavior [ RunTime:0.000054s ]
INFO: [ app_init ] --END-- [ RunTime:0.000932s ]
ERR: 无法加载模块:Uploads

[ 2017-08-22T17:27:23+08:00 ] ::1 /hzaulab/Uploads/File/2017-08-07/1502068672.jpg
INFO: [ app_init ] --START--
INFO: Run Behavior\BuildLiteBehavior [ RunTime:0.000059s ]
INFO: [ app_init ] --END-- [ RunTime:0.000962s ]
ERR: 无法加载模块:Uploads

[ 2017-08-22T17:27:23+08:00 ] ::1 /hzaulab/Uploads/File/2017-08-07/1502068639.jpg
INFO: [ app_init ] --START--
INFO: Run Behavior\BuildLiteBehavior [ RunTime:0.000052s ]
INFO: [ app_init ] --END-- [ RunTime:0.000969s ]
ERR: 无法加载模块:Uploads

[ 2017-08-22T17:27:30+08:00 ] ::1 /hzaulab/Uploads/File/2017-08-07/1502068569.jpg
INFO: [ app_init ] --START--
INFO: Run Behavior\BuildLiteBehavior [ RunTime:0.000053s ]
INFO: [ app_init ] --END-- [ RunTime:0.001428s ]
ERR: 无法加载模块:Uploads

[ 2017-08-22T17:27:30+08:00 ] ::1 /hzaulab/Uploads/File/2017-08-07/1502068639.jpg
INFO: [ app_init ] --START--
INFO: Run Behavior\BuildLiteBehavior [ RunTime:0.000052s ]
INFO: [ app_init ] --END-- [ RunTime:0.000972s ]
ERR: 无法加载模块:Uploads

[ 2017-08-22T17:27:30+08:00 ] ::1 /hzaulab/Uploads/File/2017-08-07/1502068672.jpg
INFO: [ app_init ] --START--
INFO: Run Behavior\BuildLiteBehavior [ RunTime:0.000057s ]
INFO: [ app_init ] --END-- [ RunTime:0.000901s ]
ERR: 无法加载模块:Uploads

[ 2017-08-22T17:28:51+08:00 ] ::1 /hzaulab/Uploads/File/2017-08-07/1502068569.jpg
INFO: [ app_init ] --START--
INFO: Run Behavior\BuildLiteBehavior [ RunTime:0.000047s ]
INFO: [ app_init ] --END-- [ RunTime:0.000819s ]
ERR: 无法加载模块:Uploads

[ 2017-08-22T17:28:51+08:00 ] ::1 /hzaulab/Uploads/File/2017-08-07/1502068672.jpg
INFO: [ app_init ] --START--
INFO: Run Behavior\BuildLiteBehavior [ RunTime:0.000049s ]
INFO: [ app_init ] --END-- [ RunTime:0.000758s ]
ERR: 无法加载模块:Uploads

[ 2017-08-22T17:28:51+08:00 ] ::1 /hzaulab/Uploads/File/2017-08-07/1502068639.jpg
INFO: [ app_init ] --START--
INFO: Run Behavior\BuildLiteBehavior [ RunTime:0.000049s ]
INFO: [ app_init ] --END-- [ RunTime:0.000829s ]
ERR: 无法加载模块:Uploads

[ 2017-08-22T17:28:54+08:00 ] ::1 /hzaulab/Uploads/File/2017-08-07/1502068639.jpg
INFO: [ app_init ] --START--
INFO: Run Behavior\BuildLiteBehavior [ RunTime:0.000064s ]
INFO: [ app_init ] --END-- [ RunTime:0.002557s ]
ERR: 无法加载模块:Uploads

[ 2017-08-22T17:28:54+08:00 ] ::1 /hzaulab/Uploads/File/2017-08-07/1502068672.jpg
INFO: [ app_init ] --START--
INFO: Run Behavior\BuildLiteBehavior [ RunTime:0.000033s ]
INFO: [ app_init ] --END-- [ RunTime:0.000806s ]
ERR: 无法加载模块:Uploads

[ 2017-08-22T17:28:57+08:00 ] ::1 /hzaulab/Uploads/File/2017-08-07/1502068672.jpg
INFO: [ app_init ] --START--
INFO: Run Behavior\BuildLiteBehavior [ RunTime:0.000072s ]
INFO: [ app_init ] --END-- [ RunTime:0.001099s ]
ERR: 无法加载模块:Uploads

