[ 2017-08-10T10:41:18+08:00 ] ::1 /hzaulab/index.php/Admin/Equipment/equipmentdis
INFO: [ app_init ] --START--
INFO: Run Behavior\BuildLiteBehavior [ RunTime:0.000033s ]
INFO: [ app_init ] --END-- [ RunTime:0.000576s ]
INFO: [ app_begin ] --START--
INFO: Run Behavior\ReadHtmlCacheBehavior [ RunTime:0.000858s ]
INFO: [ app_begin ] --END-- [ RunTime:0.001052s ]
INFO: [ view_parse ] --START--
INFO: [ template_filter ] --START--
INFO: Run Behavior\ContentReplaceBehavior [ RunTime:0.000168s ]
INFO: [ template_filter ] --END-- [ RunTime:0.000350s ]
INFO: Run Behavior\ParseTemplateBehavior [ RunTime:0.036539s ]
INFO: [ view_parse ] --END-- [ RunTime:0.036906s ]
INFO: [ view_filter ] --START--
INFO: Run Behavior\WriteHtmlCacheBehavior [ RunTime:0.001016s ]
INFO: [ view_filter ] --END-- [ RunTime:0.001396s ]
INFO: [ app_end ] --START--
INFO: Run Behavior\ShowPageTraceBehavior [ RunTime:0.001320s ]
INFO: [ app_end ] --END-- [ RunTime:0.001752s ]

[ 2017-08-10T10:41:30+08:00 ] ::1 /hzaulab/index.php/Admin/Index/index
INFO: [ app_init ] --START--
INFO: Run Behavior\BuildLiteBehavior [ RunTime:0.000030s ]
INFO: [ app_init ] --END-- [ RunTime:0.000531s ]
INFO: [ app_begin ] --START--
INFO: Run Behavior\ReadHtmlCacheBehavior [ RunTime:0.000697s ]
INFO: [ app_begin ] --END-- [ RunTime:0.000837s ]
INFO: [ view_parse ] --START--
INFO: [ template_filter ] --START--
INFO: Run Behavior\ContentReplaceBehavior [ RunTime:0.000493s ]
INFO: [ template_filter ] --END-- [ RunTime:0.000858s ]
NOTIC: [8] Undefined variable: vo C:\wamp64\www\hzaulab\Application\Runtime\Cache\Admin\b595b808c2ebeeeb0478ffc30bb4e87a.php 第 202 行.
NOTIC: [8] Undefined variable: vo C:\wamp64\www\hzaulab\Application\Runtime\Cache\Admin\b595b808c2ebeeeb0478ffc30bb4e87a.php 第 202 行.
NOTIC: [8] Undefined variable: vo C:\wamp64\www\hzaulab\Application\Runtime\Cache\Admin\b595b808c2ebeeeb0478ffc30bb4e87a.php 第 216 行.
NOTIC: [8] Undefined variable: vo C:\wamp64\www\hzaulab\Application\Runtime\Cache\Admin\b595b808c2ebeeeb0478ffc30bb4e87a.php 第 216 行.
NOTIC: [8] Undefined variable: vo C:\wamp64\www\hzaulab\Application\Runtime\Cache\Admin\b595b808c2ebeeeb0478ffc30bb4e87a.php 第 230 行.
NOTIC: [8] Undefined variable: vo C:\wamp64\www\hzaulab\Application\Runtime\Cache\Admin\b595b808c2ebeeeb0478ffc30bb4e87a.php 第 230 行.
NOTIC: [8] Undefined variable: vo C:\wamp64\www\hzaulab\Application\Runtime\Cache\Admin\b595b808c2ebeeeb0478ffc30bb4e87a.php 第 244 行.
NOTIC: [8] Undefined variable: vo C:\wamp64\www\hzaulab\Application\Runtime\Cache\Admin\b595b808c2ebeeeb0478ffc30bb4e87a.php 第 244 行.
NOTIC: [8] Undefined variable: vo C:\wamp64\www\hzaulab\Application\Runtime\Cache\Admin\b595b808c2ebeeeb0478ffc30bb4e87a.php 第 258 行.
NOTIC: [8] Undefined variable: vo C:\wamp64\www\hzaulab\Application\Runtime\Cache\Admin\b595b808c2ebeeeb0478ffc30bb4e87a.php 第 258 行.
NOTIC: [8] Undefined variable: data C:\wamp64\www\hzaulab\Application\Runtime\Cache\Admin\b595b808c2ebeeeb0478ffc30bb4e87a.php 第 315 行.
NOTIC: [8] Undefined variable: data C:\wamp64\www\hzaulab\Application\Runtime\Cache\Admin\b595b808c2ebeeeb0478ffc30bb4e87a.php 第 383 行.
NOTIC: [8] Undefined variable: data C:\wamp64\www\hzaulab\Application\Runtime\Cache\Admin\b595b808c2ebeeeb0478ffc30bb4e87a.php 第 451 行.
NOTIC: [8] Undefined variable: vo C:\wamp64\www\hzaulab\Application\Runtime\Cache\Admin\b595b808c2ebeeeb0478ffc30bb4e87a.php 第 491 行.
NOTIC: [8] Undefined variable: data C:\wamp64\www\hzaulab\Application\Runtime\Cache\Admin\b595b808c2ebeeeb0478ffc30bb4e87a.php 第 546 行.
NOTIC: [8] Undefined variable: data C:\wamp64\www\hzaulab\Application\Runtime\Cache\Admin\b595b808c2ebeeeb0478ffc30bb4e87a.php 第 598 行.
NOTIC: [8] Undefined variable: data C:\wamp64\www\hzaulab\Application\Runtime\Cache\Admin\b595b808c2ebeeeb0478ffc30bb4e87a.php 第 648 行.
NOTIC: [8] Undefined variable: data C:\wamp64\www\hzaulab\Application\Runtime\Cache\Admin\b595b808c2ebeeeb0478ffc30bb4e87a.php 第 700 行.
INFO: Run Behavior\ParseTemplateBehavior [ RunTime:0.090112s ]
INFO: [ view_parse ] --END-- [ RunTime:0.090264s ]
INFO: [ view_filter ] --START--
INFO: Run Behavior\WriteHtmlCacheBehavior [ RunTime:0.000465s ]
INFO: [ view_filter ] --END-- [ RunTime:0.000670s ]
INFO: [ app_end ] --START--
INFO: Run Behavior\ShowPageTraceBehavior [ RunTime:0.001013s ]
INFO: [ app_end ] --END-- [ RunTime:0.001289s ]

[ 2017-08-10T17:06:57+08:00 ] ::1 /hzaulab/index.php/Admin/About/about_show1.html
INFO: [ app_init ] --START--
INFO: Run Behavior\BuildLiteBehavior [ RunTime:0.000073s ]
INFO: [ app_init ] --END-- [ RunTime:0.000542s ]
INFO: [ app_begin ] --START--
INFO: Run Behavior\ReadHtmlCacheBehavior [ RunTime:0.000532s ]
INFO: [ app_begin ] --END-- [ RunTime:0.000680s ]
ERR: 无法加载控制器:About

[ 2017-08-10T17:07:21+08:00 ] ::1 /hzaulab/index.php/Admin/
INFO: [ app_init ] --START--
INFO: Run Behavior\BuildLiteBehavior [ RunTime:0.000036s ]
INFO: [ app_init ] --END-- [ RunTime:0.000640s ]
INFO: [ app_begin ] --START--
INFO: Run Behavior\ReadHtmlCacheBehavior [ RunTime:0.000930s ]
INFO: [ app_begin ] --END-- [ RunTime:0.001158s ]
INFO: [ view_parse ] --START--
INFO: [ template_filter ] --START--
INFO: Run Behavior\ContentReplaceBehavior [ RunTime:0.000487s ]
INFO: [ template_filter ] --END-- [ RunTime:0.000633s ]
NOTIC: [8] Undefined variable: vo C:\wamp64\www\hzaulab\Application\Runtime\Cache\Admin\b595b808c2ebeeeb0478ffc30bb4e87a.php 第 202 行.
NOTIC: [8] Undefined variable: vo C:\wamp64\www\hzaulab\Application\Runtime\Cache\Admin\b595b808c2ebeeeb0478ffc30bb4e87a.php 第 202 行.
NOTIC: [8] Undefined variable: vo C:\wamp64\www\hzaulab\Application\Runtime\Cache\Admin\b595b808c2ebeeeb0478ffc30bb4e87a.php 第 216 行.
NOTIC: [8] Undefined variable: vo C:\wamp64\www\hzaulab\Application\Runtime\Cache\Admin\b595b808c2ebeeeb0478ffc30bb4e87a.php 第 216 行.
NOTIC: [8] Undefined variable: vo C:\wamp64\www\hzaulab\Application\Runtime\Cache\Admin\b595b808c2ebeeeb0478ffc30bb4e87a.php 第 230 行.
NOTIC: [8] Undefined variable: vo C:\wamp64\www\hzaulab\Application\Runtime\Cache\Admin\b595b808c2ebeeeb0478ffc30bb4e87a.php 第 230 行.
NOTIC: [8] Undefined variable: vo C:\wamp64\www\hzaulab\Application\Runtime\Cache\Admin\b595b808c2ebeeeb0478ffc30bb4e87a.php 第 244 行.
NOTIC: [8] Undefined variable: vo C:\wamp64\www\hzaulab\Application\Runtime\Cache\Admin\b595b808c2ebeeeb0478ffc30bb4e87a.php 第 244 行.
NOTIC: [8] Undefined variable: vo C:\wamp64\www\hzaulab\Application\Runtime\Cache\Admin\b595b808c2ebeeeb0478ffc30bb4e87a.php 第 258 行.
NOTIC: [8] Undefined variable: vo C:\wamp64\www\hzaulab\Application\Runtime\Cache\Admin\b595b808c2ebeeeb0478ffc30bb4e87a.php 第 258 行.
NOTIC: [8] Undefined variable: data C:\wamp64\www\hzaulab\Application\Runtime\Cache\Admin\b595b808c2ebeeeb0478ffc30bb4e87a.php 第 315 行.
NOTIC: [8] Undefined variable: data C:\wamp64\www\hzaulab\Application\Runtime\Cache\Admin\b595b808c2ebeeeb0478ffc30bb4e87a.php 第 383 行.
NOTIC: [8] Undefined variable: data C:\wamp64\www\hzaulab\Application\Runtime\Cache\Admin\b595b808c2ebeeeb0478ffc30bb4e87a.php 第 451 行.
NOTIC: [8] Undefined variable: vo C:\wamp64\www\hzaulab\Application\Runtime\Cache\Admin\b595b808c2ebeeeb0478ffc30bb4e87a.php 第 491 行.
NOTIC: [8] Undefined variable: data C:\wamp64\www\hzaulab\Application\Runtime\Cache\Admin\b595b808c2ebeeeb0478ffc30bb4e87a.php 第 546 行.
NOTIC: [8] Undefined variable: data C:\wamp64\www\hzaulab\Application\Runtime\Cache\Admin\b595b808c2ebeeeb0478ffc30bb4e87a.php 第 598 行.
NOTIC: [8] Undefined variable: data C:\wamp64\www\hzaulab\Application\Runtime\Cache\Admin\b595b808c2ebeeeb0478ffc30bb4e87a.php 第 648 行.
NOTIC: [8] Undefined variable: data C:\wamp64\www\hzaulab\Application\Runtime\Cache\Admin\b595b808c2ebeeeb0478ffc30bb4e87a.php 第 700 行.
INFO: Run Behavior\ParseTemplateBehavior [ RunTime:0.141986s ]
INFO: [ view_parse ] --END-- [ RunTime:0.142132s ]
INFO: [ view_filter ] --START--
INFO: Run Behavior\WriteHtmlCacheBehavior [ RunTime:0.000359s ]
INFO: [ view_filter ] --END-- [ RunTime:0.000513s ]
INFO: [ app_end ] --START--
INFO: Run Behavior\ShowPageTraceBehavior [ RunTime:0.002695s ]
INFO: [ app_end ] --END-- [ RunTime:0.003086s ]

[ 2017-08-10T17:07:26+08:00 ] ::1 /hzaulab/index.php/Admin/Field/field
INFO: [ app_init ] --START--
INFO: Run Behavior\BuildLiteBehavior [ RunTime:0.000040s ]
INFO: [ app_init ] --END-- [ RunTime:0.000639s ]
INFO: [ app_begin ] --START--
INFO: Run Behavior\ReadHtmlCacheBehavior [ RunTime:0.000577s ]
INFO: [ app_begin ] --END-- [ RunTime:0.000717s ]
INFO: [ view_parse ] --START--
INFO: [ template_filter ] --START--
INFO: Run Behavior\ContentReplaceBehavior [ RunTime:0.000242s ]
INFO: [ template_filter ] --END-- [ RunTime:0.000456s ]
NOTIC: [8] Undefined variable: data C:\wamp64\www\hzaulab\Application\Runtime\Cache\Admin\c45b88ff4f9422991af560e1f2d8931c.php 第 193 行.
INFO: Run Behavior\ParseTemplateBehavior [ RunTime:0.042957s ]
INFO: [ view_parse ] --END-- [ RunTime:0.043113s ]
INFO: [ view_filter ] --START--
INFO: Run Behavior\WriteHtmlCacheBehavior [ RunTime:0.000411s ]
INFO: [ view_filter ] --END-- [ RunTime:0.000572s ]
INFO: [ app_end ] --START--
INFO: Run Behavior\ShowPageTraceBehavior [ RunTime:0.000877s ]
INFO: [ app_end ] --END-- [ RunTime:0.001100s ]

[ 2017-08-10T17:07:33+08:00 ] ::1 /hzaulab/index.php/Admin/Field/OpenPot
INFO: [ app_init ] --START--
INFO: Run Behavior\BuildLiteBehavior [ RunTime:0.000034s ]
INFO: [ app_init ] --END-- [ RunTime:0.000707s ]
INFO: [ app_begin ] --START--
INFO: Run Behavior\ReadHtmlCacheBehavior [ RunTime:0.000643s ]
INFO: [ app_begin ] --END-- [ RunTime:0.000816s ]
INFO: [ view_parse ] --START--
INFO: [ template_filter ] --START--
INFO: Run Behavior\ContentReplaceBehavior [ RunTime:0.000178s ]
INFO: [ template_filter ] --END-- [ RunTime:0.000326s ]
INFO: Run Behavior\ParseTemplateBehavior [ RunTime:0.025706s ]
INFO: [ view_parse ] --END-- [ RunTime:0.025881s ]
INFO: [ view_filter ] --START--
INFO: Run Behavior\WriteHtmlCacheBehavior [ RunTime:0.000469s ]
INFO: [ view_filter ] --END-- [ RunTime:0.000630s ]
INFO: [ app_end ] --START--
INFO: Run Behavior\ShowPageTraceBehavior [ RunTime:0.000979s ]
INFO: [ app_end ] --END-- [ RunTime:0.001244s ]

[ 2017-08-10T17:07:39+08:00 ] ::1 /hzaulab/index.php/Admin/Room/WimbledonRoom
INFO: [ app_init ] --START--
INFO: Run Behavior\BuildLiteBehavior [ RunTime:0.000034s ]
INFO: [ app_init ] --END-- [ RunTime:0.000644s ]
INFO: [ app_begin ] --START--
INFO: Run Behavior\ReadHtmlCacheBehavior [ RunTime:0.000908s ]
INFO: [ app_begin ] --END-- [ RunTime:0.001118s ]
INFO: [ view_parse ] --START--
INFO: [ template_filter ] --START--
INFO: Run Behavior\ContentReplaceBehavior [ RunTime:0.000242s ]
INFO: [ template_filter ] --END-- [ RunTime:0.000388s ]
INFO: Run Behavior\ParseTemplateBehavior [ RunTime:0.040695s ]
INFO: [ view_parse ] --END-- [ RunTime:0.040979s ]
INFO: [ view_filter ] --START--
INFO: Run Behavior\WriteHtmlCacheBehavior [ RunTime:0.000568s ]
INFO: [ view_filter ] --END-- [ RunTime:0.000729s ]
INFO: [ app_end ] --START--
INFO: Run Behavior\ShowPageTraceBehavior [ RunTime:0.001197s ]
INFO: [ app_end ] --END-- [ RunTime:0.001489s ]

[ 2017-08-10T17:07:43+08:00 ] ::1 /hzaulab/index.php/Admin/Room/LightCultureRoom
INFO: [ app_init ] --START--
INFO: Run Behavior\BuildLiteBehavior [ RunTime:0.000029s ]
INFO: [ app_init ] --END-- [ RunTime:0.000470s ]
INFO: [ app_begin ] --START--
INFO: Run Behavior\ReadHtmlCacheBehavior [ RunTime:0.000552s ]
INFO: [ app_begin ] --END-- [ RunTime:0.000706s ]
INFO: [ view_parse ] --START--
INFO: [ template_filter ] --START--
INFO: Run Behavior\ContentReplaceBehavior [ RunTime:0.000288s ]
INFO: [ template_filter ] --END-- [ RunTime:0.000439s ]
INFO: Run Behavior\ParseTemplateBehavior [ RunTime:0.035225s ]
INFO: [ view_parse ] --END-- [ RunTime:0.035384s ]
INFO: [ view_filter ] --START--
INFO: Run Behavior\WriteHtmlCacheBehavior [ RunTime:0.000355s ]
INFO: [ view_filter ] --END-- [ RunTime:0.000505s ]
INFO: [ app_end ] --START--
INFO: Run Behavior\ShowPageTraceBehavior [ RunTime:0.001234s ]
INFO: [ app_end ] --END-- [ RunTime:0.001610s ]

[ 2017-08-10T17:07:51+08:00 ] ::1 /hzaulab/index.php/Admin/Laboratory/sublab
INFO: [ app_init ] --START--
INFO: Run Behavior\BuildLiteBehavior [ RunTime:0.000053s ]
INFO: [ app_init ] --END-- [ RunTime:0.000849s ]
INFO: [ app_begin ] --START--
INFO: Run Behavior\ReadHtmlCacheBehavior [ RunTime:0.000985s ]
INFO: [ app_begin ] --END-- [ RunTime:0.001249s ]
INFO: [ view_parse ] --START--
INFO: [ template_filter ] --START--
INFO: Run Behavior\ContentReplaceBehavior [ RunTime:0.000256s ]
INFO: [ template_filter ] --END-- [ RunTime:0.000455s ]
NOTIC: [8] Undefined variable: data C:\wamp64\www\hzaulab\Application\Runtime\Cache\Admin\c5f428bf69bb8be6fca1373c208bbccd.php 第 222 行.
NOTIC: [8] Undefined variable: data C:\wamp64\www\hzaulab\Application\Runtime\Cache\Admin\c5f428bf69bb8be6fca1373c208bbccd.php 第 261 行.
NOTIC: [8] Undefined variable: data C:\wamp64\www\hzaulab\Application\Runtime\Cache\Admin\c5f428bf69bb8be6fca1373c208bbccd.php 第 315 行.
INFO: Run Behavior\ParseTemplateBehavior [ RunTime:0.069179s ]
INFO: [ view_parse ] --END-- [ RunTime:0.069374s ]
INFO: [ view_filter ] --START--
INFO: Run Behavior\WriteHtmlCacheBehavior [ RunTime:0.000422s ]
INFO: [ view_filter ] --END-- [ RunTime:0.000559s ]
INFO: [ app_end ] --START--
INFO: Run Behavior\ShowPageTraceBehavior [ RunTime:0.001307s ]
INFO: [ app_end ] --END-- [ RunTime:0.001650s ]

[ 2017-08-10T17:08:03+08:00 ] ::1 /hzaulab/index.php/Admin/Regulation/regulation
INFO: [ app_init ] --START--
INFO: Run Behavior\BuildLiteBehavior [ RunTime:0.000030s ]
INFO: [ app_init ] --END-- [ RunTime:0.000527s ]
INFO: [ app_begin ] --START--
INFO: Run Behavior\ReadHtmlCacheBehavior [ RunTime:0.000600s ]
INFO: [ app_begin ] --END-- [ RunTime:0.000739s ]
INFO: [ view_parse ] --START--
INFO: [ template_filter ] --START--
INFO: Run Behavior\ContentReplaceBehavior [ RunTime:0.000239s ]
INFO: [ template_filter ] --END-- [ RunTime:0.000383s ]
NOTIC: [8] Undefined variable: data C:\wamp64\www\hzaulab\Application\Runtime\Cache\Admin\5129d628e5955e678fa3772f3b87d5a5.php 第 222 行.
NOTIC: [8] Undefined variable: data C:\wamp64\www\hzaulab\Application\Runtime\Cache\Admin\5129d628e5955e678fa3772f3b87d5a5.php 第 261 行.
NOTIC: [8] Undefined variable: data C:\wamp64\www\hzaulab\Application\Runtime\Cache\Admin\5129d628e5955e678fa3772f3b87d5a5.php 第 315 行.
INFO: Run Behavior\ParseTemplateBehavior [ RunTime:0.064432s ]
INFO: [ view_parse ] --END-- [ RunTime:0.064575s ]
INFO: [ view_filter ] --START--
INFO: Run Behavior\WriteHtmlCacheBehavior [ RunTime:0.000306s ]
INFO: [ view_filter ] --END-- [ RunTime:0.000496s ]
INFO: [ app_end ] --START--
INFO: Run Behavior\ShowPageTraceBehavior [ RunTime:0.001847s ]
INFO: [ app_end ] --END-- [ RunTime:0.002113s ]

[ 2017-08-10T17:08:42+08:00 ] ::1 /hzaulab/index.php/Admin/Regulation/regulation
INFO: [ app_init ] --START--
INFO: Run Behavior\BuildLiteBehavior [ RunTime:0.000033s ]
INFO: [ app_init ] --END-- [ RunTime:0.000517s ]
INFO: [ app_begin ] --START--
INFO: Run Behavior\ReadHtmlCacheBehavior [ RunTime:0.000727s ]
INFO: [ app_begin ] --END-- [ RunTime:0.000915s ]
INFO: [ view_parse ] --START--
INFO: [ template_filter ] --START--
INFO: Run Behavior\ContentReplaceBehavior [ RunTime:0.000235s ]
INFO: [ template_filter ] --END-- [ RunTime:0.000384s ]
NOTIC: [8] Undefined variable: data C:\wamp64\www\hzaulab\Application\Runtime\Cache\Admin\5129d628e5955e678fa3772f3b87d5a5.php 第 222 行.
NOTIC: [8] Undefined variable: data C:\wamp64\www\hzaulab\Application\Runtime\Cache\Admin\5129d628e5955e678fa3772f3b87d5a5.php 第 261 行.
NOTIC: [8] Undefined variable: data C:\wamp64\www\hzaulab\Application\Runtime\Cache\Admin\5129d628e5955e678fa3772f3b87d5a5.php 第 315 行.
INFO: Run Behavior\ParseTemplateBehavior [ RunTime:0.046564s ]
INFO: [ view_parse ] --END-- [ RunTime:0.046705s ]
INFO: [ view_filter ] --START--
INFO: Run Behavior\WriteHtmlCacheBehavior [ RunTime:0.000309s ]
INFO: [ view_filter ] --END-- [ RunTime:0.000436s ]
INFO: [ app_end ] --START--
INFO: Run Behavior\ShowPageTraceBehavior [ RunTime:0.000960s ]
INFO: [ app_end ] --END-- [ RunTime:0.001219s ]

[ 2017-08-10T17:08:47+08:00 ] ::1 /hzaulab/index.php/Admin/Introduction/introduction
INFO: [ app_init ] --START--
INFO: Run Behavior\BuildLiteBehavior [ RunTime:0.000029s ]
INFO: [ app_init ] --END-- [ RunTime:0.000458s ]
INFO: [ app_begin ] --START--
INFO: Run Behavior\ReadHtmlCacheBehavior [ RunTime:0.000553s ]
INFO: [ app_begin ] --END-- [ RunTime:0.000746s ]
INFO: [ view_parse ] --START--
INFO: [ template_filter ] --START--
INFO: Run Behavior\ContentReplaceBehavior [ RunTime:0.000204s ]
INFO: [ template_filter ] --END-- [ RunTime:0.000348s ]
NOTIC: [8] Undefined variable: data C:\wamp64\www\hzaulab\Application\Runtime\Cache\Admin\b4b8e87d9d31d90c66ab8f7e5f9fcb07.php 第 193 行.
INFO: Run Behavior\ParseTemplateBehavior [ RunTime:0.032495s ]
INFO: [ view_parse ] --END-- [ RunTime:0.032655s ]
INFO: [ view_filter ] --START--
INFO: Run Behavior\WriteHtmlCacheBehavior [ RunTime:0.000313s ]
INFO: [ view_filter ] --END-- [ RunTime:0.000440s ]
INFO: [ app_end ] --START--
INFO: Run Behavior\ShowPageTraceBehavior [ RunTime:0.000999s ]
INFO: [ app_end ] --END-- [ RunTime:0.001315s ]

[ 2017-08-10T17:08:48+08:00 ] ::1 /hzaulab/index.php/Admin/Introduction/notice
INFO: [ app_init ] --START--
INFO: Run Behavior\BuildLiteBehavior [ RunTime:0.000051s ]
INFO: [ app_init ] --END-- [ RunTime:0.000898s ]
INFO: [ app_begin ] --START--
INFO: Run Behavior\ReadHtmlCacheBehavior [ RunTime:0.000647s ]
INFO: [ app_begin ] --END-- [ RunTime:0.000803s ]
INFO: [ view_parse ] --START--
INFO: [ template_filter ] --START--
INFO: Run Behavior\ContentReplaceBehavior [ RunTime:0.000256s ]
INFO: [ template_filter ] --END-- [ RunTime:0.000422s ]
NOTIC: [8] Undefined variable: data C:\wamp64\www\hzaulab\Application\Runtime\Cache\Admin\cca01e992c6cb7ac858207a3f2516678.php 第 222 行.
NOTIC: [8] Undefined variable: data C:\wamp64\www\hzaulab\Application\Runtime\Cache\Admin\cca01e992c6cb7ac858207a3f2516678.php 第 261 行.
NOTIC: [8] Undefined variable: data C:\wamp64\www\hzaulab\Application\Runtime\Cache\Admin\cca01e992c6cb7ac858207a3f2516678.php 第 315 行.
INFO: Run Behavior\ParseTemplateBehavior [ RunTime:0.085179s ]
INFO: [ view_parse ] --END-- [ RunTime:0.085339s ]
INFO: [ view_filter ] --START--
INFO: Run Behavior\WriteHtmlCacheBehavior [ RunTime:0.000368s ]
INFO: [ view_filter ] --END-- [ RunTime:0.000510s ]
INFO: [ app_end ] --START--
INFO: Run Behavior\ShowPageTraceBehavior [ RunTime:0.001022s ]
INFO: [ app_end ] --END-- [ RunTime:0.001376s ]

[ 2017-08-10T17:08:56+08:00 ] ::1 /hzaulab/index.php/Admin/Introduction/connect
INFO: [ app_init ] --START--
INFO: Run Behavior\BuildLiteBehavior [ RunTime:0.000033s ]
INFO: [ app_init ] --END-- [ RunTime:0.000529s ]
INFO: [ app_begin ] --START--
INFO: Run Behavior\ReadHtmlCacheBehavior [ RunTime:0.000702s ]
INFO: [ app_begin ] --END-- [ RunTime:0.000927s ]
INFO: [ view_parse ] --START--
INFO: [ template_filter ] --START--
INFO: Run Behavior\ContentReplaceBehavior [ RunTime:0.000155s ]
INFO: [ template_filter ] --END-- [ RunTime:0.000298s ]
NOTIC: [8] Undefined variable: data C:\wamp64\www\hzaulab\Application\Runtime\Cache\Admin\d24a4f44bac0750fa58196ab5b485435.php 第 193 行.
INFO: Run Behavior\ParseTemplateBehavior [ RunTime:0.044013s ]
INFO: [ view_parse ] --END-- [ RunTime:0.044216s ]
INFO: [ view_filter ] --START--
INFO: Run Behavior\WriteHtmlCacheBehavior [ RunTime:0.000393s ]
INFO: [ view_filter ] --END-- [ RunTime:0.000536s ]
INFO: [ app_end ] --START--
INFO: Run Behavior\ShowPageTraceBehavior [ RunTime:0.001006s ]
INFO: [ app_end ] --END-- [ RunTime:0.001265s ]

[ 2017-08-10T17:11:27+08:00 ] ::1 /hzaulab/index.php/Admin/
INFO: [ app_init ] --START--
INFO: Run Behavior\BuildLiteBehavior [ RunTime:0.000031s ]
INFO: [ app_init ] --END-- [ RunTime:0.000567s ]
INFO: [ app_begin ] --START--
INFO: Run Behavior\ReadHtmlCacheBehavior [ RunTime:0.000777s ]
INFO: [ app_begin ] --END-- [ RunTime:0.001061s ]
INFO: [ view_parse ] --START--
INFO: [ template_filter ] --START--
INFO: Run Behavior\ContentReplaceBehavior [ RunTime:0.000523s ]
INFO: [ template_filter ] --END-- [ RunTime:0.000728s ]
NOTIC: [8] Undefined variable: vo C:\wamp64\www\hzaulab\Application\Runtime\Cache\Admin\b595b808c2ebeeeb0478ffc30bb4e87a.php 第 202 行.
NOTIC: [8] Undefined variable: vo C:\wamp64\www\hzaulab\Application\Runtime\Cache\Admin\b595b808c2ebeeeb0478ffc30bb4e87a.php 第 202 行.
NOTIC: [8] Undefined variable: vo C:\wamp64\www\hzaulab\Application\Runtime\Cache\Admin\b595b808c2ebeeeb0478ffc30bb4e87a.php 第 216 行.
NOTIC: [8] Undefined variable: vo C:\wamp64\www\hzaulab\Application\Runtime\Cache\Admin\b595b808c2ebeeeb0478ffc30bb4e87a.php 第 216 行.
NOTIC: [8] Undefined variable: vo C:\wamp64\www\hzaulab\Application\Runtime\Cache\Admin\b595b808c2ebeeeb0478ffc30bb4e87a.php 第 230 行.
NOTIC: [8] Undefined variable: vo C:\wamp64\www\hzaulab\Application\Runtime\Cache\Admin\b595b808c2ebeeeb0478ffc30bb4e87a.php 第 230 行.
NOTIC: [8] Undefined variable: vo C:\wamp64\www\hzaulab\Application\Runtime\Cache\Admin\b595b808c2ebeeeb0478ffc30bb4e87a.php 第 244 行.
NOTIC: [8] Undefined variable: vo C:\wamp64\www\hzaulab\Application\Runtime\Cache\Admin\b595b808c2ebeeeb0478ffc30bb4e87a.php 第 244 行.
NOTIC: [8] Undefined variable: vo C:\wamp64\www\hzaulab\Application\Runtime\Cache\Admin\b595b808c2ebeeeb0478ffc30bb4e87a.php 第 258 行.
NOTIC: [8] Undefined variable: vo C:\wamp64\www\hzaulab\Application\Runtime\Cache\Admin\b595b808c2ebeeeb0478ffc30bb4e87a.php 第 258 行.
NOTIC: [8] Undefined variable: data C:\wamp64\www\hzaulab\Application\Runtime\Cache\Admin\b595b808c2ebeeeb0478ffc30bb4e87a.php 第 315 行.
NOTIC: [8] Undefined variable: data C:\wamp64\www\hzaulab\Application\Runtime\Cache\Admin\b595b808c2ebeeeb0478ffc30bb4e87a.php 第 383 行.
NOTIC: [8] Undefined variable: data C:\wamp64\www\hzaulab\Application\Runtime\Cache\Admin\b595b808c2ebeeeb0478ffc30bb4e87a.php 第 451 行.
NOTIC: [8] Undefined variable: vo C:\wamp64\www\hzaulab\Application\Runtime\Cache\Admin\b595b808c2ebeeeb0478ffc30bb4e87a.php 第 491 行.
NOTIC: [8] Undefined variable: data C:\wamp64\www\hzaulab\Application\Runtime\Cache\Admin\b595b808c2ebeeeb0478ffc30bb4e87a.php 第 546 行.
NOTIC: [8] Undefined variable: data C:\wamp64\www\hzaulab\Application\Runtime\Cache\Admin\b595b808c2ebeeeb0478ffc30bb4e87a.php 第 598 行.
NOTIC: [8] Undefined variable: data C:\wamp64\www\hzaulab\Application\Runtime\Cache\Admin\b595b808c2ebeeeb0478ffc30bb4e87a.php 第 648 行.
NOTIC: [8] Undefined variable: data C:\wamp64\www\hzaulab\Application\Runtime\Cache\Admin\b595b808c2ebeeeb0478ffc30bb4e87a.php 第 700 行.
INFO: Run Behavior\ParseTemplateBehavior [ RunTime:0.044013s ]
INFO: [ view_parse ] --END-- [ RunTime:0.044164s ]
INFO: [ view_filter ] --START--
INFO: Run Behavior\WriteHtmlCacheBehavior [ RunTime:0.000506s ]
INFO: [ view_filter ] --END-- [ RunTime:0.000636s ]
INFO: [ app_end ] --START--
INFO: Run Behavior\ShowPageTraceBehavior [ RunTime:0.001046s ]
INFO: [ app_end ] --END-- [ RunTime:0.001319s ]

