[ 2017-08-23T19:36:31+08:00 ] ::1 /hzaulab/index.php/Admin/Plan/plan
INFO: [ app_init ] --START--
INFO: Run Behavior\BuildLiteBehavior [ RunTime:0.000048s ]
INFO: [ app_init ] --END-- [ RunTime:0.016718s ]
INFO: [ app_begin ] --START--
INFO: Run Behavior\ReadHtmlCacheBehavior [ RunTime:0.025804s ]
INFO: [ app_begin ] --END-- [ RunTime:0.025986s ]
INFO: [ view_parse ] --START--
INFO: [ template_filter ] --START--
INFO: Run Behavior\ContentReplaceBehavior [ RunTime:0.001505s ]
INFO: [ template_filter ] --END-- [ RunTime:0.001683s ]
INFO: Run Behavior\ParseTemplateBehavior [ RunTime:0.228156s ]
INFO: [ view_parse ] --END-- [ RunTime:0.228371s ]
INFO: [ view_filter ] --START--
INFO: Run Behavior\WriteHtmlCacheBehavior [ RunTime:0.015539s ]
INFO: [ view_filter ] --END-- [ RunTime:0.015696s ]
INFO: [ app_end ] --START--
INFO: Run Behavior\ShowPageTraceBehavior [ RunTime:0.023933s ]
INFO: [ app_end ] --END-- [ RunTime:0.024214s ]

[ 2017-08-23T19:36:35+08:00 ] ::1 /hzaulab/index.php/Admin/Index/index
INFO: [ app_init ] --START--
INFO: Run Behavior\BuildLiteBehavior [ RunTime:0.000030s ]
INFO: [ app_init ] --END-- [ RunTime:0.000460s ]
INFO: [ app_begin ] --START--
INFO: Run Behavior\ReadHtmlCacheBehavior [ RunTime:0.000516s ]
INFO: [ app_begin ] --END-- [ RunTime:0.000715s ]
INFO: [ view_parse ] --START--
INFO: [ template_filter ] --START--
INFO: Run Behavior\ContentReplaceBehavior [ RunTime:0.000408s ]
INFO: [ template_filter ] --END-- [ RunTime:0.000619s ]
NOTIC: [8] Undefined variable: vo C:\wamp64\www\hzaulab\Application\Runtime\Cache\Admin\b595b808c2ebeeeb0478ffc30bb4e87a.php 第 213 行.
NOTIC: [8] Undefined variable: vo C:\wamp64\www\hzaulab\Application\Runtime\Cache\Admin\b595b808c2ebeeeb0478ffc30bb4e87a.php 第 213 行.
NOTIC: [8] Undefined variable: vo C:\wamp64\www\hzaulab\Application\Runtime\Cache\Admin\b595b808c2ebeeeb0478ffc30bb4e87a.php 第 227 行.
NOTIC: [8] Undefined variable: vo C:\wamp64\www\hzaulab\Application\Runtime\Cache\Admin\b595b808c2ebeeeb0478ffc30bb4e87a.php 第 227 行.
NOTIC: [8] Undefined variable: vo C:\wamp64\www\hzaulab\Application\Runtime\Cache\Admin\b595b808c2ebeeeb0478ffc30bb4e87a.php 第 241 行.
NOTIC: [8] Undefined variable: vo C:\wamp64\www\hzaulab\Application\Runtime\Cache\Admin\b595b808c2ebeeeb0478ffc30bb4e87a.php 第 241 行.
NOTIC: [8] Undefined variable: vo C:\wamp64\www\hzaulab\Application\Runtime\Cache\Admin\b595b808c2ebeeeb0478ffc30bb4e87a.php 第 255 行.
NOTIC: [8] Undefined variable: vo C:\wamp64\www\hzaulab\Application\Runtime\Cache\Admin\b595b808c2ebeeeb0478ffc30bb4e87a.php 第 255 行.
NOTIC: [8] Undefined variable: vo C:\wamp64\www\hzaulab\Application\Runtime\Cache\Admin\b595b808c2ebeeeb0478ffc30bb4e87a.php 第 269 行.
NOTIC: [8] Undefined variable: vo C:\wamp64\www\hzaulab\Application\Runtime\Cache\Admin\b595b808c2ebeeeb0478ffc30bb4e87a.php 第 269 行.
NOTIC: [8] Undefined variable: vo C:\wamp64\www\hzaulab\Application\Runtime\Cache\Admin\b595b808c2ebeeeb0478ffc30bb4e87a.php 第 300 行.
INFO: Run Behavior\ParseTemplateBehavior [ RunTime:0.031653s ]
INFO: [ view_parse ] --END-- [ RunTime:0.031814s ]
INFO: [ view_filter ] --START--
INFO: Run Behavior\WriteHtmlCacheBehavior [ RunTime:0.000320s ]
INFO: [ view_filter ] --END-- [ RunTime:0.000468s ]
INFO: [ app_end ] --START--
INFO: Run Behavior\ShowPageTraceBehavior [ RunTime:0.000769s ]
INFO: [ app_end ] --END-- [ RunTime:0.000957s ]

[ 2017-08-23T19:36:38+08:00 ] ::1 /hzaulab/index.php/Admin/Introduction/notice
INFO: [ app_init ] --START--
INFO: Run Behavior\BuildLiteBehavior [ RunTime:0.000070s ]
INFO: [ app_init ] --END-- [ RunTime:0.000558s ]
INFO: [ app_begin ] --START--
INFO: Run Behavior\ReadHtmlCacheBehavior [ RunTime:0.000887s ]
INFO: [ app_begin ] --END-- [ RunTime:0.001102s ]
INFO: [ view_parse ] --START--
INFO: [ template_filter ] --START--
INFO: Run Behavior\ContentReplaceBehavior [ RunTime:0.000189s ]
INFO: [ template_filter ] --END-- [ RunTime:0.000371s ]
NOTIC: [8] Undefined variable: data C:\wamp64\www\hzaulab\Application\Runtime\Cache\Admin\cca01e992c6cb7ac858207a3f2516678.php 第 257 行.
NOTIC: [8] Undefined variable: data C:\wamp64\www\hzaulab\Application\Runtime\Cache\Admin\cca01e992c6cb7ac858207a3f2516678.php 第 260 行.
INFO: Run Behavior\ParseTemplateBehavior [ RunTime:0.049527s ]
INFO: [ view_parse ] --END-- [ RunTime:0.049671s ]
INFO: [ view_filter ] --START--
INFO: Run Behavior\WriteHtmlCacheBehavior [ RunTime:0.000418s ]
INFO: [ view_filter ] --END-- [ RunTime:0.000571s ]
INFO: [ app_end ] --START--
INFO: Run Behavior\ShowPageTraceBehavior [ RunTime:0.000919s ]
INFO: [ app_end ] --END-- [ RunTime:0.001114s ]

[ 2017-08-23T19:36:42+08:00 ] ::1 /hzaulab/index.php/Admin/Index/index
INFO: [ app_init ] --START--
INFO: Run Behavior\BuildLiteBehavior [ RunTime:0.000028s ]
INFO: [ app_init ] --END-- [ RunTime:0.000467s ]
INFO: [ app_begin ] --START--
INFO: Run Behavior\ReadHtmlCacheBehavior [ RunTime:0.000562s ]
INFO: [ app_begin ] --END-- [ RunTime:0.000701s ]
INFO: [ view_parse ] --START--
INFO: [ template_filter ] --START--
INFO: Run Behavior\ContentReplaceBehavior [ RunTime:0.000279s ]
INFO: [ template_filter ] --END-- [ RunTime:0.000423s ]
NOTIC: [8] Undefined variable: vo C:\wamp64\www\hzaulab\Application\Runtime\Cache\Admin\b595b808c2ebeeeb0478ffc30bb4e87a.php 第 213 行.
NOTIC: [8] Undefined variable: vo C:\wamp64\www\hzaulab\Application\Runtime\Cache\Admin\b595b808c2ebeeeb0478ffc30bb4e87a.php 第 213 行.
NOTIC: [8] Undefined variable: vo C:\wamp64\www\hzaulab\Application\Runtime\Cache\Admin\b595b808c2ebeeeb0478ffc30bb4e87a.php 第 227 行.
NOTIC: [8] Undefined variable: vo C:\wamp64\www\hzaulab\Application\Runtime\Cache\Admin\b595b808c2ebeeeb0478ffc30bb4e87a.php 第 227 行.
NOTIC: [8] Undefined variable: vo C:\wamp64\www\hzaulab\Application\Runtime\Cache\Admin\b595b808c2ebeeeb0478ffc30bb4e87a.php 第 241 行.
NOTIC: [8] Undefined variable: vo C:\wamp64\www\hzaulab\Application\Runtime\Cache\Admin\b595b808c2ebeeeb0478ffc30bb4e87a.php 第 241 行.
NOTIC: [8] Undefined variable: vo C:\wamp64\www\hzaulab\Application\Runtime\Cache\Admin\b595b808c2ebeeeb0478ffc30bb4e87a.php 第 255 行.
NOTIC: [8] Undefined variable: vo C:\wamp64\www\hzaulab\Application\Runtime\Cache\Admin\b595b808c2ebeeeb0478ffc30bb4e87a.php 第 255 行.
NOTIC: [8] Undefined variable: vo C:\wamp64\www\hzaulab\Application\Runtime\Cache\Admin\b595b808c2ebeeeb0478ffc30bb4e87a.php 第 269 行.
NOTIC: [8] Undefined variable: vo C:\wamp64\www\hzaulab\Application\Runtime\Cache\Admin\b595b808c2ebeeeb0478ffc30bb4e87a.php 第 269 行.
NOTIC: [8] Undefined variable: vo C:\wamp64\www\hzaulab\Application\Runtime\Cache\Admin\b595b808c2ebeeeb0478ffc30bb4e87a.php 第 300 行.
INFO: Run Behavior\ParseTemplateBehavior [ RunTime:0.025161s ]
INFO: [ view_parse ] --END-- [ RunTime:0.025324s ]
INFO: [ view_filter ] --START--
INFO: Run Behavior\WriteHtmlCacheBehavior [ RunTime:0.000315s ]
INFO: [ view_filter ] --END-- [ RunTime:0.000442s ]
INFO: [ app_end ] --START--
INFO: Run Behavior\ShowPageTraceBehavior [ RunTime:0.000687s ]
INFO: [ app_end ] --END-- [ RunTime:0.000881s ]

[ 2017-08-23T19:36:55+08:00 ] ::1 /hzaulab/index.php/Admin/Index/index
INFO: [ app_init ] --START--
INFO: Run Behavior\BuildLiteBehavior [ RunTime:0.000029s ]
INFO: [ app_init ] --END-- [ RunTime:0.000531s ]
INFO: [ app_begin ] --START--
INFO: Run Behavior\ReadHtmlCacheBehavior [ RunTime:0.000878s ]
INFO: [ app_begin ] --END-- [ RunTime:0.001047s ]
INFO: [ view_parse ] --START--
INFO: [ template_filter ] --START--
INFO: Run Behavior\ContentReplaceBehavior [ RunTime:0.000243s ]
INFO: [ template_filter ] --END-- [ RunTime:0.000397s ]
NOTIC: [8] Undefined variable: vo C:\wamp64\www\hzaulab\Application\Runtime\Cache\Admin\b595b808c2ebeeeb0478ffc30bb4e87a.php 第 213 行.
NOTIC: [8] Undefined variable: vo C:\wamp64\www\hzaulab\Application\Runtime\Cache\Admin\b595b808c2ebeeeb0478ffc30bb4e87a.php 第 213 行.
NOTIC: [8] Undefined variable: vo C:\wamp64\www\hzaulab\Application\Runtime\Cache\Admin\b595b808c2ebeeeb0478ffc30bb4e87a.php 第 227 行.
NOTIC: [8] Undefined variable: vo C:\wamp64\www\hzaulab\Application\Runtime\Cache\Admin\b595b808c2ebeeeb0478ffc30bb4e87a.php 第 227 行.
NOTIC: [8] Undefined variable: vo C:\wamp64\www\hzaulab\Application\Runtime\Cache\Admin\b595b808c2ebeeeb0478ffc30bb4e87a.php 第 241 行.
NOTIC: [8] Undefined variable: vo C:\wamp64\www\hzaulab\Application\Runtime\Cache\Admin\b595b808c2ebeeeb0478ffc30bb4e87a.php 第 241 行.
NOTIC: [8] Undefined variable: vo C:\wamp64\www\hzaulab\Application\Runtime\Cache\Admin\b595b808c2ebeeeb0478ffc30bb4e87a.php 第 255 行.
NOTIC: [8] Undefined variable: vo C:\wamp64\www\hzaulab\Application\Runtime\Cache\Admin\b595b808c2ebeeeb0478ffc30bb4e87a.php 第 255 行.
NOTIC: [8] Undefined variable: vo C:\wamp64\www\hzaulab\Application\Runtime\Cache\Admin\b595b808c2ebeeeb0478ffc30bb4e87a.php 第 269 行.
NOTIC: [8] Undefined variable: vo C:\wamp64\www\hzaulab\Application\Runtime\Cache\Admin\b595b808c2ebeeeb0478ffc30bb4e87a.php 第 269 行.
NOTIC: [8] Undefined variable: vo C:\wamp64\www\hzaulab\Application\Runtime\Cache\Admin\b595b808c2ebeeeb0478ffc30bb4e87a.php 第 300 行.
INFO: Run Behavior\ParseTemplateBehavior [ RunTime:0.027876s ]
INFO: [ view_parse ] --END-- [ RunTime:0.028016s ]
INFO: [ view_filter ] --START--
INFO: Run Behavior\WriteHtmlCacheBehavior [ RunTime:0.000390s ]
INFO: [ view_filter ] --END-- [ RunTime:0.000519s ]
INFO: [ app_end ] --START--
INFO: Run Behavior\ShowPageTraceBehavior [ RunTime:0.001031s ]
INFO: [ app_end ] --END-- [ RunTime:0.001247s ]

[ 2017-08-23T19:38:27+08:00 ] ::1 /hzaulab/index.php/Admin/Index/index
INFO: [ app_init ] --START--
INFO: Run Behavior\BuildLiteBehavior [ RunTime:0.000029s ]
INFO: [ app_init ] --END-- [ RunTime:0.000534s ]
ERR: SQLSTATE[HY000] [1045] Access denied for user 'root'@'localhost' (using password: YES)

[ 2017-08-23T19:59:12+08:00 ] ::1 /hzaulab/index.php/Admin/
ERR: SQLSTATE[HY000] [1045] Access denied for user 'root'@'localhost' (using password: YES)

[ 2017-08-23T20:17:14+08:00 ] ::1 /hzaulab/index.php/Admin/Introduction/aboutDoUpdate
INFO: [ app_begin ] --START--
INFO: Run Behavior\ReadHtmlCacheBehavior [ RunTime:0.000811s ]
INFO: [ app_begin ] --END-- [ RunTime:0.001384s ]
SQL: SHOW COLUMNS FROM `tp_js` [ RunTime:0.0013s ]
SQL: SHOW COLUMNS FROM `tp_js` [ RunTime:0.0009s ]
SQL: UPDATE `tp_js` SET `content`='<p>这里写要的简介123456</p><p>vamkef</p>' WHERE ( id = 2 ) [ RunTime:0.0031s ]
NOTIC: [8] Undefined variable: which C:\wamp64\www\hzaulab\Application\Admin\Controller\IntroductionController.class.php 第 31 行.
INFO: [ app_end ] --START--
INFO: Run Behavior\ShowPageTraceBehavior [ RunTime:0.000866s ]
INFO: [ app_end ] --END-- [ RunTime:0.000994s ]

[ 2017-08-23T20:17:26+08:00 ] ::1 /hzaulab/index.php/Admin/Introduction/doAddNotice
INFO: [ app_begin ] --START--
INFO: Run Behavior\ReadHtmlCacheBehavior [ RunTime:0.000832s ]
INFO: [ app_begin ] --END-- [ RunTime:0.001304s ]
SQL: SHOW COLUMNS FROM `tp_tz` [ RunTime:0.0013s ]
SQL: SHOW COLUMNS FROM `tp_tz` [ RunTime:0.0009s ]
SQL: INSERT INTO `tp_tz` (`infotime`,`infoowner`,`infoname`,`infoct`) VALUES ('2017-08-23','Admin','','<p>请填写通知的名称，编辑时，请删除本行aerb ae ae</p><p>admf&nbsp;</p>') [ RunTime:0.0005s ]
INFO: [ app_end ] --START--
INFO: Run Behavior\ShowPageTraceBehavior [ RunTime:0.000972s ]
INFO: [ app_end ] --END-- [ RunTime:0.001089s ]

[ 2017-08-23T20:17:42+08:00 ] ::1 /hzaulab/index.php/Admin/Introduction/doEdit
INFO: [ app_begin ] --START--
INFO: Run Behavior\ReadHtmlCacheBehavior [ RunTime:0.000853s ]
INFO: [ app_begin ] --END-- [ RunTime:0.001506s ]
SQL: SHOW COLUMNS FROM `tp_tz` [ RunTime:0.0099s ]
SQL: SHOW COLUMNS FROM `tp_tz` [ RunTime:0.0006s ]
SQL: UPDATE `tp_tz` SET `infoname`='hahah ',`infoct`='<p>请填写通知的名称，编辑时，请删除本行aerb ae ae</p><p>admf&nbsp;</p>' WHERE ( id = 2 ) [ RunTime:0.0004s ]
INFO: [ app_end ] --START--
INFO: Run Behavior\ShowPageTraceBehavior [ RunTime:0.000896s ]
INFO: [ app_end ] --END-- [ RunTime:0.001012s ]

[ 2017-08-23T20:18:53+08:00 ] ::1 /hzaulab/index.php/Admin/Introduction/aboutDoUpdate
INFO: [ app_begin ] --START--
INFO: Run Behavior\ReadHtmlCacheBehavior [ RunTime:0.000711s ]
INFO: [ app_begin ] --END-- [ RunTime:0.001228s ]
SQL: SHOW COLUMNS FROM `tp_js` [ RunTime:0.0012s ]
SQL: SHOW COLUMNS FROM `tp_js` [ RunTime:0.0006s ]
SQL: UPDATE `tp_js` SET `content`='<p>这里是农田土地发布页面snd</p>' WHERE ( id = 7 ) [ RunTime:0.0004s ]
NOTIC: [8] Undefined variable: which C:\wamp64\www\hzaulab\Application\Admin\Controller\IntroductionController.class.php 第 31 行.
INFO: [ app_end ] --START--
INFO: Run Behavior\ShowPageTraceBehavior [ RunTime:0.000864s ]
INFO: [ app_end ] --END-- [ RunTime:0.001017s ]

[ 2017-08-23T20:19:12+08:00 ] ::1 /hzaulab/index.php/Admin/Regulation/regulation
INFO: [ app_begin ] --START--
INFO: Run Behavior\ReadHtmlCacheBehavior [ RunTime:0.000797s ]
INFO: [ app_begin ] --END-- [ RunTime:0.001319s ]
SQL: SHOW COLUMNS FROM `tp_wj` [ RunTime:0.0013s ]
SQL: SHOW COLUMNS FROM `tp_wj` [ RunTime:0.0007s ]
SQL: SELECT * FROM `tp_wj` WHERE ( rsType = 1 )  [ RunTime:0.0003s ]
INFO: [ view_parse ] --START--
INFO: [ template_filter ] --START--
INFO: Run Behavior\ContentReplaceBehavior [ RunTime:0.000194s ]
INFO: [ template_filter ] --END-- [ RunTime:0.000312s ]
NOTIC: [8] Undefined index: id C:\wamp64\www\hzaulab\Application\Runtime\Cache\Admin\5129d628e5955e678fa3772f3b87d5a5.php 第 249 行.
INFO: Run Behavior\ParseTemplateBehavior [ RunTime:0.045161s ]
INFO: [ view_parse ] --END-- [ RunTime:0.045278s ]
INFO: [ view_filter ] --START--
INFO: Run Behavior\WriteHtmlCacheBehavior [ RunTime:0.000518s ]
INFO: [ view_filter ] --END-- [ RunTime:0.000623s ]
INFO: [ app_end ] --START--
INFO: Run Behavior\ShowPageTraceBehavior [ RunTime:0.001456s ]
INFO: [ app_end ] --END-- [ RunTime:0.001714s ]

