[ 2017-08-11T11:11:00+08:00 ] ::1 /hzaulab/index.php/Admin/
INFO: [ app_init ] --START--
INFO: Run Behavior\BuildLiteBehavior [ RunTime:0.000053s ]
INFO: [ app_init ] --END-- [ RunTime:0.000832s ]
INFO: [ app_begin ] --START--
INFO: Run Behavior\ReadHtmlCacheBehavior [ RunTime:0.000568s ]
INFO: [ app_begin ] --END-- [ RunTime:0.000717s ]
INFO: [ view_parse ] --START--
INFO: [ template_filter ] --START--
INFO: Run Behavior\ContentReplaceBehavior [ RunTime:0.000519s ]
INFO: [ template_filter ] --END-- [ RunTime:0.000670s ]
NOTIC: [8] Undefined variable: vo C:\wamp64\www\hzaulab\Application\Runtime\Cache\Admin\b595b808c2ebeeeb0478ffc30bb4e87a.php 第 202 行.
NOTIC: [8] Undefined variable: vo C:\wamp64\www\hzaulab\Application\Runtime\Cache\Admin\b595b808c2ebeeeb0478ffc30bb4e87a.php 第 202 行.
NOTIC: [8] Undefined variable: vo C:\wamp64\www\hzaulab\Application\Runtime\Cache\Admin\b595b808c2ebeeeb0478ffc30bb4e87a.php 第 216 行.
NOTIC: [8] Undefined variable: vo C:\wamp64\www\hzaulab\Application\Runtime\Cache\Admin\b595b808c2ebeeeb0478ffc30bb4e87a.php 第 216 行.
NOTIC: [8] Undefined variable: vo C:\wamp64\www\hzaulab\Application\Runtime\Cache\Admin\b595b808c2ebeeeb0478ffc30bb4e87a.php 第 230 行.
NOTIC: [8] Undefined variable: vo C:\wamp64\www\hzaulab\Application\Runtime\Cache\Admin\b595b808c2ebeeeb0478ffc30bb4e87a.php 第 230 行.
NOTIC: [8] Undefined variable: vo C:\wamp64\www\hzaulab\Application\Runtime\Cache\Admin\b595b808c2ebeeeb0478ffc30bb4e87a.php 第 244 行.
NOTIC: [8] Undefined variable: vo C:\wamp64\www\hzaulab\Application\Runtime\Cache\Admin\b595b808c2ebeeeb0478ffc30bb4e87a.php 第 244 行.
NOTIC: [8] Undefined variable: vo C:\wamp64\www\hzaulab\Application\Runtime\Cache\Admin\b595b808c2ebeeeb0478ffc30bb4e87a.php 第 258 行.
NOTIC: [8] Undefined variable: vo C:\wamp64\www\hzaulab\Application\Runtime\Cache\Admin\b595b808c2ebeeeb0478ffc30bb4e87a.php 第 258 行.
NOTIC: [8] Undefined variable: data C:\wamp64\www\hzaulab\Application\Runtime\Cache\Admin\b595b808c2ebeeeb0478ffc30bb4e87a.php 第 315 行.
NOTIC: [8] Undefined variable: data C:\wamp64\www\hzaulab\Application\Runtime\Cache\Admin\b595b808c2ebeeeb0478ffc30bb4e87a.php 第 383 行.
NOTIC: [8] Undefined variable: data C:\wamp64\www\hzaulab\Application\Runtime\Cache\Admin\b595b808c2ebeeeb0478ffc30bb4e87a.php 第 451 行.
NOTIC: [8] Undefined variable: vo C:\wamp64\www\hzaulab\Application\Runtime\Cache\Admin\b595b808c2ebeeeb0478ffc30bb4e87a.php 第 491 行.
NOTIC: [8] Undefined variable: data C:\wamp64\www\hzaulab\Application\Runtime\Cache\Admin\b595b808c2ebeeeb0478ffc30bb4e87a.php 第 546 行.
NOTIC: [8] Undefined variable: data C:\wamp64\www\hzaulab\Application\Runtime\Cache\Admin\b595b808c2ebeeeb0478ffc30bb4e87a.php 第 598 行.
NOTIC: [8] Undefined variable: data C:\wamp64\www\hzaulab\Application\Runtime\Cache\Admin\b595b808c2ebeeeb0478ffc30bb4e87a.php 第 648 行.
NOTIC: [8] Undefined variable: data C:\wamp64\www\hzaulab\Application\Runtime\Cache\Admin\b595b808c2ebeeeb0478ffc30bb4e87a.php 第 700 行.
INFO: Run Behavior\ParseTemplateBehavior [ RunTime:0.108501s ]
INFO: [ view_parse ] --END-- [ RunTime:0.108655s ]
INFO: [ view_filter ] --START--
INFO: Run Behavior\WriteHtmlCacheBehavior [ RunTime:0.000301s ]
INFO: [ view_filter ] --END-- [ RunTime:0.000470s ]
INFO: [ app_end ] --START--
INFO: Run Behavior\ShowPageTraceBehavior [ RunTime:0.001038s ]
INFO: [ app_end ] --END-- [ RunTime:0.001311s ]

[ 2017-08-11T11:11:04+08:00 ] ::1 /hzaulab/index.php/Admin/Index/index
INFO: [ app_init ] --START--
INFO: Run Behavior\BuildLiteBehavior [ RunTime:0.000036s ]
INFO: [ app_init ] --END-- [ RunTime:0.000808s ]
INFO: [ app_begin ] --START--
INFO: Run Behavior\ReadHtmlCacheBehavior [ RunTime:0.000620s ]
INFO: [ app_begin ] --END-- [ RunTime:0.000766s ]
INFO: [ view_parse ] --START--
INFO: [ template_filter ] --START--
INFO: Run Behavior\ContentReplaceBehavior [ RunTime:0.000593s ]
INFO: [ template_filter ] --END-- [ RunTime:0.000776s ]
NOTIC: [8] Undefined variable: vo C:\wamp64\www\hzaulab\Application\Runtime\Cache\Admin\b595b808c2ebeeeb0478ffc30bb4e87a.php 第 202 行.
NOTIC: [8] Undefined variable: vo C:\wamp64\www\hzaulab\Application\Runtime\Cache\Admin\b595b808c2ebeeeb0478ffc30bb4e87a.php 第 202 行.
NOTIC: [8] Undefined variable: vo C:\wamp64\www\hzaulab\Application\Runtime\Cache\Admin\b595b808c2ebeeeb0478ffc30bb4e87a.php 第 216 行.
NOTIC: [8] Undefined variable: vo C:\wamp64\www\hzaulab\Application\Runtime\Cache\Admin\b595b808c2ebeeeb0478ffc30bb4e87a.php 第 216 行.
NOTIC: [8] Undefined variable: vo C:\wamp64\www\hzaulab\Application\Runtime\Cache\Admin\b595b808c2ebeeeb0478ffc30bb4e87a.php 第 230 行.
NOTIC: [8] Undefined variable: vo C:\wamp64\www\hzaulab\Application\Runtime\Cache\Admin\b595b808c2ebeeeb0478ffc30bb4e87a.php 第 230 行.
NOTIC: [8] Undefined variable: vo C:\wamp64\www\hzaulab\Application\Runtime\Cache\Admin\b595b808c2ebeeeb0478ffc30bb4e87a.php 第 244 行.
NOTIC: [8] Undefined variable: vo C:\wamp64\www\hzaulab\Application\Runtime\Cache\Admin\b595b808c2ebeeeb0478ffc30bb4e87a.php 第 244 行.
NOTIC: [8] Undefined variable: vo C:\wamp64\www\hzaulab\Application\Runtime\Cache\Admin\b595b808c2ebeeeb0478ffc30bb4e87a.php 第 258 行.
NOTIC: [8] Undefined variable: vo C:\wamp64\www\hzaulab\Application\Runtime\Cache\Admin\b595b808c2ebeeeb0478ffc30bb4e87a.php 第 258 行.
NOTIC: [8] Undefined variable: data C:\wamp64\www\hzaulab\Application\Runtime\Cache\Admin\b595b808c2ebeeeb0478ffc30bb4e87a.php 第 315 行.
NOTIC: [8] Undefined variable: data C:\wamp64\www\hzaulab\Application\Runtime\Cache\Admin\b595b808c2ebeeeb0478ffc30bb4e87a.php 第 383 行.
NOTIC: [8] Undefined variable: data C:\wamp64\www\hzaulab\Application\Runtime\Cache\Admin\b595b808c2ebeeeb0478ffc30bb4e87a.php 第 451 行.
NOTIC: [8] Undefined variable: vo C:\wamp64\www\hzaulab\Application\Runtime\Cache\Admin\b595b808c2ebeeeb0478ffc30bb4e87a.php 第 491 行.
NOTIC: [8] Undefined variable: data C:\wamp64\www\hzaulab\Application\Runtime\Cache\Admin\b595b808c2ebeeeb0478ffc30bb4e87a.php 第 546 行.
NOTIC: [8] Undefined variable: data C:\wamp64\www\hzaulab\Application\Runtime\Cache\Admin\b595b808c2ebeeeb0478ffc30bb4e87a.php 第 598 行.
NOTIC: [8] Undefined variable: data C:\wamp64\www\hzaulab\Application\Runtime\Cache\Admin\b595b808c2ebeeeb0478ffc30bb4e87a.php 第 648 行.
NOTIC: [8] Undefined variable: data C:\wamp64\www\hzaulab\Application\Runtime\Cache\Admin\b595b808c2ebeeeb0478ffc30bb4e87a.php 第 700 行.
INFO: Run Behavior\ParseTemplateBehavior [ RunTime:0.092198s ]
INFO: [ view_parse ] --END-- [ RunTime:0.092394s ]
INFO: [ view_filter ] --START--
INFO: Run Behavior\WriteHtmlCacheBehavior [ RunTime:0.000640s ]
INFO: [ view_filter ] --END-- [ RunTime:0.000798s ]
INFO: [ app_end ] --START--
INFO: Run Behavior\ShowPageTraceBehavior [ RunTime:0.001060s ]
INFO: [ app_end ] --END-- [ RunTime:0.001342s ]

[ 2017-08-11T11:11:07+08:00 ] ::1 /hzaulab/index.php/Admin/Introduction/notice
INFO: [ app_init ] --START--
INFO: Run Behavior\BuildLiteBehavior [ RunTime:0.000028s ]
INFO: [ app_init ] --END-- [ RunTime:0.000453s ]
INFO: [ app_begin ] --START--
INFO: Run Behavior\ReadHtmlCacheBehavior [ RunTime:0.000899s ]
INFO: [ app_begin ] --END-- [ RunTime:0.001087s ]
INFO: [ view_parse ] --START--
INFO: [ template_filter ] --START--
INFO: Run Behavior\ContentReplaceBehavior [ RunTime:0.000239s ]
INFO: [ template_filter ] --END-- [ RunTime:0.000430s ]
NOTIC: [8] Undefined variable: data C:\wamp64\www\hzaulab\Application\Runtime\Cache\Admin\cca01e992c6cb7ac858207a3f2516678.php 第 222 行.
NOTIC: [8] Undefined variable: data C:\wamp64\www\hzaulab\Application\Runtime\Cache\Admin\cca01e992c6cb7ac858207a3f2516678.php 第 261 行.
NOTIC: [8] Undefined variable: data C:\wamp64\www\hzaulab\Application\Runtime\Cache\Admin\cca01e992c6cb7ac858207a3f2516678.php 第 315 行.
INFO: Run Behavior\ParseTemplateBehavior [ RunTime:0.067477s ]
INFO: [ view_parse ] --END-- [ RunTime:0.067620s ]
INFO: [ view_filter ] --START--
INFO: Run Behavior\WriteHtmlCacheBehavior [ RunTime:0.000352s ]
INFO: [ view_filter ] --END-- [ RunTime:0.000481s ]
INFO: [ app_end ] --START--
INFO: Run Behavior\ShowPageTraceBehavior [ RunTime:0.001225s ]
INFO: [ app_end ] --END-- [ RunTime:0.001513s ]

[ 2017-08-11T11:11:09+08:00 ] ::1 /hzaulab/index.php/Admin/Field/OpenPot
INFO: [ app_init ] --START--
INFO: Run Behavior\BuildLiteBehavior [ RunTime:0.000029s ]
INFO: [ app_init ] --END-- [ RunTime:0.000452s ]
INFO: [ app_begin ] --START--
INFO: Run Behavior\ReadHtmlCacheBehavior [ RunTime:0.000557s ]
INFO: [ app_begin ] --END-- [ RunTime:0.000747s ]
INFO: [ view_parse ] --START--
INFO: [ template_filter ] --START--
INFO: Run Behavior\ContentReplaceBehavior [ RunTime:0.000166s ]
INFO: [ template_filter ] --END-- [ RunTime:0.000325s ]
INFO: Run Behavior\ParseTemplateBehavior [ RunTime:0.030920s ]
INFO: [ view_parse ] --END-- [ RunTime:0.031290s ]
INFO: [ view_filter ] --START--
INFO: Run Behavior\WriteHtmlCacheBehavior [ RunTime:0.000571s ]
INFO: [ view_filter ] --END-- [ RunTime:0.000820s ]
INFO: [ app_end ] --START--
INFO: Run Behavior\ShowPageTraceBehavior [ RunTime:0.000992s ]
INFO: [ app_end ] --END-- [ RunTime:0.001264s ]

[ 2017-08-11T15:44:46+08:00 ] ::1 /hzaulab/index.php/Admin/
INFO: [ app_init ] --START--
INFO: Run Behavior\BuildLiteBehavior [ RunTime:0.000053s ]
INFO: [ app_init ] --END-- [ RunTime:0.000660s ]
INFO: [ app_begin ] --START--
INFO: Run Behavior\ReadHtmlCacheBehavior [ RunTime:0.000596s ]
INFO: [ app_begin ] --END-- [ RunTime:0.000752s ]
INFO: [ view_parse ] --START--
INFO: [ template_filter ] --START--
INFO: Run Behavior\ContentReplaceBehavior [ RunTime:0.000501s ]
INFO: [ template_filter ] --END-- [ RunTime:0.000645s ]
NOTIC: [8] Undefined variable: vo C:\wamp64\www\hzaulab\Application\Runtime\Cache\Admin\b595b808c2ebeeeb0478ffc30bb4e87a.php 第 202 行.
NOTIC: [8] Undefined variable: vo C:\wamp64\www\hzaulab\Application\Runtime\Cache\Admin\b595b808c2ebeeeb0478ffc30bb4e87a.php 第 202 行.
NOTIC: [8] Undefined variable: vo C:\wamp64\www\hzaulab\Application\Runtime\Cache\Admin\b595b808c2ebeeeb0478ffc30bb4e87a.php 第 216 行.
NOTIC: [8] Undefined variable: vo C:\wamp64\www\hzaulab\Application\Runtime\Cache\Admin\b595b808c2ebeeeb0478ffc30bb4e87a.php 第 216 行.
NOTIC: [8] Undefined variable: vo C:\wamp64\www\hzaulab\Application\Runtime\Cache\Admin\b595b808c2ebeeeb0478ffc30bb4e87a.php 第 230 行.
NOTIC: [8] Undefined variable: vo C:\wamp64\www\hzaulab\Application\Runtime\Cache\Admin\b595b808c2ebeeeb0478ffc30bb4e87a.php 第 230 行.
NOTIC: [8] Undefined variable: vo C:\wamp64\www\hzaulab\Application\Runtime\Cache\Admin\b595b808c2ebeeeb0478ffc30bb4e87a.php 第 244 行.
NOTIC: [8] Undefined variable: vo C:\wamp64\www\hzaulab\Application\Runtime\Cache\Admin\b595b808c2ebeeeb0478ffc30bb4e87a.php 第 244 行.
NOTIC: [8] Undefined variable: vo C:\wamp64\www\hzaulab\Application\Runtime\Cache\Admin\b595b808c2ebeeeb0478ffc30bb4e87a.php 第 258 行.
NOTIC: [8] Undefined variable: vo C:\wamp64\www\hzaulab\Application\Runtime\Cache\Admin\b595b808c2ebeeeb0478ffc30bb4e87a.php 第 258 行.
NOTIC: [8] Undefined variable: data C:\wamp64\www\hzaulab\Application\Runtime\Cache\Admin\b595b808c2ebeeeb0478ffc30bb4e87a.php 第 315 行.
NOTIC: [8] Undefined variable: data C:\wamp64\www\hzaulab\Application\Runtime\Cache\Admin\b595b808c2ebeeeb0478ffc30bb4e87a.php 第 383 行.
NOTIC: [8] Undefined variable: data C:\wamp64\www\hzaulab\Application\Runtime\Cache\Admin\b595b808c2ebeeeb0478ffc30bb4e87a.php 第 451 行.
NOTIC: [8] Undefined variable: vo C:\wamp64\www\hzaulab\Application\Runtime\Cache\Admin\b595b808c2ebeeeb0478ffc30bb4e87a.php 第 491 行.
NOTIC: [8] Undefined variable: data C:\wamp64\www\hzaulab\Application\Runtime\Cache\Admin\b595b808c2ebeeeb0478ffc30bb4e87a.php 第 546 行.
NOTIC: [8] Undefined variable: data C:\wamp64\www\hzaulab\Application\Runtime\Cache\Admin\b595b808c2ebeeeb0478ffc30bb4e87a.php 第 598 行.
NOTIC: [8] Undefined variable: data C:\wamp64\www\hzaulab\Application\Runtime\Cache\Admin\b595b808c2ebeeeb0478ffc30bb4e87a.php 第 648 行.
NOTIC: [8] Undefined variable: data C:\wamp64\www\hzaulab\Application\Runtime\Cache\Admin\b595b808c2ebeeeb0478ffc30bb4e87a.php 第 700 行.
INFO: Run Behavior\ParseTemplateBehavior [ RunTime:0.114493s ]
INFO: [ view_parse ] --END-- [ RunTime:0.114634s ]
INFO: [ view_filter ] --START--
INFO: Run Behavior\WriteHtmlCacheBehavior [ RunTime:0.000309s ]
INFO: [ view_filter ] --END-- [ RunTime:0.000482s ]
INFO: [ app_end ] --START--
INFO: Run Behavior\ShowPageTraceBehavior [ RunTime:0.000912s ]
INFO: [ app_end ] --END-- [ RunTime:0.001171s ]

[ 2017-08-11T15:44:53+08:00 ] ::1 /hzaulab/index.php/Admin/Regulation/regulation
INFO: [ app_init ] --START--
INFO: Run Behavior\BuildLiteBehavior [ RunTime:0.000031s ]
INFO: [ app_init ] --END-- [ RunTime:0.000601s ]
INFO: [ app_begin ] --START--
INFO: Run Behavior\ReadHtmlCacheBehavior [ RunTime:0.001014s ]
INFO: [ app_begin ] --END-- [ RunTime:0.001211s ]
INFO: [ view_parse ] --START--
INFO: [ template_filter ] --START--
INFO: Run Behavior\ContentReplaceBehavior [ RunTime:0.000441s ]
INFO: [ template_filter ] --END-- [ RunTime:0.000674s ]
NOTIC: [8] Undefined variable: data C:\wamp64\www\hzaulab\Application\Runtime\Cache\Admin\5129d628e5955e678fa3772f3b87d5a5.php 第 222 行.
NOTIC: [8] Undefined variable: data C:\wamp64\www\hzaulab\Application\Runtime\Cache\Admin\5129d628e5955e678fa3772f3b87d5a5.php 第 261 行.
NOTIC: [8] Undefined variable: data C:\wamp64\www\hzaulab\Application\Runtime\Cache\Admin\5129d628e5955e678fa3772f3b87d5a5.php 第 315 行.
INFO: Run Behavior\ParseTemplateBehavior [ RunTime:0.053385s ]
INFO: [ view_parse ] --END-- [ RunTime:0.053547s ]
INFO: [ view_filter ] --START--
INFO: Run Behavior\WriteHtmlCacheBehavior [ RunTime:0.000452s ]
INFO: [ view_filter ] --END-- [ RunTime:0.000592s ]
INFO: [ app_end ] --START--
INFO: Run Behavior\ShowPageTraceBehavior [ RunTime:0.001178s ]
INFO: [ app_end ] --END-- [ RunTime:0.001458s ]

[ 2017-08-11T15:45:02+08:00 ] ::1 /hzaulab/index.php/Admin/Regulation/
INFO: [ app_init ] --START--
INFO: Run Behavior\BuildLiteBehavior [ RunTime:0.000073s ]
INFO: [ app_init ] --END-- [ RunTime:0.000842s ]
INFO: [ app_begin ] --START--
INFO: Run Behavior\ReadHtmlCacheBehavior [ RunTime:0.000904s ]
INFO: [ app_begin ] --END-- [ RunTime:0.001088s ]
ERR: 模板不存在:./Application/Admin/View/Regulation/index.html

[ 2017-08-11T15:49:04+08:00 ] ::1 /hzaulab/index.php/Admin/Regulation/regulation
INFO: [ app_init ] --START--
INFO: Run Behavior\BuildLiteBehavior [ RunTime:0.000033s ]
INFO: [ app_init ] --END-- [ RunTime:0.000567s ]
INFO: [ app_begin ] --START--
INFO: Run Behavior\ReadHtmlCacheBehavior [ RunTime:0.000719s ]
INFO: [ app_begin ] --END-- [ RunTime:0.000875s ]
INFO: [ view_parse ] --START--
INFO: [ template_filter ] --START--
INFO: Run Behavior\ContentReplaceBehavior [ RunTime:0.000232s ]
INFO: [ template_filter ] --END-- [ RunTime:0.000376s ]
NOTIC: [8] Undefined variable: data C:\wamp64\www\hzaulab\Application\Runtime\Cache\Admin\5129d628e5955e678fa3772f3b87d5a5.php 第 224 行.
NOTIC: [8] Undefined variable: data C:\wamp64\www\hzaulab\Application\Runtime\Cache\Admin\5129d628e5955e678fa3772f3b87d5a5.php 第 263 行.
NOTIC: [8] Undefined variable: data C:\wamp64\www\hzaulab\Application\Runtime\Cache\Admin\5129d628e5955e678fa3772f3b87d5a5.php 第 317 行.
INFO: Run Behavior\ParseTemplateBehavior [ RunTime:0.028229s ]
INFO: [ view_parse ] --END-- [ RunTime:0.028413s ]
INFO: [ view_filter ] --START--
INFO: Run Behavior\WriteHtmlCacheBehavior [ RunTime:0.000392s ]
INFO: [ view_filter ] --END-- [ RunTime:0.000519s ]
INFO: [ app_end ] --START--
INFO: Run Behavior\ShowPageTraceBehavior [ RunTime:0.001154s ]
INFO: [ app_end ] --END-- [ RunTime:0.001409s ]

[ 2017-08-11T15:49:32+08:00 ] ::1 /hzaulab/index.php/Admin/Regulation/regulation
INFO: [ app_init ] --START--
INFO: Run Behavior\BuildLiteBehavior [ RunTime:0.000034s ]
INFO: [ app_init ] --END-- [ RunTime:0.000649s ]
INFO: [ app_begin ] --START--
INFO: Run Behavior\ReadHtmlCacheBehavior [ RunTime:0.000981s ]
INFO: [ app_begin ] --END-- [ RunTime:0.001235s ]
INFO: [ view_parse ] --START--
INFO: [ template_filter ] --START--
INFO: Run Behavior\ContentReplaceBehavior [ RunTime:0.000232s ]
INFO: [ template_filter ] --END-- [ RunTime:0.000373s ]
NOTIC: [8] Undefined variable: data C:\wamp64\www\hzaulab\Application\Runtime\Cache\Admin\5129d628e5955e678fa3772f3b87d5a5.php 第 224 行.
NOTIC: [8] Undefined variable: data C:\wamp64\www\hzaulab\Application\Runtime\Cache\Admin\5129d628e5955e678fa3772f3b87d5a5.php 第 263 行.
NOTIC: [8] Undefined variable: data C:\wamp64\www\hzaulab\Application\Runtime\Cache\Admin\5129d628e5955e678fa3772f3b87d5a5.php 第 317 行.
INFO: Run Behavior\ParseTemplateBehavior [ RunTime:0.028872s ]
INFO: [ view_parse ] --END-- [ RunTime:0.029049s ]
INFO: [ view_filter ] --START--
INFO: Run Behavior\WriteHtmlCacheBehavior [ RunTime:0.000447s ]
INFO: [ view_filter ] --END-- [ RunTime:0.000588s ]
INFO: [ app_end ] --START--
INFO: Run Behavior\ShowPageTraceBehavior [ RunTime:0.001144s ]
INFO: [ app_end ] --END-- [ RunTime:0.001411s ]

[ 2017-08-11T15:50:02+08:00 ] ::1 /hzaulab/index.php/Admin/Regulation/regulation
INFO: [ app_init ] --START--
INFO: Run Behavior\BuildLiteBehavior [ RunTime:0.000046s ]
INFO: [ app_init ] --END-- [ RunTime:0.000699s ]
INFO: [ app_begin ] --START--
INFO: Run Behavior\ReadHtmlCacheBehavior [ RunTime:0.000818s ]
INFO: [ app_begin ] --END-- [ RunTime:0.001062s ]
INFO: [ view_parse ] --START--
INFO: [ template_filter ] --START--
INFO: Run Behavior\ContentReplaceBehavior [ RunTime:0.000237s ]
INFO: [ template_filter ] --END-- [ RunTime:0.000397s ]
NOTIC: [8] Undefined variable: data C:\wamp64\www\hzaulab\Application\Runtime\Cache\Admin\5129d628e5955e678fa3772f3b87d5a5.php 第 224 行.
NOTIC: [8] Undefined variable: data C:\wamp64\www\hzaulab\Application\Runtime\Cache\Admin\5129d628e5955e678fa3772f3b87d5a5.php 第 263 行.
NOTIC: [8] Undefined variable: data C:\wamp64\www\hzaulab\Application\Runtime\Cache\Admin\5129d628e5955e678fa3772f3b87d5a5.php 第 317 行.
INFO: Run Behavior\ParseTemplateBehavior [ RunTime:0.046518s ]
INFO: [ view_parse ] --END-- [ RunTime:0.046719s ]
INFO: [ view_filter ] --START--
INFO: Run Behavior\WriteHtmlCacheBehavior [ RunTime:0.000309s ]
INFO: [ view_filter ] --END-- [ RunTime:0.000434s ]
INFO: [ app_end ] --START--
INFO: Run Behavior\ShowPageTraceBehavior [ RunTime:0.000954s ]
INFO: [ app_end ] --END-- [ RunTime:0.001239s ]

[ 2017-08-11T15:50:04+08:00 ] ::1 /hzaulab/index.php/Admin/Regulation/service
INFO: [ app_init ] --START--
INFO: Run Behavior\BuildLiteBehavior [ RunTime:0.000032s ]
INFO: [ app_init ] --END-- [ RunTime:0.000508s ]
INFO: [ app_begin ] --START--
INFO: Run Behavior\ReadHtmlCacheBehavior [ RunTime:0.000613s ]
INFO: [ app_begin ] --END-- [ RunTime:0.000767s ]
INFO: [ view_parse ] --START--
INFO: [ template_filter ] --START--
INFO: Run Behavior\ContentReplaceBehavior [ RunTime:0.000258s ]
INFO: [ template_filter ] --END-- [ RunTime:0.000416s ]
NOTIC: [8] Undefined variable: data C:\wamp64\www\hzaulab\Application\Runtime\Cache\Admin\4b03ab2113e3b87e1c70e64d4c6a2a6c.php 第 224 行.
NOTIC: [8] Undefined variable: data C:\wamp64\www\hzaulab\Application\Runtime\Cache\Admin\4b03ab2113e3b87e1c70e64d4c6a2a6c.php 第 263 行.
NOTIC: [8] Undefined variable: data C:\wamp64\www\hzaulab\Application\Runtime\Cache\Admin\4b03ab2113e3b87e1c70e64d4c6a2a6c.php 第 317 行.
INFO: Run Behavior\ParseTemplateBehavior [ RunTime:0.051810s ]
INFO: [ view_parse ] --END-- [ RunTime:0.051962s ]
INFO: [ view_filter ] --START--
INFO: Run Behavior\WriteHtmlCacheBehavior [ RunTime:0.000337s ]
INFO: [ view_filter ] --END-- [ RunTime:0.000542s ]
INFO: [ app_end ] --START--
INFO: Run Behavior\ShowPageTraceBehavior [ RunTime:0.001465s ]
INFO: [ app_end ] --END-- [ RunTime:0.001728s ]

[ 2017-08-11T15:50:06+08:00 ] ::1 /hzaulab/index.php/Admin/Regulation/download
INFO: [ app_init ] --START--
INFO: Run Behavior\BuildLiteBehavior [ RunTime:0.000028s ]
INFO: [ app_init ] --END-- [ RunTime:0.000461s ]
INFO: [ app_begin ] --START--
INFO: Run Behavior\ReadHtmlCacheBehavior [ RunTime:0.000786s ]
INFO: [ app_begin ] --END-- [ RunTime:0.000986s ]
INFO: [ view_parse ] --START--
INFO: [ template_filter ] --START--
INFO: Run Behavior\ContentReplaceBehavior [ RunTime:0.000241s ]
INFO: [ template_filter ] --END-- [ RunTime:0.000426s ]
NOTIC: [8] Undefined variable: data C:\wamp64\www\hzaulab\Application\Runtime\Cache\Admin\7ce04ec697d2b925cc94e7bd929364ed.php 第 224 行.
NOTIC: [8] Undefined variable: data C:\wamp64\www\hzaulab\Application\Runtime\Cache\Admin\7ce04ec697d2b925cc94e7bd929364ed.php 第 263 行.
NOTIC: [8] Undefined variable: data C:\wamp64\www\hzaulab\Application\Runtime\Cache\Admin\7ce04ec697d2b925cc94e7bd929364ed.php 第 317 行.
INFO: Run Behavior\ParseTemplateBehavior [ RunTime:0.048634s ]
INFO: [ view_parse ] --END-- [ RunTime:0.048773s ]
INFO: [ view_filter ] --START--
INFO: Run Behavior\WriteHtmlCacheBehavior [ RunTime:0.000306s ]
INFO: [ view_filter ] --END-- [ RunTime:0.000480s ]
INFO: [ app_end ] --START--
INFO: Run Behavior\ShowPageTraceBehavior [ RunTime:0.000832s ]
INFO: [ app_end ] --END-- [ RunTime:0.001037s ]

[ 2017-08-11T15:50:07+08:00 ] ::1 /hzaulab/index.php/Admin/Regulation/service
INFO: [ app_init ] --START--
INFO: Run Behavior\BuildLiteBehavior [ RunTime:0.000028s ]
INFO: [ app_init ] --END-- [ RunTime:0.000497s ]
INFO: [ app_begin ] --START--
INFO: Run Behavior\ReadHtmlCacheBehavior [ RunTime:0.000590s ]
INFO: [ app_begin ] --END-- [ RunTime:0.000728s ]
INFO: [ view_parse ] --START--
INFO: [ template_filter ] --START--
INFO: Run Behavior\ContentReplaceBehavior [ RunTime:0.000241s ]
INFO: [ template_filter ] --END-- [ RunTime:0.000384s ]
NOTIC: [8] Undefined variable: data C:\wamp64\www\hzaulab\Application\Runtime\Cache\Admin\4b03ab2113e3b87e1c70e64d4c6a2a6c.php 第 224 行.
NOTIC: [8] Undefined variable: data C:\wamp64\www\hzaulab\Application\Runtime\Cache\Admin\4b03ab2113e3b87e1c70e64d4c6a2a6c.php 第 263 行.
NOTIC: [8] Undefined variable: data C:\wamp64\www\hzaulab\Application\Runtime\Cache\Admin\4b03ab2113e3b87e1c70e64d4c6a2a6c.php 第 317 行.
INFO: Run Behavior\ParseTemplateBehavior [ RunTime:0.026130s ]
INFO: [ view_parse ] --END-- [ RunTime:0.026285s ]
INFO: [ view_filter ] --START--
INFO: Run Behavior\WriteHtmlCacheBehavior [ RunTime:0.000298s ]
INFO: [ view_filter ] --END-- [ RunTime:0.000424s ]
INFO: [ app_end ] --START--
INFO: Run Behavior\ShowPageTraceBehavior [ RunTime:0.000720s ]
INFO: [ app_end ] --END-- [ RunTime:0.000950s ]

[ 2017-08-11T15:50:16+08:00 ] ::1 /hzaulab/index.php/Admin/Regulation/service
INFO: [ app_init ] --START--
INFO: Run Behavior\BuildLiteBehavior [ RunTime:0.000033s ]
INFO: [ app_init ] --END-- [ RunTime:0.000526s ]
INFO: [ app_begin ] --START--
INFO: Run Behavior\ReadHtmlCacheBehavior [ RunTime:0.000636s ]
INFO: [ app_begin ] --END-- [ RunTime:0.000795s ]
INFO: [ view_parse ] --START--
INFO: [ template_filter ] --START--
INFO: Run Behavior\ContentReplaceBehavior [ RunTime:0.000354s ]
INFO: [ template_filter ] --END-- [ RunTime:0.000580s ]
NOTIC: [8] Undefined variable: data C:\wamp64\www\hzaulab\Application\Runtime\Cache\Admin\4b03ab2113e3b87e1c70e64d4c6a2a6c.php 第 224 行.
NOTIC: [8] Undefined variable: data C:\wamp64\www\hzaulab\Application\Runtime\Cache\Admin\4b03ab2113e3b87e1c70e64d4c6a2a6c.php 第 263 行.
NOTIC: [8] Undefined variable: data C:\wamp64\www\hzaulab\Application\Runtime\Cache\Admin\4b03ab2113e3b87e1c70e64d4c6a2a6c.php 第 317 行.
INFO: Run Behavior\ParseTemplateBehavior [ RunTime:0.052001s ]
INFO: [ view_parse ] --END-- [ RunTime:0.052148s ]
INFO: [ view_filter ] --START--
INFO: Run Behavior\WriteHtmlCacheBehavior [ RunTime:0.000302s ]
INFO: [ view_filter ] --END-- [ RunTime:0.000427s ]
INFO: [ app_end ] --START--
INFO: Run Behavior\ShowPageTraceBehavior [ RunTime:0.002096s ]
INFO: [ app_end ] --END-- [ RunTime:0.002741s ]

[ 2017-08-11T15:50:40+08:00 ] ::1 /hzaulab/index.php/Admin/Regulation/service
INFO: [ app_init ] --START--
INFO: Run Behavior\BuildLiteBehavior [ RunTime:0.000034s ]
INFO: [ app_init ] --END-- [ RunTime:0.000564s ]
INFO: [ app_begin ] --START--
INFO: Run Behavior\ReadHtmlCacheBehavior [ RunTime:0.000632s ]
INFO: [ app_begin ] --END-- [ RunTime:0.000789s ]
INFO: [ view_parse ] --START--
INFO: [ template_filter ] --START--
INFO: Run Behavior\ContentReplaceBehavior [ RunTime:0.000362s ]
INFO: [ template_filter ] --END-- [ RunTime:0.000599s ]
NOTIC: [8] Undefined variable: data C:\wamp64\www\hzaulab\Application\Runtime\Cache\Admin\4b03ab2113e3b87e1c70e64d4c6a2a6c.php 第 224 行.
NOTIC: [8] Undefined variable: data C:\wamp64\www\hzaulab\Application\Runtime\Cache\Admin\4b03ab2113e3b87e1c70e64d4c6a2a6c.php 第 263 行.
NOTIC: [8] Undefined variable: data C:\wamp64\www\hzaulab\Application\Runtime\Cache\Admin\4b03ab2113e3b87e1c70e64d4c6a2a6c.php 第 317 行.
INFO: Run Behavior\ParseTemplateBehavior [ RunTime:0.031556s ]
INFO: [ view_parse ] --END-- [ RunTime:0.031710s ]
INFO: [ view_filter ] --START--
INFO: Run Behavior\WriteHtmlCacheBehavior [ RunTime:0.000626s ]
INFO: [ view_filter ] --END-- [ RunTime:0.000856s ]
INFO: [ app_end ] --START--
INFO: Run Behavior\ShowPageTraceBehavior [ RunTime:0.001162s ]
INFO: [ app_end ] --END-- [ RunTime:0.001437s ]

[ 2017-08-11T15:50:42+08:00 ] ::1 /hzaulab/index.php/Admin/Regulation/download
INFO: [ app_init ] --START--
INFO: Run Behavior\BuildLiteBehavior [ RunTime:0.000040s ]
INFO: [ app_init ] --END-- [ RunTime:0.000522s ]
INFO: [ app_begin ] --START--
INFO: Run Behavior\ReadHtmlCacheBehavior [ RunTime:0.000635s ]
INFO: [ app_begin ] --END-- [ RunTime:0.000786s ]
INFO: [ view_parse ] --START--
INFO: [ template_filter ] --START--
INFO: Run Behavior\ContentReplaceBehavior [ RunTime:0.000432s ]
INFO: [ template_filter ] --END-- [ RunTime:0.000704s ]
NOTIC: [8] Undefined variable: data C:\wamp64\www\hzaulab\Application\Runtime\Cache\Admin\7ce04ec697d2b925cc94e7bd929364ed.php 第 224 行.
NOTIC: [8] Undefined variable: data C:\wamp64\www\hzaulab\Application\Runtime\Cache\Admin\7ce04ec697d2b925cc94e7bd929364ed.php 第 263 行.
NOTIC: [8] Undefined variable: data C:\wamp64\www\hzaulab\Application\Runtime\Cache\Admin\7ce04ec697d2b925cc94e7bd929364ed.php 第 317 行.
INFO: Run Behavior\ParseTemplateBehavior [ RunTime:0.029673s ]
INFO: [ view_parse ] --END-- [ RunTime:0.029867s ]
INFO: [ view_filter ] --START--
INFO: Run Behavior\WriteHtmlCacheBehavior [ RunTime:0.000345s ]
INFO: [ view_filter ] --END-- [ RunTime:0.000495s ]
INFO: [ app_end ] --START--
INFO: Run Behavior\ShowPageTraceBehavior [ RunTime:0.001076s ]
INFO: [ app_end ] --END-- [ RunTime:0.001364s ]

[ 2017-08-11T15:52:09+08:00 ] ::1 /hzaulab/index.php/Admin/Regulation/service
INFO: [ app_init ] --START--
INFO: Run Behavior\BuildLiteBehavior [ RunTime:0.000028s ]
INFO: [ app_init ] --END-- [ RunTime:0.000507s ]
INFO: [ app_begin ] --START--
INFO: Run Behavior\ReadHtmlCacheBehavior [ RunTime:0.000559s ]
INFO: [ app_begin ] --END-- [ RunTime:0.000695s ]
INFO: [ view_parse ] --START--
INFO: [ template_filter ] --START--
INFO: Run Behavior\ContentReplaceBehavior [ RunTime:0.000236s ]
INFO: [ template_filter ] --END-- [ RunTime:0.000380s ]
NOTIC: [8] Undefined variable: data C:\wamp64\www\hzaulab\Application\Runtime\Cache\Admin\4b03ab2113e3b87e1c70e64d4c6a2a6c.php 第 224 行.
NOTIC: [8] Undefined variable: data C:\wamp64\www\hzaulab\Application\Runtime\Cache\Admin\4b03ab2113e3b87e1c70e64d4c6a2a6c.php 第 263 行.
NOTIC: [8] Undefined variable: data C:\wamp64\www\hzaulab\Application\Runtime\Cache\Admin\4b03ab2113e3b87e1c70e64d4c6a2a6c.php 第 317 行.
INFO: Run Behavior\ParseTemplateBehavior [ RunTime:0.019209s ]
INFO: [ view_parse ] --END-- [ RunTime:0.019346s ]
INFO: [ view_filter ] --START--
INFO: Run Behavior\WriteHtmlCacheBehavior [ RunTime:0.000300s ]
INFO: [ view_filter ] --END-- [ RunTime:0.000427s ]
INFO: [ app_end ] --START--
INFO: Run Behavior\ShowPageTraceBehavior [ RunTime:0.001251s ]
INFO: [ app_end ] --END-- [ RunTime:0.001568s ]

[ 2017-08-11T15:52:41+08:00 ] ::1 /hzaulab/index.php/Admin/Regulation/download
INFO: [ app_init ] --START--
INFO: Run Behavior\BuildLiteBehavior [ RunTime:0.000036s ]
INFO: [ app_init ] --END-- [ RunTime:0.000687s ]
INFO: [ app_begin ] --START--
INFO: Run Behavior\ReadHtmlCacheBehavior [ RunTime:0.001124s ]
INFO: [ app_begin ] --END-- [ RunTime:0.001406s ]
INFO: [ view_parse ] --START--
INFO: [ template_filter ] --START--
INFO: Run Behavior\ContentReplaceBehavior [ RunTime:0.000435s ]
INFO: [ template_filter ] --END-- [ RunTime:0.000669s ]
NOTIC: [8] Undefined variable: data C:\wamp64\www\hzaulab\Application\Runtime\Cache\Admin\7ce04ec697d2b925cc94e7bd929364ed.php 第 224 行.
NOTIC: [8] Undefined variable: data C:\wamp64\www\hzaulab\Application\Runtime\Cache\Admin\7ce04ec697d2b925cc94e7bd929364ed.php 第 263 行.
NOTIC: [8] Undefined variable: data C:\wamp64\www\hzaulab\Application\Runtime\Cache\Admin\7ce04ec697d2b925cc94e7bd929364ed.php 第 317 行.
INFO: Run Behavior\ParseTemplateBehavior [ RunTime:0.020191s ]
INFO: [ view_parse ] --END-- [ RunTime:0.020474s ]
INFO: [ view_filter ] --START--
INFO: Run Behavior\WriteHtmlCacheBehavior [ RunTime:0.000530s ]
INFO: [ view_filter ] --END-- [ RunTime:0.000756s ]
INFO: [ app_end ] --START--
INFO: Run Behavior\ShowPageTraceBehavior [ RunTime:0.001162s ]
INFO: [ app_end ] --END-- [ RunTime:0.001453s ]

[ 2017-08-11T15:52:48+08:00 ] ::1 /hzaulab/index.php/Admin/Regulation/regulation
INFO: [ app_init ] --START--
INFO: Run Behavior\BuildLiteBehavior [ RunTime:0.000030s ]
INFO: [ app_init ] --END-- [ RunTime:0.000495s ]
INFO: [ app_begin ] --START--
INFO: Run Behavior\ReadHtmlCacheBehavior [ RunTime:0.000502s ]
INFO: [ app_begin ] --END-- [ RunTime:0.000638s ]
INFO: [ view_parse ] --START--
INFO: [ template_filter ] --START--
INFO: Run Behavior\ContentReplaceBehavior [ RunTime:0.000236s ]
INFO: [ template_filter ] --END-- [ RunTime:0.000406s ]
NOTIC: [8] Undefined variable: data C:\wamp64\www\hzaulab\Application\Runtime\Cache\Admin\5129d628e5955e678fa3772f3b87d5a5.php 第 224 行.
NOTIC: [8] Undefined variable: data C:\wamp64\www\hzaulab\Application\Runtime\Cache\Admin\5129d628e5955e678fa3772f3b87d5a5.php 第 263 行.
NOTIC: [8] Undefined variable: data C:\wamp64\www\hzaulab\Application\Runtime\Cache\Admin\5129d628e5955e678fa3772f3b87d5a5.php 第 317 行.
INFO: Run Behavior\ParseTemplateBehavior [ RunTime:0.017366s ]
INFO: [ view_parse ] --END-- [ RunTime:0.017503s ]
INFO: [ view_filter ] --START--
INFO: Run Behavior\WriteHtmlCacheBehavior [ RunTime:0.000317s ]
INFO: [ view_filter ] --END-- [ RunTime:0.000486s ]
INFO: [ app_end ] --START--
INFO: Run Behavior\ShowPageTraceBehavior [ RunTime:0.001356s ]
INFO: [ app_end ] --END-- [ RunTime:0.001732s ]

[ 2017-08-11T15:52:50+08:00 ] ::1 /hzaulab/index.php/Admin/Regulation/service
INFO: [ app_init ] --START--
INFO: Run Behavior\BuildLiteBehavior [ RunTime:0.000047s ]
INFO: [ app_init ] --END-- [ RunTime:0.000804s ]
INFO: [ app_begin ] --START--
INFO: Run Behavior\ReadHtmlCacheBehavior [ RunTime:0.000578s ]
INFO: [ app_begin ] --END-- [ RunTime:0.000745s ]
INFO: [ view_parse ] --START--
INFO: [ template_filter ] --START--
INFO: Run Behavior\ContentReplaceBehavior [ RunTime:0.000376s ]
INFO: [ template_filter ] --END-- [ RunTime:0.000584s ]
NOTIC: [8] Undefined variable: data C:\wamp64\www\hzaulab\Application\Runtime\Cache\Admin\4b03ab2113e3b87e1c70e64d4c6a2a6c.php 第 224 行.
NOTIC: [8] Undefined variable: data C:\wamp64\www\hzaulab\Application\Runtime\Cache\Admin\4b03ab2113e3b87e1c70e64d4c6a2a6c.php 第 263 行.
NOTIC: [8] Undefined variable: data C:\wamp64\www\hzaulab\Application\Runtime\Cache\Admin\4b03ab2113e3b87e1c70e64d4c6a2a6c.php 第 317 行.
INFO: Run Behavior\ParseTemplateBehavior [ RunTime:0.024622s ]
INFO: [ view_parse ] --END-- [ RunTime:0.024792s ]
INFO: [ view_filter ] --START--
INFO: Run Behavior\WriteHtmlCacheBehavior [ RunTime:0.000401s ]
INFO: [ view_filter ] --END-- [ RunTime:0.000573s ]
INFO: [ app_end ] --START--
INFO: Run Behavior\ShowPageTraceBehavior [ RunTime:0.000954s ]
INFO: [ app_end ] --END-- [ RunTime:0.001218s ]

[ 2017-08-11T15:52:57+08:00 ] ::1 /hzaulab/index.php/Admin/Regulation/regulation
INFO: [ app_init ] --START--
INFO: Run Behavior\BuildLiteBehavior [ RunTime:0.000028s ]
INFO: [ app_init ] --END-- [ RunTime:0.000514s ]
INFO: [ app_begin ] --START--
INFO: Run Behavior\ReadHtmlCacheBehavior [ RunTime:0.000604s ]
INFO: [ app_begin ] --END-- [ RunTime:0.000751s ]
INFO: [ view_parse ] --START--
INFO: [ template_filter ] --START--
INFO: Run Behavior\ContentReplaceBehavior [ RunTime:0.000255s ]
INFO: [ template_filter ] --END-- [ RunTime:0.000416s ]
NOTIC: [8] Undefined variable: data C:\wamp64\www\hzaulab\Application\Runtime\Cache\Admin\5129d628e5955e678fa3772f3b87d5a5.php 第 224 行.
NOTIC: [8] Undefined variable: data C:\wamp64\www\hzaulab\Application\Runtime\Cache\Admin\5129d628e5955e678fa3772f3b87d5a5.php 第 263 行.
NOTIC: [8] Undefined variable: data C:\wamp64\www\hzaulab\Application\Runtime\Cache\Admin\5129d628e5955e678fa3772f3b87d5a5.php 第 317 行.
INFO: Run Behavior\ParseTemplateBehavior [ RunTime:0.018258s ]
INFO: [ view_parse ] --END-- [ RunTime:0.018394s ]
INFO: [ view_filter ] --START--
INFO: Run Behavior\WriteHtmlCacheBehavior [ RunTime:0.000428s ]
INFO: [ view_filter ] --END-- [ RunTime:0.000578s ]
INFO: [ app_end ] --START--
INFO: Run Behavior\ShowPageTraceBehavior [ RunTime:0.001120s ]
INFO: [ app_end ] --END-- [ RunTime:0.001388s ]

[ 2017-08-11T15:53:14+08:00 ] ::1 /hzaulab/index.php/Admin/Regulation/
INFO: [ app_init ] --START--
INFO: Run Behavior\BuildLiteBehavior [ RunTime:0.000029s ]
INFO: [ app_init ] --END-- [ RunTime:0.000505s ]
INFO: [ app_begin ] --START--
INFO: Run Behavior\ReadHtmlCacheBehavior [ RunTime:0.000666s ]
INFO: [ app_begin ] --END-- [ RunTime:0.000804s ]
ERR: 模板不存在:./Application/Admin/View/Regulation/index.html

[ 2017-08-11T15:53:47+08:00 ] ::1 /hzaulab/index.php/Admin/Laboratory/publiclab
INFO: [ app_init ] --START--
INFO: Run Behavior\BuildLiteBehavior [ RunTime:0.000029s ]
INFO: [ app_init ] --END-- [ RunTime:0.000575s ]
INFO: [ app_begin ] --START--
INFO: Run Behavior\ReadHtmlCacheBehavior [ RunTime:0.000624s ]
INFO: [ app_begin ] --END-- [ RunTime:0.000807s ]
INFO: [ view_parse ] --START--
INFO: [ template_filter ] --START--
INFO: Run Behavior\ContentReplaceBehavior [ RunTime:0.000277s ]
INFO: [ template_filter ] --END-- [ RunTime:0.000501s ]
NOTIC: [8] Undefined variable: data C:\wamp64\www\hzaulab\Application\Runtime\Cache\Admin\2be2b9b48a759ccf13250a0648e621ce.php 第 224 行.
NOTIC: [8] Undefined variable: data C:\wamp64\www\hzaulab\Application\Runtime\Cache\Admin\2be2b9b48a759ccf13250a0648e621ce.php 第 263 行.
NOTIC: [8] Undefined variable: data C:\wamp64\www\hzaulab\Application\Runtime\Cache\Admin\2be2b9b48a759ccf13250a0648e621ce.php 第 317 行.
INFO: Run Behavior\ParseTemplateBehavior [ RunTime:0.079107s ]
INFO: [ view_parse ] --END-- [ RunTime:0.079271s ]
INFO: [ view_filter ] --START--
INFO: Run Behavior\WriteHtmlCacheBehavior [ RunTime:0.000392s ]
INFO: [ view_filter ] --END-- [ RunTime:0.000537s ]
INFO: [ app_end ] --START--
INFO: Run Behavior\ShowPageTraceBehavior [ RunTime:0.001171s ]
INFO: [ app_end ] --END-- [ RunTime:0.001431s ]

[ 2017-08-11T15:55:44+08:00 ] ::1 /hzaulab/index.php/Admin/Room/LightCultureRoom
INFO: [ app_init ] --START--
INFO: Run Behavior\BuildLiteBehavior [ RunTime:0.000060s ]
INFO: [ app_init ] --END-- [ RunTime:0.000747s ]
INFO: [ app_begin ] --START--
INFO: Run Behavior\ReadHtmlCacheBehavior [ RunTime:0.000879s ]
INFO: [ app_begin ] --END-- [ RunTime:0.001182s ]
INFO: [ view_parse ] --START--
INFO: [ template_filter ] --START--
INFO: Run Behavior\ContentReplaceBehavior [ RunTime:0.000250s ]
INFO: [ template_filter ] --END-- [ RunTime:0.000416s ]
INFO: Run Behavior\ParseTemplateBehavior [ RunTime:0.036638s ]
INFO: [ view_parse ] --END-- [ RunTime:0.036802s ]
INFO: [ view_filter ] --START--
INFO: Run Behavior\WriteHtmlCacheBehavior [ RunTime:0.000303s ]
INFO: [ view_filter ] --END-- [ RunTime:0.000430s ]
INFO: [ app_end ] --START--
INFO: Run Behavior\ShowPageTraceBehavior [ RunTime:0.000974s ]
INFO: [ app_end ] --END-- [ RunTime:0.001233s ]

[ 2017-08-11T15:55:46+08:00 ] ::1 /hzaulab/index.php/Admin/Room/WimbledonRoom
INFO: [ app_init ] --START--
INFO: Run Behavior\BuildLiteBehavior [ RunTime:0.000029s ]
INFO: [ app_init ] --END-- [ RunTime:0.000497s ]
INFO: [ app_begin ] --START--
INFO: Run Behavior\ReadHtmlCacheBehavior [ RunTime:0.000555s ]
INFO: [ app_begin ] --END-- [ RunTime:0.000692s ]
INFO: [ view_parse ] --START--
INFO: [ template_filter ] --START--
INFO: Run Behavior\ContentReplaceBehavior [ RunTime:0.000247s ]
INFO: [ template_filter ] --END-- [ RunTime:0.000397s ]
INFO: Run Behavior\ParseTemplateBehavior [ RunTime:0.038512s ]
INFO: [ view_parse ] --END-- [ RunTime:0.038688s ]
INFO: [ view_filter ] --START--
INFO: Run Behavior\WriteHtmlCacheBehavior [ RunTime:0.000303s ]
INFO: [ view_filter ] --END-- [ RunTime:0.000429s ]
INFO: [ app_end ] --START--
INFO: Run Behavior\ShowPageTraceBehavior [ RunTime:0.000979s ]
INFO: [ app_end ] --END-- [ RunTime:0.001250s ]

[ 2017-08-11T15:55:53+08:00 ] ::1 /hzaulab/index.php/Admin/Field/OpenPot
INFO: [ app_init ] --START--
INFO: Run Behavior\BuildLiteBehavior [ RunTime:0.000050s ]
INFO: [ app_init ] --END-- [ RunTime:0.000864s ]
INFO: [ app_begin ] --START--
INFO: Run Behavior\ReadHtmlCacheBehavior [ RunTime:0.001241s ]
INFO: [ app_begin ] --END-- [ RunTime:0.001532s ]
INFO: [ view_parse ] --START--
INFO: [ template_filter ] --START--
INFO: Run Behavior\ContentReplaceBehavior [ RunTime:0.000285s ]
INFO: [ template_filter ] --END-- [ RunTime:0.000578s ]
INFO: Run Behavior\ParseTemplateBehavior [ RunTime:0.036004s ]
INFO: [ view_parse ] --END-- [ RunTime:0.036206s ]
INFO: [ view_filter ] --START--
INFO: Run Behavior\WriteHtmlCacheBehavior [ RunTime:0.000407s ]
INFO: [ view_filter ] --END-- [ RunTime:0.000552s ]
INFO: [ app_end ] --START--
INFO: Run Behavior\ShowPageTraceBehavior [ RunTime:0.001185s ]
INFO: [ app_end ] --END-- [ RunTime:0.001443s ]

[ 2017-08-11T15:55:57+08:00 ] ::1 /hzaulab/index.php/Admin/Field/field
INFO: [ app_init ] --START--
INFO: Run Behavior\BuildLiteBehavior [ RunTime:0.000029s ]
INFO: [ app_init ] --END-- [ RunTime:0.000531s ]
INFO: [ app_begin ] --START--
INFO: Run Behavior\ReadHtmlCacheBehavior [ RunTime:0.000837s ]
INFO: [ app_begin ] --END-- [ RunTime:0.001052s ]
INFO: [ view_parse ] --START--
INFO: [ template_filter ] --START--
INFO: Run Behavior\ContentReplaceBehavior [ RunTime:0.000196s ]
INFO: [ template_filter ] --END-- [ RunTime:0.000414s ]
NOTIC: [8] Undefined variable: data C:\wamp64\www\hzaulab\Application\Runtime\Cache\Admin\c45b88ff4f9422991af560e1f2d8931c.php 第 195 行.
INFO: Run Behavior\ParseTemplateBehavior [ RunTime:0.035234s ]
INFO: [ view_parse ] --END-- [ RunTime:0.035380s ]
INFO: [ view_filter ] --START--
INFO: Run Behavior\WriteHtmlCacheBehavior [ RunTime:0.000349s ]
INFO: [ view_filter ] --END-- [ RunTime:0.000476s ]
INFO: [ app_end ] --START--
INFO: Run Behavior\ShowPageTraceBehavior [ RunTime:0.001045s ]
INFO: [ app_end ] --END-- [ RunTime:0.001331s ]

[ 2017-08-11T15:55:59+08:00 ] ::1 /hzaulab/index.php/Admin/Field/OpenPot
INFO: [ app_init ] --START--
INFO: Run Behavior\BuildLiteBehavior [ RunTime:0.000034s ]
INFO: [ app_init ] --END-- [ RunTime:0.000624s ]
INFO: [ app_begin ] --START--
INFO: Run Behavior\ReadHtmlCacheBehavior [ RunTime:0.000758s ]
INFO: [ app_begin ] --END-- [ RunTime:0.000962s ]
INFO: [ view_parse ] --START--
INFO: [ template_filter ] --START--
INFO: Run Behavior\ContentReplaceBehavior [ RunTime:0.000171s ]
INFO: [ template_filter ] --END-- [ RunTime:0.000331s ]
INFO: Run Behavior\ParseTemplateBehavior [ RunTime:0.015884s ]
INFO: [ view_parse ] --END-- [ RunTime:0.016053s ]
INFO: [ view_filter ] --START--
INFO: Run Behavior\WriteHtmlCacheBehavior [ RunTime:0.000303s ]
INFO: [ view_filter ] --END-- [ RunTime:0.000430s ]
INFO: [ app_end ] --START--
INFO: Run Behavior\ShowPageTraceBehavior [ RunTime:0.000910s ]
INFO: [ app_end ] --END-- [ RunTime:0.001162s ]

